{"D:\\Dev\\FootballFever\\src\\core\\fsm\\FlowController.ts": {"path":"D:\\Dev\\FootballFever\\src\\core\\fsm\\FlowController.ts","all":false,"statementMap":{"0":{"start":{"line":1,"column":0},"end":{"line":1,"column":40}},"7":{"start":{"line":8,"column":0},"end":{"line":8,"column":29}},"8":{"start":{"line":9,"column":0},"end":{"line":9,"column":53}},"9":{"start":{"line":10,"column":0},"end":{"line":10,"column":66}},"10":{"start":{"line":11,"column":0},"end":{"line":11,"column":70}},"12":{"start":{"line":13,"column":0},"end":{"line":13,"column":59}},"13":{"start":{"line":14,"column":0},"end":{"line":14,"column":41}},"14":{"start":{"line":15,"column":0},"end":{"line":15,"column":5}},"16":{"start":{"line":17,"column":0},"end":{"line":17,"column":41}},"17":{"start":{"line":18,"column":0},"end":{"line":18,"column":33}},"18":{"start":{"line":19,"column":0},"end":{"line":19,"column":5}},"20":{"start":{"line":21,"column":0},"end":{"line":21,"column":80}},"21":{"start":{"line":22,"column":0},"end":{"line":22,"column":63}},"22":{"start":{"line":23,"column":0},"end":{"line":23,"column":32}},"23":{"start":{"line":24,"column":0},"end":{"line":24,"column":50}},"24":{"start":{"line":25,"column":0},"end":{"line":25,"column":5}},"26":{"start":{"line":27,"column":0},"end":{"line":27,"column":73}},"27":{"start":{"line":28,"column":0},"end":{"line":28,"column":38}},"28":{"start":{"line":29,"column":0},"end":{"line":29,"column":5}},"30":{"start":{"line":31,"column":0},"end":{"line":31,"column":102}},"31":{"start":{"line":32,"column":0},"end":{"line":32,"column":48}},"32":{"start":{"line":33,"column":0},"end":{"line":33,"column":37}},"33":{"start":{"line":34,"column":0},"end":{"line":34,"column":9}},"35":{"start":{"line":36,"column":0},"end":{"line":36,"column":63}},"36":{"start":{"line":37,"column":0},"end":{"line":37,"column":42}},"37":{"start":{"line":38,"column":0},"end":{"line":38,"column":73}},"38":{"start":{"line":39,"column":0},"end":{"line":39,"column":33}},"39":{"start":{"line":40,"column":0},"end":{"line":40,"column":25}},"40":{"start":{"line":41,"column":0},"end":{"line":41,"column":36}},"41":{"start":{"line":42,"column":0},"end":{"line":42,"column":98}},"42":{"start":{"line":43,"column":0},"end":{"line":43,"column":18}},"43":{"start":{"line":44,"column":0},"end":{"line":44,"column":13}},"44":{"start":{"line":45,"column":0},"end":{"line":45,"column":9}},"46":{"start":{"line":47,"column":0},"end":{"line":47,"column":40}},"48":{"start":{"line":49,"column":0},"end":{"line":49,"column":33}},"49":{"start":{"line":50,"column":0},"end":{"line":50,"column":50}},"50":{"start":{"line":51,"column":0},"end":{"line":51,"column":9}},"52":{"start":{"line":53,"column":0},"end":{"line":53,"column":33}},"53":{"start":{"line":54,"column":0},"end":{"line":54,"column":5}},"54":{"start":{"line":55,"column":0},"end":{"line":55,"column":1}}},"s":{"0":1,"7":1,"8":9,"9":9,"10":9,"12":9,"13":9,"14":9,"16":9,"17":4,"18":4,"20":9,"21":4,"22":4,"23":4,"24":4,"26":9,"27":5,"28":5,"30":9,"31":8,"32":0,"33":0,"35":8,"36":8,"37":4,"38":4,"39":3,"40":3,"41":3,"42":3,"43":3,"44":4,"46":5,"48":6,"49":3,"50":3,"52":5,"53":8,"54":9},"branchMap":{"0":{"type":"branch","line":8,"loc":{"start":{"line":8,"column":28},"end":{"line":55,"column":1}},"locations":[{"start":{"line":8,"column":28},"end":{"line":55,"column":1}}]},"1":{"type":"branch","line":13,"loc":{"start":{"line":13,"column":4},"end":{"line":15,"column":5}},"locations":[{"start":{"line":13,"column":4},"end":{"line":15,"column":5}}]},"2":{"type":"branch","line":17,"loc":{"start":{"line":17,"column":11},"end":{"line":19,"column":5}},"locations":[{"start":{"line":17,"column":11},"end":{"line":19,"column":5}}]},"3":{"type":"branch","line":21,"loc":{"start":{"line":21,"column":11},"end":{"line":25,"column":5}},"locations":[{"start":{"line":21,"column":11},"end":{"line":25,"column":5}}]},"4":{"type":"branch","line":27,"loc":{"start":{"line":27,"column":11},"end":{"line":29,"column":5}},"locations":[{"start":{"line":27,"column":11},"end":{"line":29,"column":5}}]},"5":{"type":"branch","line":31,"loc":{"start":{"line":31,"column":4},"end":{"line":54,"column":5}},"locations":[{"start":{"line":31,"column":4},"end":{"line":54,"column":5}}]},"6":{"type":"branch","line":32,"loc":{"start":{"line":32,"column":47},"end":{"line":34,"column":9}},"locations":[{"start":{"line":32,"column":47},"end":{"line":34,"column":9}}]},"7":{"type":"branch","line":36,"loc":{"start":{"line":36,"column":55},"end":{"line":36,"column":63}},"locations":[{"start":{"line":36,"column":55},"end":{"line":36,"column":63}}]},"8":{"type":"branch","line":37,"loc":{"start":{"line":37,"column":41},"end":{"line":53,"column":33}},"locations":[{"start":{"line":37,"column":41},"end":{"line":53,"column":33}}]},"9":{"type":"branch","line":37,"loc":{"start":{"line":37,"column":41},"end":{"line":45,"column":9}},"locations":[{"start":{"line":37,"column":41},"end":{"line":45,"column":9}}]},"10":{"type":"branch","line":39,"loc":{"start":{"line":39,"column":32},"end":{"line":44,"column":13}},"locations":[{"start":{"line":39,"column":32},"end":{"line":44,"column":13}}]},"11":{"type":"branch","line":42,"loc":{"start":{"line":42,"column":33},"end":{"line":42,"column":98}},"locations":[{"start":{"line":42,"column":33},"end":{"line":42,"column":98}}]},"12":{"type":"branch","line":45,"loc":{"start":{"line":45,"column":8},"end":{"line":53,"column":33}},"locations":[{"start":{"line":45,"column":8},"end":{"line":53,"column":33}}]},"13":{"type":"branch","line":45,"loc":{"start":{"line":45,"column":8},"end":{"line":49,"column":32}},"locations":[{"start":{"line":45,"column":8},"end":{"line":49,"column":32}}]},"14":{"type":"branch","line":49,"loc":{"start":{"line":49,"column":32},"end":{"line":51,"column":9}},"locations":[{"start":{"line":49,"column":32},"end":{"line":51,"column":9}}]},"15":{"type":"branch","line":51,"loc":{"start":{"line":51,"column":8},"end":{"line":53,"column":33}},"locations":[{"start":{"line":51,"column":8},"end":{"line":53,"column":33}}]}},"b":{"0":[9],"1":[9],"2":[4],"3":[4],"4":[5],"5":[8],"6":[0],"7":[4],"8":[7],"9":[4],"10":[3],"11":[1],"12":[6],"13":[5],"14":[3],"15":[5]},"fnMap":{"0":{"name":"<instance_members_initializer>","decl":{"start":{"line":8,"column":28},"end":{"line":55,"column":1}},"loc":{"start":{"line":8,"column":28},"end":{"line":55,"column":1}},"line":8},"1":{"name":"FlowController","decl":{"start":{"line":13,"column":4},"end":{"line":15,"column":5}},"loc":{"start":{"line":13,"column":4},"end":{"line":15,"column":5}},"line":13},"2":{"name":"getCurrentState","decl":{"start":{"line":17,"column":11},"end":{"line":19,"column":5}},"loc":{"start":{"line":17,"column":11},"end":{"line":19,"column":5}},"line":17},"3":{"name":"registerGuard","decl":{"start":{"line":21,"column":11},"end":{"line":25,"column":5}},"loc":{"start":{"line":21,"column":11},"end":{"line":25,"column":5}},"line":21},"4":{"name":"setOnStateChange","decl":{"start":{"line":27,"column":11},"end":{"line":29,"column":5}},"loc":{"start":{"line":27,"column":11},"end":{"line":29,"column":5}},"line":27},"5":{"name":"transitionTo","decl":{"start":{"line":31,"column":4},"end":{"line":54,"column":5}},"loc":{"start":{"line":31,"column":4},"end":{"line":54,"column":5}},"line":31}},"f":{"0":9,"1":9,"2":4,"3":4,"4":5,"5":8}}
,"D:\\Dev\\FootballFever\\src\\core\\fsm\\FlowService.ts": {"path":"D:\\Dev\\FootballFever\\src\\core\\fsm\\FlowService.ts","all":false,"statementMap":{"0":{"start":{"line":1,"column":0},"end":{"line":1,"column":50}},"5":{"start":{"line":6,"column":0},"end":{"line":6,"column":26}},"6":{"start":{"line":7,"column":0},"end":{"line":7,"column":41}},"7":{"start":{"line":8,"column":0},"end":{"line":8,"column":39}},"8":{"start":{"line":9,"column":0},"end":{"line":9,"column":49}},"10":{"start":{"line":11,"column":0},"end":{"line":11,"column":27}},"11":{"start":{"line":12,"column":0},"end":{"line":12,"column":67}},"12":{"start":{"line":13,"column":0},"end":{"line":13,"column":60}},"14":{"start":{"line":15,"column":0},"end":{"line":15,"column":53}},"15":{"start":{"line":16,"column":0},"end":{"line":16,"column":56}},"16":{"start":{"line":17,"column":0},"end":{"line":17,"column":85}},"17":{"start":{"line":18,"column":0},"end":{"line":18,"column":11}},"18":{"start":{"line":19,"column":0},"end":{"line":19,"column":5}},"20":{"start":{"line":21,"column":0},"end":{"line":21,"column":46}},"21":{"start":{"line":22,"column":0},"end":{"line":22,"column":36}},"22":{"start":{"line":23,"column":0},"end":{"line":23,"column":53}},"23":{"start":{"line":24,"column":0},"end":{"line":24,"column":9}},"24":{"start":{"line":25,"column":0},"end":{"line":25,"column":36}},"25":{"start":{"line":26,"column":0},"end":{"line":26,"column":5}},"30":{"start":{"line":31,"column":0},"end":{"line":31,"column":41}},"31":{"start":{"line":32,"column":0},"end":{"line":32,"column":69}},"32":{"start":{"line":33,"column":0},"end":{"line":33,"column":5}},"34":{"start":{"line":35,"column":0},"end":{"line":35,"column":44}},"35":{"start":{"line":36,"column":0},"end":{"line":36,"column":31}},"36":{"start":{"line":37,"column":0},"end":{"line":37,"column":5}},"38":{"start":{"line":39,"column":0},"end":{"line":39,"column":62}},"39":{"start":{"line":40,"column":0},"end":{"line":40,"column":65}},"40":{"start":{"line":41,"column":0},"end":{"line":41,"column":30}},"41":{"start":{"line":42,"column":0},"end":{"line":42,"column":82}},"42":{"start":{"line":43,"column":0},"end":{"line":43,"column":108}},"43":{"start":{"line":44,"column":0},"end":{"line":44,"column":9}},"44":{"start":{"line":45,"column":0},"end":{"line":45,"column":5}},"45":{"start":{"line":46,"column":0},"end":{"line":46,"column":1}}},"s":{"0":1,"5":1,"6":1,"7":1,"8":1,"10":1,"11":2,"12":2,"14":2,"15":1,"16":1,"17":2,"18":2,"20":1,"21":2,"22":2,"23":2,"24":2,"25":2,"30":1,"31":2,"32":2,"34":1,"35":1,"36":1,"38":1,"39":2,"40":2,"41":1,"42":1,"43":1,"44":2,"45":1},"branchMap":{"0":{"type":"branch","line":6,"loc":{"start":{"line":6,"column":25},"end":{"line":46,"column":1}},"locations":[{"start":{"line":6,"column":25},"end":{"line":46,"column":1}}]},"1":{"type":"branch","line":6,"loc":{"start":{"line":6,"column":25},"end":{"line":46,"column":1}},"locations":[{"start":{"line":6,"column":25},"end":{"line":46,"column":1}}]},"2":{"type":"branch","line":11,"loc":{"start":{"line":11,"column":12},"end":{"line":19,"column":5}},"locations":[{"start":{"line":11,"column":12},"end":{"line":19,"column":5}}]},"3":{"type":"branch","line":15,"loc":{"start":{"line":15,"column":41},"end":{"line":18,"column":9}},"locations":[{"start":{"line":15,"column":41},"end":{"line":18,"column":9}}]},"4":{"type":"branch","line":21,"loc":{"start":{"line":21,"column":18},"end":{"line":26,"column":5}},"locations":[{"start":{"line":21,"column":18},"end":{"line":26,"column":5}}]},"5":{"type":"branch","line":31,"loc":{"start":{"line":31,"column":18},"end":{"line":33,"column":5}},"locations":[{"start":{"line":31,"column":18},"end":{"line":33,"column":5}}]},"6":{"type":"branch","line":35,"loc":{"start":{"line":35,"column":11},"end":{"line":37,"column":5}},"locations":[{"start":{"line":35,"column":11},"end":{"line":37,"column":5}}]},"7":{"type":"branch","line":39,"loc":{"start":{"line":39,"column":4},"end":{"line":45,"column":5}},"locations":[{"start":{"line":39,"column":4},"end":{"line":45,"column":5}}]},"8":{"type":"branch","line":41,"loc":{"start":{"line":41,"column":29},"end":{"line":44,"column":9}},"locations":[{"start":{"line":41,"column":29},"end":{"line":44,"column":9}}]},"9":{"type":"branch","line":42,"loc":{"start":{"line":42,"column":52},"end":{"line":42,"column":80}},"locations":[{"start":{"line":42,"column":52},"end":{"line":42,"column":80}}]}},"b":{"0":[2],"1":[1],"2":[2],"3":[1],"4":[2],"5":[2],"6":[1],"7":[2],"8":[1],"9":[0]},"fnMap":{"0":{"name":"<instance_members_initializer>","decl":{"start":{"line":6,"column":25},"end":{"line":46,"column":1}},"loc":{"start":{"line":6,"column":25},"end":{"line":46,"column":1}},"line":6},"1":{"name":"<static_initializer>","decl":{"start":{"line":6,"column":25},"end":{"line":46,"column":1}},"loc":{"start":{"line":6,"column":25},"end":{"line":46,"column":1}},"line":6},"2":{"name":"FlowService","decl":{"start":{"line":11,"column":12},"end":{"line":19,"column":5}},"loc":{"start":{"line":11,"column":12},"end":{"line":19,"column":5}},"line":11},"3":{"name":"getInstance","decl":{"start":{"line":21,"column":18},"end":{"line":26,"column":5}},"loc":{"start":{"line":21,"column":18},"end":{"line":26,"column":5}},"line":21},"4":{"name":"resetInstance","decl":{"start":{"line":31,"column":18},"end":{"line":33,"column":5}},"loc":{"start":{"line":31,"column":18},"end":{"line":33,"column":5}},"line":31},"5":{"name":"getController","decl":{"start":{"line":35,"column":11},"end":{"line":37,"column":5}},"loc":{"start":{"line":35,"column":11},"end":{"line":37,"column":5}},"line":35},"6":{"name":"navigateTo","decl":{"start":{"line":39,"column":4},"end":{"line":45,"column":5}},"loc":{"start":{"line":39,"column":4},"end":{"line":45,"column":5}},"line":39}},"f":{"0":2,"1":1,"2":2,"3":2,"4":2,"5":1,"6":2}}
,"D:\\Dev\\FootballFever\\src\\core\\fsm\\GameState.ts": {"path":"D:\\Dev\\FootballFever\\src\\core\\fsm\\GameState.ts","all":false,"statementMap":{"0":{"start":{"line":1,"column":0},"end":{"line":1,"column":23}},"1":{"start":{"line":2,"column":0},"end":{"line":2,"column":18}},"2":{"start":{"line":3,"column":0},"end":{"line":3,"column":16}},"3":{"start":{"line":4,"column":0},"end":{"line":4,"column":20}},"4":{"start":{"line":5,"column":0},"end":{"line":5,"column":30}},"5":{"start":{"line":6,"column":0},"end":{"line":6,"column":28}},"6":{"start":{"line":7,"column":0},"end":{"line":7,"column":34}},"7":{"start":{"line":8,"column":0},"end":{"line":8,"column":21}}},"s":{"0":1,"1":1,"2":1,"3":1,"4":1,"5":1,"6":1,"7":1},"branchMap":{"0":{"type":"branch","line":1,"loc":{"start":{"line":1,"column":7},"end":{"line":1,"column":23}},"locations":[{"start":{"line":1,"column":7},"end":{"line":1,"column":23}}]}},"b":{"0":[4]},"fnMap":{},"f":{}}
,"D:\\Dev\\FootballFever\\src\\core\\services\\database\\DatabaseService.ts": {"path":"D:\\Dev\\FootballFever\\src\\core\\services\\database\\DatabaseService.ts","all":false,"statementMap":{"0":{"start":{"line":1,"column":0},"end":{"line":1,"column":42}},"11":{"start":{"line":12,"column":0},"end":{"line":12,"column":44}},"12":{"start":{"line":13,"column":0},"end":{"line":13,"column":28}},"13":{"start":{"line":14,"column":0},"end":{"line":14,"column":24}},"14":{"start":{"line":15,"column":0},"end":{"line":15,"column":37}},"16":{"start":{"line":17,"column":0},"end":{"line":17,"column":89}},"17":{"start":{"line":18,"column":0},"end":{"line":18,"column":42}},"18":{"start":{"line":19,"column":0},"end":{"line":19,"column":32}},"19":{"start":{"line":20,"column":0},"end":{"line":20,"column":40}},"20":{"start":{"line":21,"column":0},"end":{"line":21,"column":30}},"21":{"start":{"line":22,"column":0},"end":{"line":22,"column":27}},"22":{"start":{"line":23,"column":0},"end":{"line":23,"column":11}},"23":{"start":{"line":24,"column":0},"end":{"line":24,"column":5}},"24":{"start":{"line":25,"column":0},"end":{"line":25,"column":1}},"26":{"start":{"line":27,"column":0},"end":{"line":27,"column":30}},"27":{"start":{"line":28,"column":0},"end":{"line":28,"column":59}},"28":{"start":{"line":29,"column":0},"end":{"line":29,"column":32}},"30":{"start":{"line":31,"column":0},"end":{"line":31,"column":97}},"31":{"start":{"line":32,"column":0},"end":{"line":32,"column":47}},"32":{"start":{"line":33,"column":0},"end":{"line":33,"column":5}},"34":{"start":{"line":35,"column":0},"end":{"line":35,"column":120}},"35":{"start":{"line":36,"column":0},"end":{"line":36,"column":40}},"36":{"start":{"line":37,"column":0},"end":{"line":37,"column":68}},"37":{"start":{"line":38,"column":0},"end":{"line":38,"column":9}},"38":{"start":{"line":39,"column":0},"end":{"line":39,"column":40}},"39":{"start":{"line":40,"column":0},"end":{"line":40,"column":5}},"41":{"start":{"line":42,"column":0},"end":{"line":42,"column":49}},"42":{"start":{"line":43,"column":0},"end":{"line":43,"column":40}},"43":{"start":{"line":44,"column":0},"end":{"line":44,"column":5}},"47":{"start":{"line":48,"column":0},"end":{"line":48,"column":60}},"48":{"start":{"line":49,"column":0},"end":{"line":49,"column":53}},"49":{"start":{"line":50,"column":0},"end":{"line":50,"column":45}},"50":{"start":{"line":51,"column":0},"end":{"line":51,"column":5}},"52":{"start":{"line":53,"column":0},"end":{"line":53,"column":70}},"53":{"start":{"line":54,"column":0},"end":{"line":54,"column":51}},"54":{"start":{"line":55,"column":0},"end":{"line":55,"column":59}},"55":{"start":{"line":56,"column":0},"end":{"line":56,"column":5}},"57":{"start":{"line":58,"column":0},"end":{"line":58,"column":54}},"58":{"start":{"line":59,"column":0},"end":{"line":59,"column":53}},"59":{"start":{"line":60,"column":0},"end":{"line":60,"column":37}},"61":{"start":{"line":62,"column":0},"end":{"line":62,"column":34}},"62":{"start":{"line":63,"column":0},"end":{"line":63,"column":17}},"63":{"start":{"line":64,"column":0},"end":{"line":64,"column":55}},"64":{"start":{"line":65,"column":0},"end":{"line":65,"column":25}},"65":{"start":{"line":66,"column":0},"end":{"line":66,"column":97}},"66":{"start":{"line":67,"column":0},"end":{"line":67,"column":13}},"67":{"start":{"line":68,"column":0},"end":{"line":68,"column":9}},"69":{"start":{"line":70,"column":0},"end":{"line":70,"column":23}},"70":{"start":{"line":71,"column":0},"end":{"line":71,"column":5}},"72":{"start":{"line":73,"column":0},"end":{"line":73,"column":58}},"73":{"start":{"line":74,"column":0},"end":{"line":74,"column":41}},"74":{"start":{"line":75,"column":0},"end":{"line":75,"column":5}},"77":{"start":{"line":78,"column":0},"end":{"line":78,"column":54}},"78":{"start":{"line":79,"column":0},"end":{"line":79,"column":49}},"79":{"start":{"line":80,"column":0},"end":{"line":80,"column":43}},"80":{"start":{"line":81,"column":0},"end":{"line":81,"column":5}},"82":{"start":{"line":83,"column":0},"end":{"line":83,"column":66}},"83":{"start":{"line":84,"column":0},"end":{"line":84,"column":49}},"84":{"start":{"line":85,"column":0},"end":{"line":85,"column":57}},"85":{"start":{"line":86,"column":0},"end":{"line":86,"column":5}},"87":{"start":{"line":88,"column":0},"end":{"line":88,"column":50}},"88":{"start":{"line":89,"column":0},"end":{"line":89,"column":51}},"89":{"start":{"line":90,"column":0},"end":{"line":90,"column":35}},"91":{"start":{"line":92,"column":0},"end":{"line":92,"column":34}},"92":{"start":{"line":93,"column":0},"end":{"line":93,"column":17}},"93":{"start":{"line":94,"column":0},"end":{"line":94,"column":53}},"94":{"start":{"line":95,"column":0},"end":{"line":95,"column":25}},"95":{"start":{"line":96,"column":0},"end":{"line":96,"column":95}},"96":{"start":{"line":97,"column":0},"end":{"line":97,"column":13}},"97":{"start":{"line":98,"column":0},"end":{"line":98,"column":9}},"99":{"start":{"line":100,"column":0},"end":{"line":100,"column":23}},"100":{"start":{"line":101,"column":0},"end":{"line":101,"column":5}},"103":{"start":{"line":104,"column":0},"end":{"line":104,"column":71}},"104":{"start":{"line":105,"column":0},"end":{"line":105,"column":55}},"105":{"start":{"line":106,"column":0},"end":{"line":106,"column":47}},"106":{"start":{"line":107,"column":0},"end":{"line":107,"column":5}},"108":{"start":{"line":109,"column":0},"end":{"line":109,"column":102}},"109":{"start":{"line":110,"column":0},"end":{"line":110,"column":53}},"110":{"start":{"line":111,"column":0},"end":{"line":111,"column":62}},"111":{"start":{"line":112,"column":0},"end":{"line":112,"column":5}},"114":{"start":{"line":115,"column":0},"end":{"line":115,"column":44}},"115":{"start":{"line":116,"column":0},"end":{"line":116,"column":27}},"116":{"start":{"line":117,"column":0},"end":{"line":117,"column":36}},"117":{"start":{"line":118,"column":0},"end":{"line":118,"column":34}},"118":{"start":{"line":119,"column":0},"end":{"line":119,"column":37}},"119":{"start":{"line":120,"column":0},"end":{"line":120,"column":11}},"120":{"start":{"line":121,"column":0},"end":{"line":121,"column":5}},"122":{"start":{"line":123,"column":0},"end":{"line":123,"column":41}},"123":{"start":{"line":124,"column":0},"end":{"line":124,"column":30}},"124":{"start":{"line":125,"column":0},"end":{"line":125,"column":5}},"125":{"start":{"line":126,"column":0},"end":{"line":126,"column":1}}},"s":{"0":1,"11":1,"12":17,"13":17,"14":17,"16":17,"17":17,"18":17,"19":17,"20":17,"21":17,"22":17,"23":17,"24":17,"26":1,"27":19,"28":19,"30":19,"31":17,"32":17,"34":19,"35":23,"36":17,"37":17,"38":23,"39":23,"41":19,"42":17,"43":17,"47":19,"48":5,"49":5,"50":5,"52":19,"53":3,"54":3,"55":3,"57":19,"58":1,"59":1,"61":1,"62":2,"63":2,"64":2,"65":0,"66":0,"67":2,"69":1,"70":1,"72":19,"73":1,"74":1,"77":19,"78":3,"79":3,"80":3,"82":19,"83":2,"84":2,"85":2,"87":19,"88":1,"89":1,"91":1,"92":2,"93":2,"94":2,"95":0,"96":0,"97":2,"99":1,"100":1,"103":19,"104":5,"105":5,"106":5,"108":19,"109":4,"110":4,"111":4,"114":19,"115":17,"116":17,"117":17,"118":17,"119":17,"120":17,"122":19,"123":1,"124":1,"125":19},"branchMap":{"0":{"type":"branch","line":12,"loc":{"start":{"line":12,"column":43},"end":{"line":25,"column":1}},"locations":[{"start":{"line":12,"column":43},"end":{"line":25,"column":1}}]},"1":{"type":"branch","line":17,"loc":{"start":{"line":17,"column":4},"end":{"line":24,"column":5}},"locations":[{"start":{"line":17,"column":4},"end":{"line":24,"column":5}}]},"2":{"type":"branch","line":27,"loc":{"start":{"line":27,"column":29},"end":{"line":126,"column":1}},"locations":[{"start":{"line":27,"column":29},"end":{"line":126,"column":1}}]},"3":{"type":"branch","line":31,"loc":{"start":{"line":31,"column":12},"end":{"line":33,"column":5}},"locations":[{"start":{"line":31,"column":12},"end":{"line":33,"column":5}}]},"4":{"type":"branch","line":35,"loc":{"start":{"line":35,"column":18},"end":{"line":40,"column":5}},"locations":[{"start":{"line":35,"column":18},"end":{"line":40,"column":5}}]},"5":{"type":"branch","line":36,"loc":{"start":{"line":36,"column":39},"end":{"line":38,"column":9}},"locations":[{"start":{"line":36,"column":39},"end":{"line":38,"column":9}}]},"6":{"type":"branch","line":42,"loc":{"start":{"line":42,"column":18},"end":{"line":44,"column":5}},"locations":[{"start":{"line":42,"column":18},"end":{"line":44,"column":5}}]},"7":{"type":"branch","line":48,"loc":{"start":{"line":48,"column":4},"end":{"line":51,"column":5}},"locations":[{"start":{"line":48,"column":4},"end":{"line":51,"column":5}}]},"8":{"type":"branch","line":50,"loc":{"start":{"line":50,"column":43},"end":{"line":50,"column":45}},"locations":[{"start":{"line":50,"column":43},"end":{"line":50,"column":45}}]},"9":{"type":"branch","line":53,"loc":{"start":{"line":53,"column":4},"end":{"line":56,"column":5}},"locations":[{"start":{"line":53,"column":4},"end":{"line":56,"column":5}}]},"10":{"type":"branch","line":55,"loc":{"start":{"line":55,"column":15},"end":{"line":55,"column":49}},"locations":[{"start":{"line":55,"column":15},"end":{"line":55,"column":49}}]},"11":{"type":"branch","line":55,"loc":{"start":{"line":55,"column":45},"end":{"line":55,"column":59}},"locations":[{"start":{"line":55,"column":45},"end":{"line":55,"column":59}}]},"12":{"type":"branch","line":58,"loc":{"start":{"line":58,"column":4},"end":{"line":71,"column":5}},"locations":[{"start":{"line":58,"column":4},"end":{"line":71,"column":5}}]},"13":{"type":"branch","line":62,"loc":{"start":{"line":62,"column":33},"end":{"line":68,"column":9}},"locations":[{"start":{"line":62,"column":33},"end":{"line":68,"column":9}}]},"14":{"type":"branch","line":65,"loc":{"start":{"line":65,"column":12},"end":{"line":67,"column":13}},"locations":[{"start":{"line":65,"column":12},"end":{"line":67,"column":13}}]},"15":{"type":"branch","line":73,"loc":{"start":{"line":73,"column":4},"end":{"line":75,"column":5}},"locations":[{"start":{"line":73,"column":4},"end":{"line":75,"column":5}}]},"16":{"type":"branch","line":78,"loc":{"start":{"line":78,"column":4},"end":{"line":81,"column":5}},"locations":[{"start":{"line":78,"column":4},"end":{"line":81,"column":5}}]},"17":{"type":"branch","line":83,"loc":{"start":{"line":83,"column":4},"end":{"line":86,"column":5}},"locations":[{"start":{"line":83,"column":4},"end":{"line":86,"column":5}}]},"18":{"type":"branch","line":85,"loc":{"start":{"line":85,"column":15},"end":{"line":85,"column":47}},"locations":[{"start":{"line":85,"column":15},"end":{"line":85,"column":47}}]},"19":{"type":"branch","line":85,"loc":{"start":{"line":85,"column":43},"end":{"line":85,"column":57}},"locations":[{"start":{"line":85,"column":43},"end":{"line":85,"column":57}}]},"20":{"type":"branch","line":88,"loc":{"start":{"line":88,"column":4},"end":{"line":101,"column":5}},"locations":[{"start":{"line":88,"column":4},"end":{"line":101,"column":5}}]},"21":{"type":"branch","line":92,"loc":{"start":{"line":92,"column":33},"end":{"line":98,"column":9}},"locations":[{"start":{"line":92,"column":33},"end":{"line":98,"column":9}}]},"22":{"type":"branch","line":95,"loc":{"start":{"line":95,"column":12},"end":{"line":97,"column":13}},"locations":[{"start":{"line":95,"column":12},"end":{"line":97,"column":13}}]},"23":{"type":"branch","line":104,"loc":{"start":{"line":104,"column":4},"end":{"line":107,"column":5}},"locations":[{"start":{"line":104,"column":4},"end":{"line":107,"column":5}}]},"24":{"type":"branch","line":109,"loc":{"start":{"line":109,"column":4},"end":{"line":112,"column":5}},"locations":[{"start":{"line":109,"column":4},"end":{"line":112,"column":5}}]},"25":{"type":"branch","line":111,"loc":{"start":{"line":111,"column":15},"end":{"line":111,"column":52}},"locations":[{"start":{"line":111,"column":15},"end":{"line":111,"column":52}}]},"26":{"type":"branch","line":111,"loc":{"start":{"line":111,"column":48},"end":{"line":111,"column":62}},"locations":[{"start":{"line":111,"column":48},"end":{"line":111,"column":62}}]},"27":{"type":"branch","line":115,"loc":{"start":{"line":115,"column":4},"end":{"line":121,"column":5}},"locations":[{"start":{"line":115,"column":4},"end":{"line":121,"column":5}}]},"28":{"type":"branch","line":123,"loc":{"start":{"line":123,"column":4},"end":{"line":125,"column":5}},"locations":[{"start":{"line":123,"column":4},"end":{"line":125,"column":5}}]}},"b":{"0":[17],"1":[17],"2":[19],"3":[17],"4":[23],"5":[17],"6":[17],"7":[5],"8":[4],"9":[3],"10":[1],"11":[2],"12":[1],"13":[2],"14":[0],"15":[1],"16":[3],"17":[2],"18":[1],"19":[1],"20":[1],"21":[2],"22":[0],"23":[5],"24":[4],"25":[3],"26":[1],"27":[17],"28":[1]},"fnMap":{"0":{"name":"<instance_members_initializer>","decl":{"start":{"line":12,"column":43},"end":{"line":25,"column":1}},"loc":{"start":{"line":12,"column":43},"end":{"line":25,"column":1}},"line":12},"1":{"name":"FootballFeverDB","decl":{"start":{"line":17,"column":4},"end":{"line":24,"column":5}},"loc":{"start":{"line":17,"column":4},"end":{"line":24,"column":5}},"line":17},"2":{"name":"<instance_members_initializer>","decl":{"start":{"line":27,"column":29},"end":{"line":126,"column":1}},"loc":{"start":{"line":27,"column":29},"end":{"line":126,"column":1}},"line":27},"3":{"name":"DatabaseService","decl":{"start":{"line":31,"column":12},"end":{"line":33,"column":5}},"loc":{"start":{"line":31,"column":12},"end":{"line":33,"column":5}},"line":31},"4":{"name":"getInstance","decl":{"start":{"line":35,"column":18},"end":{"line":40,"column":5}},"loc":{"start":{"line":35,"column":18},"end":{"line":40,"column":5}},"line":35},"5":{"name":"resetInstanceForTests","decl":{"start":{"line":42,"column":18},"end":{"line":44,"column":5}},"loc":{"start":{"line":42,"column":18},"end":{"line":44,"column":5}},"line":42},"6":{"name":"savePlayer","decl":{"start":{"line":48,"column":4},"end":{"line":51,"column":5}},"loc":{"start":{"line":48,"column":4},"end":{"line":51,"column":5}},"line":48},"7":{"name":"loadPlayer","decl":{"start":{"line":53,"column":4},"end":{"line":56,"column":5}},"loc":{"start":{"line":53,"column":4},"end":{"line":56,"column":5}},"line":53},"8":{"name":"loadAllPlayers","decl":{"start":{"line":58,"column":4},"end":{"line":71,"column":5}},"loc":{"start":{"line":58,"column":4},"end":{"line":71,"column":5}},"line":58},"9":{"name":"deletePlayer","decl":{"start":{"line":73,"column":4},"end":{"line":75,"column":5}},"loc":{"start":{"line":73,"column":4},"end":{"line":75,"column":5}},"line":73},"10":{"name":"saveTeam","decl":{"start":{"line":78,"column":4},"end":{"line":81,"column":5}},"loc":{"start":{"line":78,"column":4},"end":{"line":81,"column":5}},"line":78},"11":{"name":"loadTeam","decl":{"start":{"line":83,"column":4},"end":{"line":86,"column":5}},"loc":{"start":{"line":83,"column":4},"end":{"line":86,"column":5}},"line":83},"12":{"name":"loadAllTeams","decl":{"start":{"line":88,"column":4},"end":{"line":101,"column":5}},"loc":{"start":{"line":88,"column":4},"end":{"line":101,"column":5}},"line":88},"13":{"name":"saveGlobalState","decl":{"start":{"line":104,"column":4},"end":{"line":107,"column":5}},"loc":{"start":{"line":104,"column":4},"end":{"line":107,"column":5}},"line":104},"14":{"name":"loadGlobalState","decl":{"start":{"line":109,"column":4},"end":{"line":112,"column":5}},"loc":{"start":{"line":109,"column":4},"end":{"line":112,"column":5}},"line":109},"15":{"name":"clearAll","decl":{"start":{"line":115,"column":4},"end":{"line":121,"column":5}},"loc":{"start":{"line":115,"column":4},"end":{"line":121,"column":5}},"line":115},"16":{"name":"close","decl":{"start":{"line":123,"column":4},"end":{"line":125,"column":5}},"loc":{"start":{"line":123,"column":4},"end":{"line":125,"column":5}},"line":123}},"f":{"0":17,"1":17,"2":19,"3":17,"4":23,"5":17,"6":5,"7":3,"8":1,"9":1,"10":3,"11":2,"12":1,"13":5,"14":4,"15":17,"16":1}}
,"D:\\Dev\\FootballFever\\src\\core\\services\\debug\\DebugCommandService.ts": {"path":"D:\\Dev\\FootballFever\\src\\core\\services\\debug\\DebugCommandService.ts","all":false,"statementMap":{"0":{"start":{"line":1,"column":0},"end":{"line":1,"column":62}},"4":{"start":{"line":5,"column":0},"end":{"line":5,"column":34}},"5":{"start":{"line":6,"column":0},"end":{"line":6,"column":49}},"6":{"start":{"line":7,"column":0},"end":{"line":7,"column":49}},"8":{"start":{"line":9,"column":0},"end":{"line":9,"column":28}},"10":{"start":{"line":11,"column":0},"end":{"line":11,"column":54}},"11":{"start":{"line":12,"column":0},"end":{"line":12,"column":44}},"12":{"start":{"line":13,"column":0},"end":{"line":13,"column":69}},"13":{"start":{"line":14,"column":0},"end":{"line":14,"column":9}},"14":{"start":{"line":15,"column":0},"end":{"line":15,"column":44}},"15":{"start":{"line":16,"column":0},"end":{"line":16,"column":5}},"17":{"start":{"line":18,"column":0},"end":{"line":18,"column":47}},"18":{"start":{"line":19,"column":0},"end":{"line":19,"column":43}},"19":{"start":{"line":20,"column":0},"end":{"line":20,"column":39}},"20":{"start":{"line":21,"column":0},"end":{"line":21,"column":94}},"21":{"start":{"line":22,"column":0},"end":{"line":22,"column":19}},"22":{"start":{"line":23,"column":0},"end":{"line":23,"column":9}},"24":{"start":{"line":25,"column":0},"end":{"line":25,"column":67}},"26":{"start":{"line":27,"column":0},"end":{"line":27,"column":90}},"28":{"start":{"line":29,"column":0},"end":{"line":29,"column":40}},"29":{"start":{"line":30,"column":0},"end":{"line":30,"column":32}},"30":{"start":{"line":31,"column":0},"end":{"line":31,"column":45}},"31":{"start":{"line":32,"column":0},"end":{"line":32,"column":22}},"32":{"start":{"line":33,"column":0},"end":{"line":33,"column":30}},"33":{"start":{"line":34,"column":0},"end":{"line":34,"column":39}},"34":{"start":{"line":35,"column":0},"end":{"line":35,"column":22}},"35":{"start":{"line":36,"column":0},"end":{"line":36,"column":20}},"36":{"start":{"line":37,"column":0},"end":{"line":37,"column":92}},"37":{"start":{"line":38,"column":0},"end":{"line":38,"column":9}},"38":{"start":{"line":39,"column":0},"end":{"line":39,"column":5}},"40":{"start":{"line":41,"column":0},"end":{"line":41,"column":53}},"41":{"start":{"line":42,"column":0},"end":{"line":42,"column":44}},"42":{"start":{"line":43,"column":0},"end":{"line":43,"column":27}},"43":{"start":{"line":44,"column":0},"end":{"line":44,"column":102}},"44":{"start":{"line":45,"column":0},"end":{"line":45,"column":19}},"45":{"start":{"line":46,"column":0},"end":{"line":46,"column":9}},"47":{"start":{"line":48,"column":0},"end":{"line":48,"column":54}},"48":{"start":{"line":49,"column":0},"end":{"line":49,"column":137}},"49":{"start":{"line":50,"column":0},"end":{"line":50,"column":5}},"51":{"start":{"line":52,"column":0},"end":{"line":52,"column":37}},"52":{"start":{"line":53,"column":0},"end":{"line":53,"column":45}},"53":{"start":{"line":54,"column":0},"end":{"line":54,"column":76}},"54":{"start":{"line":55,"column":0},"end":{"line":55,"column":5}},"55":{"start":{"line":56,"column":0},"end":{"line":56,"column":1}}},"s":{"0":1,"4":1,"5":1,"6":1,"8":1,"10":1,"11":4,"12":1,"13":1,"14":4,"15":4,"17":1,"18":4,"19":4,"20":1,"21":1,"22":1,"24":3,"26":3,"28":3,"29":4,"30":1,"31":1,"32":4,"33":1,"34":1,"35":4,"36":1,"37":4,"38":4,"40":1,"41":1,"42":1,"43":0,"44":0,"45":0,"47":1,"48":1,"49":1,"51":1,"52":1,"53":1,"54":1,"55":1},"branchMap":{"0":{"type":"branch","line":5,"loc":{"start":{"line":5,"column":33},"end":{"line":56,"column":1}},"locations":[{"start":{"line":5,"column":33},"end":{"line":56,"column":1}}]},"1":{"type":"branch","line":5,"loc":{"start":{"line":5,"column":33},"end":{"line":56,"column":1}},"locations":[{"start":{"line":5,"column":33},"end":{"line":56,"column":1}}]},"2":{"type":"branch","line":9,"loc":{"start":{"line":9,"column":12},"end":{"line":9,"column":28}},"locations":[{"start":{"line":9,"column":12},"end":{"line":9,"column":28}}]},"3":{"type":"branch","line":11,"loc":{"start":{"line":11,"column":18},"end":{"line":16,"column":5}},"locations":[{"start":{"line":11,"column":18},"end":{"line":16,"column":5}}]},"4":{"type":"branch","line":12,"loc":{"start":{"line":12,"column":43},"end":{"line":14,"column":9}},"locations":[{"start":{"line":12,"column":43},"end":{"line":14,"column":9}}]},"5":{"type":"branch","line":18,"loc":{"start":{"line":18,"column":11},"end":{"line":39,"column":5}},"locations":[{"start":{"line":18,"column":11},"end":{"line":39,"column":5}}]},"6":{"type":"branch","line":20,"loc":{"start":{"line":20,"column":38},"end":{"line":23,"column":9}},"locations":[{"start":{"line":20,"column":38},"end":{"line":23,"column":9}}]},"7":{"type":"branch","line":23,"loc":{"start":{"line":23,"column":8},"end":{"line":29,"column":40}},"locations":[{"start":{"line":23,"column":8},"end":{"line":29,"column":40}}]},"8":{"type":"branch","line":30,"loc":{"start":{"line":30,"column":12},"end":{"line":32,"column":22}},"locations":[{"start":{"line":30,"column":12},"end":{"line":32,"column":22}}]},"9":{"type":"branch","line":33,"loc":{"start":{"line":33,"column":12},"end":{"line":35,"column":22}},"locations":[{"start":{"line":33,"column":12},"end":{"line":35,"column":22}}]},"10":{"type":"branch","line":36,"loc":{"start":{"line":36,"column":12},"end":{"line":37,"column":92}},"locations":[{"start":{"line":36,"column":12},"end":{"line":37,"column":92}}]},"11":{"type":"branch","line":41,"loc":{"start":{"line":41,"column":12},"end":{"line":50,"column":5}},"locations":[{"start":{"line":41,"column":12},"end":{"line":50,"column":5}}]},"12":{"type":"branch","line":43,"loc":{"start":{"line":43,"column":26},"end":{"line":46,"column":9}},"locations":[{"start":{"line":43,"column":26},"end":{"line":46,"column":9}}]},"13":{"type":"branch","line":52,"loc":{"start":{"line":52,"column":12},"end":{"line":55,"column":5}},"locations":[{"start":{"line":52,"column":12},"end":{"line":55,"column":5}}]}},"b":{"0":[1],"1":[1],"2":[1],"3":[4],"4":[1],"5":[4],"6":[1],"7":[3],"8":[1],"9":[1],"10":[1],"11":[1],"12":[0],"13":[1]},"fnMap":{"0":{"name":"<static_initializer>","decl":{"start":{"line":5,"column":33},"end":{"line":56,"column":1}},"loc":{"start":{"line":5,"column":33},"end":{"line":56,"column":1}},"line":5},"1":{"name":"<instance_members_initializer>","decl":{"start":{"line":5,"column":33},"end":{"line":56,"column":1}},"loc":{"start":{"line":5,"column":33},"end":{"line":56,"column":1}},"line":5},"2":{"name":"DebugCommandService","decl":{"start":{"line":9,"column":12},"end":{"line":9,"column":28}},"loc":{"start":{"line":9,"column":12},"end":{"line":9,"column":28}},"line":9},"3":{"name":"getInstance","decl":{"start":{"line":11,"column":18},"end":{"line":16,"column":5}},"loc":{"start":{"line":11,"column":18},"end":{"line":16,"column":5}},"line":11},"4":{"name":"execute","decl":{"start":{"line":18,"column":11},"end":{"line":39,"column":5}},"loc":{"start":{"line":18,"column":11},"end":{"line":39,"column":5}},"line":18},"5":{"name":"handleAddPrestige","decl":{"start":{"line":41,"column":12},"end":{"line":50,"column":5}},"loc":{"start":{"line":41,"column":12},"end":{"line":50,"column":5}},"line":41},"6":{"name":"handleClearLogs","decl":{"start":{"line":52,"column":12},"end":{"line":55,"column":5}},"loc":{"start":{"line":52,"column":12},"end":{"line":55,"column":5}},"line":52}},"f":{"0":1,"1":1,"2":1,"3":4,"4":4,"5":1,"6":1}}
,"D:\\Dev\\FootballFever\\src\\core\\services\\i18n\\LocalizationService.ts": {"path":"D:\\Dev\\FootballFever\\src\\core\\services\\i18n\\LocalizationService.ts","all":false,"statementMap":{"0":{"start":{"line":1,"column":0},"end":{"line":1,"column":67}},"4":{"start":{"line":5,"column":0},"end":{"line":5,"column":42}},"5":{"start":{"line":6,"column":0},"end":{"line":6,"column":36}},"7":{"start":{"line":8,"column":0},"end":{"line":8,"column":34}},"8":{"start":{"line":9,"column":0},"end":{"line":9,"column":63}},"9":{"start":{"line":10,"column":0},"end":{"line":10,"column":53}},"10":{"start":{"line":11,"column":0},"end":{"line":11,"column":51}},"11":{"start":{"line":12,"column":0},"end":{"line":12,"column":59}},"12":{"start":{"line":13,"column":0},"end":{"line":13,"column":60}},"13":{"start":{"line":14,"column":0},"end":{"line":14,"column":38}},"15":{"start":{"line":16,"column":0},"end":{"line":16,"column":28}},"17":{"start":{"line":18,"column":0},"end":{"line":18,"column":54}},"18":{"start":{"line":19,"column":0},"end":{"line":19,"column":44}},"19":{"start":{"line":20,"column":0},"end":{"line":20,"column":69}},"20":{"start":{"line":21,"column":0},"end":{"line":21,"column":9}},"21":{"start":{"line":22,"column":0},"end":{"line":22,"column":44}},"22":{"start":{"line":23,"column":0},"end":{"line":23,"column":5}},"24":{"start":{"line":25,"column":0},"end":{"line":25,"column":49}},"25":{"start":{"line":26,"column":0},"end":{"line":26,"column":44}},"26":{"start":{"line":27,"column":0},"end":{"line":27,"column":5}},"28":{"start":{"line":29,"column":0},"end":{"line":29,"column":40}},"29":{"start":{"line":30,"column":0},"end":{"line":30,"column":34}},"31":{"start":{"line":32,"column":0},"end":{"line":32,"column":41}},"33":{"start":{"line":34,"column":0},"end":{"line":34,"column":13}},"34":{"start":{"line":35,"column":0},"end":{"line":35,"column":38}},"35":{"start":{"line":36,"column":0},"end":{"line":36,"column":21}},"36":{"start":{"line":37,"column":0},"end":{"line":37,"column":96}},"37":{"start":{"line":38,"column":0},"end":{"line":38,"column":9}},"39":{"start":{"line":40,"column":0},"end":{"line":40,"column":13}},"40":{"start":{"line":41,"column":0},"end":{"line":41,"column":42}},"41":{"start":{"line":42,"column":0},"end":{"line":42,"column":21}},"42":{"start":{"line":43,"column":0},"end":{"line":43,"column":124}},"43":{"start":{"line":44,"column":0},"end":{"line":44,"column":32}},"44":{"start":{"line":45,"column":0},"end":{"line":45,"column":54}},"45":{"start":{"line":46,"column":0},"end":{"line":46,"column":9}},"47":{"start":{"line":48,"column":0},"end":{"line":48,"column":36}},"48":{"start":{"line":49,"column":0},"end":{"line":49,"column":54}},"49":{"start":{"line":50,"column":0},"end":{"line":50,"column":9}},"51":{"start":{"line":52,"column":0},"end":{"line":52,"column":36}},"52":{"start":{"line":53,"column":0},"end":{"line":53,"column":29}},"53":{"start":{"line":54,"column":0},"end":{"line":54,"column":5}},"55":{"start":{"line":56,"column":0},"end":{"line":56,"column":36}},"56":{"start":{"line":57,"column":0},"end":{"line":57,"column":36}},"57":{"start":{"line":58,"column":0},"end":{"line":58,"column":5}},"59":{"start":{"line":60,"column":0},"end":{"line":60,"column":61}},"60":{"start":{"line":61,"column":0},"end":{"line":61,"column":50}},"62":{"start":{"line":63,"column":0},"end":{"line":63,"column":13}},"63":{"start":{"line":64,"column":0},"end":{"line":64,"column":42}},"64":{"start":{"line":65,"column":0},"end":{"line":65,"column":40}},"66":{"start":{"line":67,"column":0},"end":{"line":67,"column":17}},"67":{"start":{"line":68,"column":0},"end":{"line":68,"column":56}},"68":{"start":{"line":69,"column":0},"end":{"line":69,"column":25}},"69":{"start":{"line":70,"column":0},"end":{"line":70,"column":96}},"70":{"start":{"line":71,"column":0},"end":{"line":71,"column":13}},"72":{"start":{"line":73,"column":0},"end":{"line":73,"column":35}},"73":{"start":{"line":74,"column":0},"end":{"line":74,"column":21}},"74":{"start":{"line":75,"column":0},"end":{"line":75,"column":90}},"76":{"start":{"line":77,"column":0},"end":{"line":77,"column":20}},"77":{"start":{"line":78,"column":0},"end":{"line":78,"column":9}},"78":{"start":{"line":79,"column":0},"end":{"line":79,"column":5}},"83":{"start":{"line":84,"column":0},"end":{"line":84,"column":39}},"84":{"start":{"line":85,"column":0},"end":{"line":85,"column":59}},"85":{"start":{"line":86,"column":0},"end":{"line":86,"column":27}},"86":{"start":{"line":87,"column":0},"end":{"line":87,"column":9}},"88":{"start":{"line":89,"column":0},"end":{"line":89,"column":64}},"89":{"start":{"line":90,"column":0},"end":{"line":90,"column":46}},"91":{"start":{"line":92,"column":0},"end":{"line":92,"column":80}},"92":{"start":{"line":93,"column":0},"end":{"line":93,"column":40}},"93":{"start":{"line":94,"column":0},"end":{"line":94,"column":5}},"95":{"start":{"line":96,"column":0},"end":{"line":96,"column":70}},"96":{"start":{"line":97,"column":0},"end":{"line":97,"column":38}},"97":{"start":{"line":98,"column":0},"end":{"line":98,"column":22}},"98":{"start":{"line":99,"column":0},"end":{"line":99,"column":72}},"99":{"start":{"line":100,"column":0},"end":{"line":100,"column":10}},"100":{"start":{"line":101,"column":0},"end":{"line":101,"column":5}},"102":{"start":{"line":103,"column":0},"end":{"line":103,"column":68}},"103":{"start":{"line":104,"column":0},"end":{"line":104,"column":37}},"104":{"start":{"line":105,"column":0},"end":{"line":105,"column":26}},"106":{"start":{"line":107,"column":0},"end":{"line":107,"column":33}},"108":{"start":{"line":109,"column":0},"end":{"line":109,"column":121}},"109":{"start":{"line":110,"column":0},"end":{"line":110,"column":33}},"110":{"start":{"line":111,"column":0},"end":{"line":111,"column":13}},"111":{"start":{"line":112,"column":0},"end":{"line":112,"column":35}},"112":{"start":{"line":113,"column":0},"end":{"line":113,"column":9}},"114":{"start":{"line":115,"column":0},"end":{"line":115,"column":65}},"115":{"start":{"line":116,"column":0},"end":{"line":116,"column":5}},"117":{"start":{"line":118,"column":0},"end":{"line":118,"column":63}},"119":{"start":{"line":120,"column":0},"end":{"line":120,"column":19}},"120":{"start":{"line":121,"column":0},"end":{"line":121,"column":23}},"121":{"start":{"line":122,"column":0},"end":{"line":122,"column":71}},"122":{"start":{"line":123,"column":0},"end":{"line":123,"column":71}},"123":{"start":{"line":124,"column":0},"end":{"line":124,"column":71}},"124":{"start":{"line":125,"column":0},"end":{"line":125,"column":23}},"125":{"start":{"line":126,"column":0},"end":{"line":126,"column":69}},"126":{"start":{"line":127,"column":0},"end":{"line":127,"column":9}},"127":{"start":{"line":128,"column":0},"end":{"line":128,"column":59}},"128":{"start":{"line":129,"column":0},"end":{"line":129,"column":5}},"130":{"start":{"line":131,"column":0},"end":{"line":131,"column":49}},"131":{"start":{"line":132,"column":0},"end":{"line":132,"column":68}},"132":{"start":{"line":133,"column":0},"end":{"line":133,"column":75}},"133":{"start":{"line":134,"column":0},"end":{"line":134,"column":5}},"135":{"start":{"line":136,"column":0},"end":{"line":136,"column":40}},"136":{"start":{"line":137,"column":0},"end":{"line":137,"column":68}},"138":{"start":{"line":139,"column":0},"end":{"line":139,"column":13}},"139":{"start":{"line":140,"column":0},"end":{"line":140,"column":60}},"140":{"start":{"line":141,"column":0},"end":{"line":141,"column":70}},"141":{"start":{"line":142,"column":0},"end":{"line":142,"column":41}},"142":{"start":{"line":143,"column":0},"end":{"line":143,"column":13}},"143":{"start":{"line":144,"column":0},"end":{"line":144,"column":21}},"145":{"start":{"line":146,"column":0},"end":{"line":146,"column":9}},"147":{"start":{"line":148,"column":0},"end":{"line":148,"column":73}},"148":{"start":{"line":149,"column":0},"end":{"line":149,"column":66}},"149":{"start":{"line":150,"column":0},"end":{"line":150,"column":31}},"150":{"start":{"line":151,"column":0},"end":{"line":151,"column":9}},"152":{"start":{"line":153,"column":0},"end":{"line":153,"column":28}},"153":{"start":{"line":154,"column":0},"end":{"line":154,"column":5}},"155":{"start":{"line":156,"column":0},"end":{"line":156,"column":37}},"156":{"start":{"line":157,"column":0},"end":{"line":157,"column":44}},"157":{"start":{"line":158,"column":0},"end":{"line":158,"column":17}},"158":{"start":{"line":159,"column":0},"end":{"line":159,"column":47}},"159":{"start":{"line":160,"column":0},"end":{"line":160,"column":29}},"160":{"start":{"line":161,"column":0},"end":{"line":161,"column":90}},"161":{"start":{"line":162,"column":0},"end":{"line":162,"column":13}},"162":{"start":{"line":163,"column":0},"end":{"line":163,"column":11}},"163":{"start":{"line":164,"column":0},"end":{"line":164,"column":5}},"164":{"start":{"line":165,"column":0},"end":{"line":165,"column":1}}},"s":{"0":1,"4":1,"5":1,"7":1,"8":1,"9":1,"10":1,"11":1,"12":1,"13":1,"15":1,"17":1,"18":18,"19":18,"20":18,"21":18,"22":18,"24":1,"25":18,"26":18,"28":1,"29":18,"31":18,"33":18,"34":18,"35":18,"36":0,"37":0,"39":18,"40":18,"41":18,"42":0,"43":0,"44":0,"45":0,"47":18,"48":15,"49":15,"51":18,"52":18,"53":18,"55":1,"56":7,"57":7,"59":1,"60":7,"62":7,"63":7,"64":7,"66":7,"67":7,"68":7,"69":1,"70":1,"72":7,"73":7,"74":0,"76":0,"77":0,"78":7,"83":1,"84":7,"85":0,"86":0,"88":7,"89":7,"91":4,"92":7,"93":7,"95":1,"96":4,"97":4,"98":1,"99":1,"100":4,"102":1,"103":11,"104":11,"106":11,"108":18,"109":6,"110":6,"111":12,"112":12,"114":11,"115":11,"117":1,"119":25,"120":25,"121":25,"122":25,"123":25,"124":25,"125":25,"126":25,"127":25,"128":25,"130":1,"131":18,"132":18,"133":18,"135":1,"136":18,"138":18,"139":18,"140":18,"141":1,"142":1,"143":18,"145":1,"147":17,"148":18,"149":17,"150":17,"152":0,"153":18,"155":1,"156":7,"157":3,"158":3,"159":3,"160":1,"161":1,"162":7,"163":7,"164":1},"branchMap":{"0":{"type":"branch","line":8,"loc":{"start":{"line":8,"column":33},"end":{"line":165,"column":1}},"locations":[{"start":{"line":8,"column":33},"end":{"line":165,"column":1}}]},"1":{"type":"branch","line":8,"loc":{"start":{"line":8,"column":33},"end":{"line":165,"column":1}},"locations":[{"start":{"line":8,"column":33},"end":{"line":165,"column":1}}]},"2":{"type":"branch","line":16,"loc":{"start":{"line":16,"column":12},"end":{"line":16,"column":28}},"locations":[{"start":{"line":16,"column":12},"end":{"line":16,"column":28}}]},"3":{"type":"branch","line":18,"loc":{"start":{"line":18,"column":18},"end":{"line":23,"column":5}},"locations":[{"start":{"line":18,"column":18},"end":{"line":23,"column":5}}]},"4":{"type":"branch","line":25,"loc":{"start":{"line":25,"column":18},"end":{"line":27,"column":5}},"locations":[{"start":{"line":25,"column":18},"end":{"line":27,"column":5}}]},"5":{"type":"branch","line":29,"loc":{"start":{"line":29,"column":4},"end":{"line":54,"column":5}},"locations":[{"start":{"line":29,"column":4},"end":{"line":54,"column":5}}]},"6":{"type":"branch","line":30,"loc":{"start":{"line":30,"column":27},"end":{"line":30,"column":34}},"locations":[{"start":{"line":30,"column":27},"end":{"line":30,"column":34}}]},"7":{"type":"branch","line":36,"loc":{"start":{"line":36,"column":8},"end":{"line":38,"column":9}},"locations":[{"start":{"line":36,"column":8},"end":{"line":38,"column":9}}]},"8":{"type":"branch","line":42,"loc":{"start":{"line":42,"column":8},"end":{"line":46,"column":9}},"locations":[{"start":{"line":42,"column":8},"end":{"line":46,"column":9}}]},"9":{"type":"branch","line":48,"loc":{"start":{"line":48,"column":35},"end":{"line":50,"column":9}},"locations":[{"start":{"line":48,"column":35},"end":{"line":50,"column":9}}]},"10":{"type":"branch","line":56,"loc":{"start":{"line":56,"column":11},"end":{"line":58,"column":5}},"locations":[{"start":{"line":56,"column":11},"end":{"line":58,"column":5}}]},"11":{"type":"branch","line":60,"loc":{"start":{"line":60,"column":4},"end":{"line":79,"column":5}},"locations":[{"start":{"line":60,"column":4},"end":{"line":79,"column":5}}]},"12":{"type":"branch","line":61,"loc":{"start":{"line":61,"column":43},"end":{"line":61,"column":50}},"locations":[{"start":{"line":61,"column":43},"end":{"line":61,"column":50}}]},"13":{"type":"branch","line":69,"loc":{"start":{"line":69,"column":12},"end":{"line":71,"column":13}},"locations":[{"start":{"line":69,"column":12},"end":{"line":71,"column":13}}]},"14":{"type":"branch","line":74,"loc":{"start":{"line":74,"column":8},"end":{"line":78,"column":9}},"locations":[{"start":{"line":74,"column":8},"end":{"line":78,"column":9}}]},"15":{"type":"branch","line":84,"loc":{"start":{"line":84,"column":11},"end":{"line":94,"column":5}},"locations":[{"start":{"line":84,"column":11},"end":{"line":94,"column":5}}]},"16":{"type":"branch","line":85,"loc":{"start":{"line":85,"column":58},"end":{"line":87,"column":9}},"locations":[{"start":{"line":85,"column":58},"end":{"line":87,"column":9}}]},"17":{"type":"branch","line":90,"loc":{"start":{"line":90,"column":33},"end":{"line":90,"column":46}},"locations":[{"start":{"line":90,"column":33},"end":{"line":90,"column":46}}]},"18":{"type":"branch","line":90,"loc":{"start":{"line":90,"column":40},"end":{"line":93,"column":32}},"locations":[{"start":{"line":90,"column":40},"end":{"line":93,"column":32}}]},"19":{"type":"branch","line":93,"loc":{"start":{"line":93,"column":15},"end":{"line":93,"column":40}},"locations":[{"start":{"line":93,"column":15},"end":{"line":93,"column":40}}]},"20":{"type":"branch","line":96,"loc":{"start":{"line":96,"column":11},"end":{"line":101,"column":5}},"locations":[{"start":{"line":96,"column":11},"end":{"line":101,"column":5}}]},"21":{"type":"branch","line":98,"loc":{"start":{"line":98,"column":15},"end":{"line":100,"column":10}},"locations":[{"start":{"line":98,"column":15},"end":{"line":100,"column":10}}]},"22":{"type":"branch","line":99,"loc":{"start":{"line":99,"column":51},"end":{"line":99,"column":70}},"locations":[{"start":{"line":99,"column":51},"end":{"line":99,"column":70}}]},"23":{"type":"branch","line":103,"loc":{"start":{"line":103,"column":12},"end":{"line":116,"column":5}},"locations":[{"start":{"line":103,"column":12},"end":{"line":116,"column":5}}]},"24":{"type":"branch","line":107,"loc":{"start":{"line":107,"column":32},"end":{"line":113,"column":9}},"locations":[{"start":{"line":107,"column":32},"end":{"line":113,"column":9}}]},"25":{"type":"branch","line":109,"loc":{"start":{"line":109,"column":120},"end":{"line":111,"column":13}},"locations":[{"start":{"line":109,"column":120},"end":{"line":111,"column":13}}]},"26":{"type":"branch","line":111,"loc":{"start":{"line":111,"column":12},"end":{"line":113,"column":9}},"locations":[{"start":{"line":111,"column":12},"end":{"line":113,"column":9}}]},"27":{"type":"branch","line":113,"loc":{"start":{"line":113,"column":8},"end":{"line":115,"column":45}},"locations":[{"start":{"line":113,"column":8},"end":{"line":115,"column":45}}]},"28":{"type":"branch","line":115,"loc":{"start":{"line":115,"column":34},"end":{"line":115,"column":55}},"locations":[{"start":{"line":115,"column":34},"end":{"line":115,"column":55}}]},"29":{"type":"branch","line":115,"loc":{"start":{"line":115,"column":45},"end":{"line":115,"column":65}},"locations":[{"start":{"line":115,"column":45},"end":{"line":115,"column":65}}]},"30":{"type":"branch","line":118,"loc":{"start":{"line":118,"column":4},"end":{"line":129,"column":5}},"locations":[{"start":{"line":118,"column":4},"end":{"line":129,"column":5}}]},"31":{"type":"branch","line":122,"loc":{"start":{"line":122,"column":12},"end":{"line":122,"column":71}},"locations":[{"start":{"line":122,"column":12},"end":{"line":122,"column":71}}]},"32":{"type":"branch","line":123,"loc":{"start":{"line":123,"column":12},"end":{"line":123,"column":71}},"locations":[{"start":{"line":123,"column":12},"end":{"line":123,"column":71}}]},"33":{"type":"branch","line":124,"loc":{"start":{"line":124,"column":12},"end":{"line":124,"column":71}},"locations":[{"start":{"line":124,"column":12},"end":{"line":124,"column":71}}]},"34":{"type":"branch","line":125,"loc":{"start":{"line":125,"column":12},"end":{"line":125,"column":23}},"locations":[{"start":{"line":125,"column":12},"end":{"line":125,"column":23}}]},"35":{"type":"branch","line":126,"loc":{"start":{"line":126,"column":12},"end":{"line":126,"column":69}},"locations":[{"start":{"line":126,"column":12},"end":{"line":126,"column":69}}]},"36":{"type":"branch","line":131,"loc":{"start":{"line":131,"column":4},"end":{"line":134,"column":5}},"locations":[{"start":{"line":131,"column":4},"end":{"line":134,"column":5}}]},"37":{"type":"branch","line":132,"loc":{"start":{"line":132,"column":61},"end":{"line":132,"column":68}},"locations":[{"start":{"line":132,"column":61},"end":{"line":132,"column":68}}]},"38":{"type":"branch","line":136,"loc":{"start":{"line":136,"column":12},"end":{"line":154,"column":5}},"locations":[{"start":{"line":136,"column":12},"end":{"line":154,"column":5}}]},"39":{"type":"branch","line":141,"loc":{"start":{"line":141,"column":16},"end":{"line":141,"column":69}},"locations":[{"start":{"line":141,"column":16},"end":{"line":141,"column":69}}]},"40":{"type":"branch","line":141,"loc":{"start":{"line":141,"column":69},"end":{"line":143,"column":13}},"locations":[{"start":{"line":141,"column":69},"end":{"line":143,"column":13}}]},"41":{"type":"branch","line":144,"loc":{"start":{"line":144,"column":8},"end":{"line":146,"column":9}},"locations":[{"start":{"line":144,"column":8},"end":{"line":146,"column":9}}]},"42":{"type":"branch","line":146,"loc":{"start":{"line":146,"column":8},"end":{"line":149,"column":65}},"locations":[{"start":{"line":146,"column":8},"end":{"line":149,"column":65}}]},"43":{"type":"branch","line":149,"loc":{"start":{"line":149,"column":65},"end":{"line":151,"column":9}},"locations":[{"start":{"line":149,"column":65},"end":{"line":151,"column":9}}]},"44":{"type":"branch","line":151,"loc":{"start":{"line":151,"column":8},"end":{"line":153,"column":28}},"locations":[{"start":{"line":151,"column":8},"end":{"line":153,"column":28}}]},"45":{"type":"branch","line":156,"loc":{"start":{"line":156,"column":12},"end":{"line":164,"column":5}},"locations":[{"start":{"line":156,"column":12},"end":{"line":164,"column":5}}]},"46":{"type":"branch","line":157,"loc":{"start":{"line":157,"column":31},"end":{"line":163,"column":9}},"locations":[{"start":{"line":157,"column":31},"end":{"line":163,"column":9}}]},"47":{"type":"branch","line":160,"loc":{"start":{"line":160,"column":12},"end":{"line":162,"column":13}},"locations":[{"start":{"line":160,"column":12},"end":{"line":162,"column":13}}]}},"b":{"0":[18],"1":[1],"2":[18],"3":[18],"4":[18],"5":[18],"6":[0],"7":[0],"8":[0],"9":[15],"10":[7],"11":[7],"12":[0],"13":[1],"14":[0],"15":[7],"16":[0],"17":[3],"18":[4],"19":[3],"20":[4],"21":[1],"22":[1],"23":[11],"24":[18],"25":[6],"26":[12],"27":[5],"28":[4],"29":[1],"30":[25],"31":[5],"32":[3],"33":[2],"34":[15],"35":[15],"36":[18],"37":[18],"38":[18],"39":[1],"40":[1],"41":[1],"42":[17],"43":[17],"44":[0],"45":[7],"46":[3],"47":[1]},"fnMap":{"0":{"name":"<instance_members_initializer>","decl":{"start":{"line":8,"column":33},"end":{"line":165,"column":1}},"loc":{"start":{"line":8,"column":33},"end":{"line":165,"column":1}},"line":8},"1":{"name":"<static_initializer>","decl":{"start":{"line":8,"column":33},"end":{"line":165,"column":1}},"loc":{"start":{"line":8,"column":33},"end":{"line":165,"column":1}},"line":8},"2":{"name":"LocalizationService","decl":{"start":{"line":16,"column":12},"end":{"line":16,"column":28}},"loc":{"start":{"line":16,"column":12},"end":{"line":16,"column":28}},"line":16},"3":{"name":"getInstance","decl":{"start":{"line":18,"column":18},"end":{"line":23,"column":5}},"loc":{"start":{"line":18,"column":18},"end":{"line":23,"column":5}},"line":18},"4":{"name":"resetInstanceForTests","decl":{"start":{"line":25,"column":18},"end":{"line":27,"column":5}},"loc":{"start":{"line":25,"column":18},"end":{"line":27,"column":5}},"line":25},"5":{"name":"init","decl":{"start":{"line":29,"column":4},"end":{"line":54,"column":5}},"loc":{"start":{"line":29,"column":4},"end":{"line":54,"column":5}},"line":29},"6":{"name":"getLanguage","decl":{"start":{"line":56,"column":11},"end":{"line":58,"column":5}},"loc":{"start":{"line":56,"column":11},"end":{"line":58,"column":5}},"line":56},"7":{"name":"setLanguage","decl":{"start":{"line":60,"column":4},"end":{"line":79,"column":5}},"loc":{"start":{"line":60,"column":4},"end":{"line":79,"column":5}},"line":60},"8":{"name":"t","decl":{"start":{"line":84,"column":11},"end":{"line":94,"column":5}},"loc":{"start":{"line":84,"column":11},"end":{"line":94,"column":5}},"line":84},"9":{"name":"subscribe","decl":{"start":{"line":96,"column":11},"end":{"line":101,"column":5}},"loc":{"start":{"line":96,"column":11},"end":{"line":101,"column":5}},"line":96},"10":{"name":"resolveKey","decl":{"start":{"line":103,"column":12},"end":{"line":116,"column":5}},"loc":{"start":{"line":103,"column":12},"end":{"line":116,"column":5}},"line":103},"11":{"name":"loadLanguage","decl":{"start":{"line":118,"column":4},"end":{"line":129,"column":5}},"loc":{"start":{"line":118,"column":4},"end":{"line":129,"column":5}},"line":118},"12":{"name":"loadFallback","decl":{"start":{"line":131,"column":4},"end":{"line":134,"column":5}},"loc":{"start":{"line":131,"column":4},"end":{"line":134,"column":5}},"line":131},"13":{"name":"./locales/Schema.ts","decl":{"start":{"line":132,"column":61},"end":{"line":132,"column":68}},"loc":{"start":{"line":132,"column":61},"end":{"line":132,"column":68}},"line":132},"14":{"name":"./locales/de.ts","decl":{"start":{"line":132,"column":61},"end":{"line":132,"column":68}},"loc":{"start":{"line":132,"column":61},"end":{"line":132,"column":68}},"line":132},"15":{"name":"./locales/en.ts","decl":{"start":{"line":132,"column":61},"end":{"line":132,"column":68}},"loc":{"start":{"line":132,"column":61},"end":{"line":132,"column":68}},"line":132},"16":{"name":"./locales/es.ts","decl":{"start":{"line":132,"column":61},"end":{"line":132,"column":68}},"loc":{"start":{"line":132,"column":61},"end":{"line":132,"column":68}},"line":132},"17":{"name":"./locales/fr.ts","decl":{"start":{"line":132,"column":61},"end":{"line":132,"column":68}},"loc":{"start":{"line":132,"column":61},"end":{"line":132,"column":68}},"line":132},"18":{"name":"detectLanguage","decl":{"start":{"line":136,"column":12},"end":{"line":154,"column":5}},"loc":{"start":{"line":136,"column":12},"end":{"line":154,"column":5}},"line":136},"19":{"name":"notifyListeners","decl":{"start":{"line":156,"column":12},"end":{"line":164,"column":5}},"loc":{"start":{"line":156,"column":12},"end":{"line":164,"column":5}},"line":156}},"f":{"0":18,"1":1,"2":18,"3":18,"4":18,"5":18,"6":7,"7":7,"8":7,"9":4,"10":11,"11":25,"12":18,"13":0,"14":0,"15":18,"16":0,"17":0,"18":18,"19":7}}
,"D:\\Dev\\FootballFever\\src\\core\\services\\i18n\\locales\\Schema.ts": {"path":"D:\\Dev\\FootballFever\\src\\core\\services\\i18n\\locales\\Schema.ts","all":false,"statementMap":{"0":{"start":{"line":1,"column":0},"end":{"line":1,"column":24}},"2":{"start":{"line":3,"column":0},"end":{"line":3,"column":38}},"3":{"start":{"line":4,"column":0},"end":{"line":4,"column":22}},"4":{"start":{"line":5,"column":0},"end":{"line":5,"column":32}},"5":{"start":{"line":6,"column":0},"end":{"line":6,"column":34}},"6":{"start":{"line":7,"column":0},"end":{"line":7,"column":29}},"7":{"start":{"line":8,"column":0},"end":{"line":8,"column":28}},"8":{"start":{"line":9,"column":0},"end":{"line":9,"column":26}},"9":{"start":{"line":10,"column":0},"end":{"line":10,"column":31}},"10":{"start":{"line":11,"column":0},"end":{"line":11,"column":27}},"11":{"start":{"line":12,"column":0},"end":{"line":12,"column":34}},"12":{"start":{"line":13,"column":0},"end":{"line":13,"column":33}},"13":{"start":{"line":14,"column":0},"end":{"line":14,"column":31}},"14":{"start":{"line":15,"column":0},"end":{"line":15,"column":37}},"15":{"start":{"line":16,"column":0},"end":{"line":16,"column":36}},"16":{"start":{"line":17,"column":0},"end":{"line":17,"column":42}},"17":{"start":{"line":18,"column":0},"end":{"line":18,"column":30}},"18":{"start":{"line":19,"column":0},"end":{"line":19,"column":7}},"19":{"start":{"line":20,"column":0},"end":{"line":20,"column":19}},"20":{"start":{"line":21,"column":0},"end":{"line":21,"column":36}},"21":{"start":{"line":22,"column":0},"end":{"line":22,"column":40}},"22":{"start":{"line":23,"column":0},"end":{"line":23,"column":36}},"23":{"start":{"line":24,"column":0},"end":{"line":24,"column":33}},"24":{"start":{"line":25,"column":0},"end":{"line":25,"column":7}},"25":{"start":{"line":26,"column":0},"end":{"line":26,"column":21}},"26":{"start":{"line":27,"column":0},"end":{"line":27,"column":34}},"27":{"start":{"line":28,"column":0},"end":{"line":28,"column":30}},"28":{"start":{"line":29,"column":0},"end":{"line":29,"column":24}},"29":{"start":{"line":30,"column":0},"end":{"line":30,"column":31}},"30":{"start":{"line":31,"column":0},"end":{"line":31,"column":7}},"31":{"start":{"line":32,"column":0},"end":{"line":32,"column":24}},"32":{"start":{"line":33,"column":0},"end":{"line":33,"column":30}},"33":{"start":{"line":34,"column":0},"end":{"line":34,"column":6}},"34":{"start":{"line":35,"column":0},"end":{"line":35,"column":3}}},"s":{"0":1,"2":1,"3":1,"4":1,"5":1,"6":1,"7":1,"8":1,"9":1,"10":1,"11":1,"12":1,"13":1,"14":1,"15":1,"16":1,"17":1,"18":1,"19":1,"20":1,"21":1,"22":1,"23":1,"24":1,"25":1,"26":1,"27":1,"28":1,"29":1,"30":1,"31":1,"32":1,"33":1,"34":1},"branchMap":{},"b":{},"fnMap":{},"f":{}}
,"D:\\Dev\\FootballFever\\src\\core\\services\\i18n\\locales\\de.ts": {"path":"D:\\Dev\\FootballFever\\src\\core\\services\\i18n\\locales\\de.ts","all":false,"statementMap":{"2":{"start":{"line":3,"column":0},"end":{"line":3,"column":33}},"3":{"start":{"line":4,"column":0},"end":{"line":4,"column":13}},"4":{"start":{"line":5,"column":0},"end":{"line":5,"column":38}},"5":{"start":{"line":6,"column":0},"end":{"line":6,"column":42}},"6":{"start":{"line":7,"column":0},"end":{"line":7,"column":29}},"7":{"start":{"line":8,"column":0},"end":{"line":8,"column":28}},"8":{"start":{"line":9,"column":0},"end":{"line":9,"column":24}},"9":{"start":{"line":10,"column":0},"end":{"line":10,"column":38}},"10":{"start":{"line":11,"column":0},"end":{"line":11,"column":31}},"11":{"start":{"line":12,"column":0},"end":{"line":12,"column":52}},"12":{"start":{"line":13,"column":0},"end":{"line":13,"column":59}},"13":{"start":{"line":14,"column":0},"end":{"line":14,"column":36}},"14":{"start":{"line":15,"column":0},"end":{"line":15,"column":52}},"15":{"start":{"line":16,"column":0},"end":{"line":16,"column":43}},"16":{"start":{"line":17,"column":0},"end":{"line":17,"column":110}},"17":{"start":{"line":18,"column":0},"end":{"line":18,"column":36}},"18":{"start":{"line":19,"column":0},"end":{"line":19,"column":6}},"19":{"start":{"line":20,"column":0},"end":{"line":20,"column":10}},"20":{"start":{"line":21,"column":0},"end":{"line":21,"column":49}},"21":{"start":{"line":22,"column":0},"end":{"line":22,"column":55}},"22":{"start":{"line":23,"column":0},"end":{"line":23,"column":47}},"23":{"start":{"line":24,"column":0},"end":{"line":24,"column":46}},"24":{"start":{"line":25,"column":0},"end":{"line":25,"column":6}},"25":{"start":{"line":26,"column":0},"end":{"line":26,"column":12}},"26":{"start":{"line":27,"column":0},"end":{"line":27,"column":39}},"27":{"start":{"line":28,"column":0},"end":{"line":28,"column":38}},"28":{"start":{"line":29,"column":0},"end":{"line":29,"column":26}},"29":{"start":{"line":30,"column":0},"end":{"line":30,"column":67}},"30":{"start":{"line":31,"column":0},"end":{"line":31,"column":6}},"31":{"start":{"line":32,"column":0},"end":{"line":32,"column":15}},"32":{"start":{"line":33,"column":0},"end":{"line":33,"column":30}},"33":{"start":{"line":34,"column":0},"end":{"line":34,"column":5}},"34":{"start":{"line":35,"column":0},"end":{"line":35,"column":2}}},"s":{"2":1,"3":1,"4":1,"5":1,"6":1,"7":1,"8":1,"9":1,"10":1,"11":1,"12":1,"13":1,"14":1,"15":1,"16":1,"17":1,"18":1,"19":1,"20":1,"21":1,"22":1,"23":1,"24":1,"25":1,"26":1,"27":1,"28":1,"29":1,"30":1,"31":1,"32":1,"33":1,"34":1},"branchMap":{},"b":{},"fnMap":{},"f":{}}
,"D:\\Dev\\FootballFever\\src\\core\\services\\i18n\\locales\\en.ts": {"path":"D:\\Dev\\FootballFever\\src\\core\\services\\i18n\\locales\\en.ts","all":false,"statementMap":{"2":{"start":{"line":3,"column":0},"end":{"line":3,"column":33}},"3":{"start":{"line":4,"column":0},"end":{"line":4,"column":13}},"4":{"start":{"line":5,"column":0},"end":{"line":5,"column":35}},"5":{"start":{"line":6,"column":0},"end":{"line":6,"column":39}},"6":{"start":{"line":7,"column":0},"end":{"line":7,"column":29}},"7":{"start":{"line":8,"column":0},"end":{"line":8,"column":30}},"8":{"start":{"line":9,"column":0},"end":{"line":9,"column":23}},"9":{"start":{"line":10,"column":0},"end":{"line":10,"column":36}},"10":{"start":{"line":11,"column":0},"end":{"line":11,"column":28}},"11":{"start":{"line":12,"column":0},"end":{"line":12,"column":50}},"12":{"start":{"line":13,"column":0},"end":{"line":13,"column":53}},"13":{"start":{"line":14,"column":0},"end":{"line":14,"column":33}},"14":{"start":{"line":15,"column":0},"end":{"line":15,"column":48}},"15":{"start":{"line":16,"column":0},"end":{"line":16,"column":43}},"16":{"start":{"line":17,"column":0},"end":{"line":17,"column":89}},"17":{"start":{"line":18,"column":0},"end":{"line":18,"column":36}},"18":{"start":{"line":19,"column":0},"end":{"line":19,"column":6}},"19":{"start":{"line":20,"column":0},"end":{"line":20,"column":10}},"20":{"start":{"line":21,"column":0},"end":{"line":21,"column":49}},"21":{"start":{"line":22,"column":0},"end":{"line":22,"column":51}},"22":{"start":{"line":23,"column":0},"end":{"line":23,"column":43}},"23":{"start":{"line":24,"column":0},"end":{"line":24,"column":38}},"24":{"start":{"line":25,"column":0},"end":{"line":25,"column":6}},"25":{"start":{"line":26,"column":0},"end":{"line":26,"column":12}},"26":{"start":{"line":27,"column":0},"end":{"line":27,"column":40}},"27":{"start":{"line":28,"column":0},"end":{"line":28,"column":33}},"28":{"start":{"line":29,"column":0},"end":{"line":29,"column":19}},"29":{"start":{"line":30,"column":0},"end":{"line":30,"column":65}},"30":{"start":{"line":31,"column":0},"end":{"line":31,"column":6}},"31":{"start":{"line":32,"column":0},"end":{"line":32,"column":15}},"32":{"start":{"line":33,"column":0},"end":{"line":33,"column":27}},"33":{"start":{"line":34,"column":0},"end":{"line":34,"column":5}},"34":{"start":{"line":35,"column":0},"end":{"line":35,"column":2}}},"s":{"2":1,"3":1,"4":1,"5":1,"6":1,"7":1,"8":1,"9":1,"10":1,"11":1,"12":1,"13":1,"14":1,"15":1,"16":1,"17":1,"18":1,"19":1,"20":1,"21":1,"22":1,"23":1,"24":1,"25":1,"26":1,"27":1,"28":1,"29":1,"30":1,"31":1,"32":1,"33":1,"34":1},"branchMap":{},"b":{},"fnMap":{},"f":{}}
,"D:\\Dev\\FootballFever\\src\\core\\services\\i18n\\locales\\es.ts": {"path":"D:\\Dev\\FootballFever\\src\\core\\services\\i18n\\locales\\es.ts","all":false,"statementMap":{"2":{"start":{"line":3,"column":0},"end":{"line":3,"column":33}},"3":{"start":{"line":4,"column":0},"end":{"line":4,"column":13}},"4":{"start":{"line":5,"column":0},"end":{"line":5,"column":39}},"5":{"start":{"line":6,"column":0},"end":{"line":6,"column":39}},"6":{"start":{"line":7,"column":0},"end":{"line":7,"column":30}},"7":{"start":{"line":8,"column":0},"end":{"line":8,"column":31}},"8":{"start":{"line":9,"column":0},"end":{"line":9,"column":23}},"9":{"start":{"line":10,"column":0},"end":{"line":10,"column":39}},"10":{"start":{"line":11,"column":0},"end":{"line":11,"column":28}},"11":{"start":{"line":12,"column":0},"end":{"line":12,"column":55}},"12":{"start":{"line":13,"column":0},"end":{"line":13,"column":58}},"13":{"start":{"line":14,"column":0},"end":{"line":14,"column":36}},"14":{"start":{"line":15,"column":0},"end":{"line":15,"column":49}},"15":{"start":{"line":16,"column":0},"end":{"line":16,"column":47}},"16":{"start":{"line":17,"column":0},"end":{"line":17,"column":92}},"17":{"start":{"line":18,"column":0},"end":{"line":18,"column":36}},"18":{"start":{"line":19,"column":0},"end":{"line":19,"column":6}},"19":{"start":{"line":20,"column":0},"end":{"line":20,"column":10}},"20":{"start":{"line":21,"column":0},"end":{"line":21,"column":51}},"21":{"start":{"line":22,"column":0},"end":{"line":22,"column":54}},"22":{"start":{"line":23,"column":0},"end":{"line":23,"column":47}},"23":{"start":{"line":24,"column":0},"end":{"line":24,"column":41}},"24":{"start":{"line":25,"column":0},"end":{"line":25,"column":6}},"25":{"start":{"line":26,"column":0},"end":{"line":26,"column":12}},"26":{"start":{"line":27,"column":0},"end":{"line":27,"column":45}},"27":{"start":{"line":28,"column":0},"end":{"line":28,"column":34}},"28":{"start":{"line":29,"column":0},"end":{"line":29,"column":24}},"29":{"start":{"line":30,"column":0},"end":{"line":30,"column":66}},"30":{"start":{"line":31,"column":0},"end":{"line":31,"column":6}},"31":{"start":{"line":32,"column":0},"end":{"line":32,"column":15}},"32":{"start":{"line":33,"column":0},"end":{"line":33,"column":29}},"33":{"start":{"line":34,"column":0},"end":{"line":34,"column":5}},"34":{"start":{"line":35,"column":0},"end":{"line":35,"column":2}}},"s":{"2":1,"3":1,"4":1,"5":1,"6":1,"7":1,"8":1,"9":1,"10":1,"11":1,"12":1,"13":1,"14":1,"15":1,"16":1,"17":1,"18":1,"19":1,"20":1,"21":1,"22":1,"23":1,"24":1,"25":1,"26":1,"27":1,"28":1,"29":1,"30":1,"31":1,"32":1,"33":1,"34":1},"branchMap":{},"b":{},"fnMap":{},"f":{}}
,"D:\\Dev\\FootballFever\\src\\core\\services\\i18n\\locales\\fr.ts": {"path":"D:\\Dev\\FootballFever\\src\\core\\services\\i18n\\locales\\fr.ts","all":false,"statementMap":{"2":{"start":{"line":3,"column":0},"end":{"line":3,"column":33}},"3":{"start":{"line":4,"column":0},"end":{"line":4,"column":13}},"4":{"start":{"line":5,"column":0},"end":{"line":5,"column":41}},"5":{"start":{"line":6,"column":0},"end":{"line":6,"column":37}},"6":{"start":{"line":7,"column":0},"end":{"line":7,"column":29}},"7":{"start":{"line":8,"column":0},"end":{"line":8,"column":33}},"8":{"start":{"line":9,"column":0},"end":{"line":9,"column":24}},"9":{"start":{"line":10,"column":0},"end":{"line":10,"column":46}},"10":{"start":{"line":11,"column":0},"end":{"line":11,"column":31}},"11":{"start":{"line":12,"column":0},"end":{"line":12,"column":49}},"12":{"start":{"line":13,"column":0},"end":{"line":13,"column":61}},"13":{"start":{"line":14,"column":0},"end":{"line":14,"column":37}},"14":{"start":{"line":15,"column":0},"end":{"line":15,"column":51}},"15":{"start":{"line":16,"column":0},"end":{"line":16,"column":46}},"16":{"start":{"line":17,"column":0},"end":{"line":17,"column":87}},"17":{"start":{"line":18,"column":0},"end":{"line":18,"column":36}},"18":{"start":{"line":19,"column":0},"end":{"line":19,"column":6}},"19":{"start":{"line":20,"column":0},"end":{"line":20,"column":10}},"20":{"start":{"line":21,"column":0},"end":{"line":21,"column":54}},"21":{"start":{"line":22,"column":0},"end":{"line":22,"column":53}},"22":{"start":{"line":23,"column":0},"end":{"line":23,"column":46}},"23":{"start":{"line":24,"column":0},"end":{"line":24,"column":42}},"24":{"start":{"line":25,"column":0},"end":{"line":25,"column":6}},"25":{"start":{"line":26,"column":0},"end":{"line":26,"column":12}},"26":{"start":{"line":27,"column":0},"end":{"line":27,"column":41}},"27":{"start":{"line":28,"column":0},"end":{"line":28,"column":34}},"28":{"start":{"line":29,"column":0},"end":{"line":29,"column":24}},"29":{"start":{"line":30,"column":0},"end":{"line":30,"column":70}},"30":{"start":{"line":31,"column":0},"end":{"line":31,"column":6}},"31":{"start":{"line":32,"column":0},"end":{"line":32,"column":15}},"32":{"start":{"line":33,"column":0},"end":{"line":33,"column":30}},"33":{"start":{"line":34,"column":0},"end":{"line":34,"column":5}},"34":{"start":{"line":35,"column":0},"end":{"line":35,"column":2}}},"s":{"2":1,"3":1,"4":1,"5":1,"6":1,"7":1,"8":1,"9":1,"10":1,"11":1,"12":1,"13":1,"14":1,"15":1,"16":1,"17":1,"18":1,"19":1,"20":1,"21":1,"22":1,"23":1,"24":1,"25":1,"26":1,"27":1,"28":1,"29":1,"30":1,"31":1,"32":1,"33":1,"34":1},"branchMap":{},"b":{},"fnMap":{},"f":{}}
,"D:\\Dev\\FootballFever\\src\\core\\services\\logger\\LoggerService.ts": {"path":"D:\\Dev\\FootballFever\\src\\core\\services\\logger\\LoggerService.ts","all":false,"statementMap":{"0":{"start":{"line":1,"column":0},"end":{"line":1,"column":58}},"2":{"start":{"line":3,"column":0},"end":{"line":3,"column":22}},"3":{"start":{"line":4,"column":0},"end":{"line":4,"column":20}},"4":{"start":{"line":5,"column":0},"end":{"line":5,"column":18}},"5":{"start":{"line":6,"column":0},"end":{"line":6,"column":18}},"6":{"start":{"line":7,"column":0},"end":{"line":7,"column":19}},"9":{"start":{"line":10,"column":0},"end":{"line":10,"column":23}},"10":{"start":{"line":11,"column":0},"end":{"line":11,"column":18}},"11":{"start":{"line":12,"column":0},"end":{"line":12,"column":20}},"12":{"start":{"line":13,"column":0},"end":{"line":13,"column":14}},"13":{"start":{"line":14,"column":0},"end":{"line":14,"column":32}},"14":{"start":{"line":15,"column":0},"end":{"line":15,"column":17}},"25":{"start":{"line":26,"column":0},"end":{"line":26,"column":28}},"26":{"start":{"line":27,"column":0},"end":{"line":27,"column":43}},"27":{"start":{"line":28,"column":0},"end":{"line":28,"column":54}},"28":{"start":{"line":29,"column":0},"end":{"line":29,"column":76}},"30":{"start":{"line":31,"column":0},"end":{"line":31,"column":28}},"32":{"start":{"line":33,"column":0},"end":{"line":33,"column":48}},"33":{"start":{"line":34,"column":0},"end":{"line":34,"column":38}},"34":{"start":{"line":35,"column":0},"end":{"line":35,"column":57}},"35":{"start":{"line":36,"column":0},"end":{"line":36,"column":9}},"36":{"start":{"line":37,"column":0},"end":{"line":37,"column":38}},"37":{"start":{"line":38,"column":0},"end":{"line":38,"column":5}},"39":{"start":{"line":40,"column":0},"end":{"line":40,"column":54}},"40":{"start":{"line":41,"column":0},"end":{"line":41,"column":36}},"41":{"start":{"line":42,"column":0},"end":{"line":42,"column":5}},"43":{"start":{"line":44,"column":0},"end":{"line":44,"column":53}},"44":{"start":{"line":45,"column":0},"end":{"line":45,"column":35}},"45":{"start":{"line":46,"column":0},"end":{"line":46,"column":5}},"47":{"start":{"line":48,"column":0},"end":{"line":48,"column":93}},"48":{"start":{"line":49,"column":0},"end":{"line":49,"column":56}},"49":{"start":{"line":50,"column":0},"end":{"line":50,"column":5}},"51":{"start":{"line":52,"column":0},"end":{"line":52,"column":92}},"52":{"start":{"line":53,"column":0},"end":{"line":53,"column":55}},"53":{"start":{"line":54,"column":0},"end":{"line":54,"column":5}},"55":{"start":{"line":56,"column":0},"end":{"line":56,"column":92}},"56":{"start":{"line":57,"column":0},"end":{"line":57,"column":55}},"57":{"start":{"line":58,"column":0},"end":{"line":58,"column":5}},"59":{"start":{"line":60,"column":0},"end":{"line":60,"column":93}},"60":{"start":{"line":61,"column":0},"end":{"line":61,"column":56}},"61":{"start":{"line":62,"column":0},"end":{"line":62,"column":5}},"63":{"start":{"line":64,"column":0},"end":{"line":64,"column":109}},"64":{"start":{"line":65,"column":0},"end":{"line":65,"column":58}},"65":{"start":{"line":66,"column":0},"end":{"line":66,"column":51}},"67":{"start":{"line":68,"column":0},"end":{"line":68,"column":33}},"68":{"start":{"line":69,"column":0},"end":{"line":69,"column":22}},"69":{"start":{"line":70,"column":0},"end":{"line":70,"column":18}},"70":{"start":{"line":71,"column":0},"end":{"line":71,"column":40}},"71":{"start":{"line":72,"column":0},"end":{"line":72,"column":20}},"72":{"start":{"line":73,"column":0},"end":{"line":73,"column":16}},"73":{"start":{"line":74,"column":0},"end":{"line":74,"column":10}},"76":{"start":{"line":77,"column":0},"end":{"line":77,"column":47}},"78":{"start":{"line":79,"column":0},"end":{"line":79,"column":33}},"79":{"start":{"line":80,"column":0},"end":{"line":80,"column":52}},"80":{"start":{"line":81,"column":0},"end":{"line":81,"column":75}},"81":{"start":{"line":82,"column":0},"end":{"line":82,"column":23}},"82":{"start":{"line":83,"column":0},"end":{"line":83,"column":58}},"83":{"start":{"line":84,"column":0},"end":{"line":84,"column":20}},"84":{"start":{"line":85,"column":0},"end":{"line":85,"column":52}},"85":{"start":{"line":86,"column":0},"end":{"line":86,"column":13}},"86":{"start":{"line":87,"column":0},"end":{"line":87,"column":19}},"87":{"start":{"line":88,"column":0},"end":{"line":88,"column":9}},"89":{"start":{"line":90,"column":0},"end":{"line":90,"column":49}},"91":{"start":{"line":92,"column":0},"end":{"line":92,"column":24}},"92":{"start":{"line":93,"column":0},"end":{"line":93,"column":32}},"93":{"start":{"line":94,"column":0},"end":{"line":94,"column":42}},"94":{"start":{"line":95,"column":0},"end":{"line":95,"column":22}},"95":{"start":{"line":96,"column":0},"end":{"line":96,"column":31}},"96":{"start":{"line":97,"column":0},"end":{"line":97,"column":41}},"97":{"start":{"line":98,"column":0},"end":{"line":98,"column":22}},"98":{"start":{"line":99,"column":0},"end":{"line":99,"column":31}},"99":{"start":{"line":100,"column":0},"end":{"line":100,"column":41}},"100":{"start":{"line":101,"column":0},"end":{"line":101,"column":22}},"101":{"start":{"line":102,"column":0},"end":{"line":102,"column":32}},"102":{"start":{"line":103,"column":0},"end":{"line":103,"column":42}},"103":{"start":{"line":104,"column":0},"end":{"line":104,"column":22}},"104":{"start":{"line":105,"column":0},"end":{"line":105,"column":9}},"105":{"start":{"line":106,"column":0},"end":{"line":106,"column":5}},"107":{"start":{"line":108,"column":0},"end":{"line":108,"column":52}},"108":{"start":{"line":109,"column":0},"end":{"line":109,"column":24}},"109":{"start":{"line":110,"column":0},"end":{"line":110,"column":54}},"110":{"start":{"line":111,"column":0},"end":{"line":111,"column":56}},"111":{"start":{"line":112,"column":0},"end":{"line":112,"column":56}},"112":{"start":{"line":113,"column":0},"end":{"line":113,"column":76}},"113":{"start":{"line":114,"column":0},"end":{"line":114,"column":42}},"114":{"start":{"line":115,"column":0},"end":{"line":115,"column":9}},"115":{"start":{"line":116,"column":0},"end":{"line":116,"column":5}},"116":{"start":{"line":117,"column":0},"end":{"line":117,"column":1}}},"s":{"0":1,"2":1,"3":1,"4":1,"5":1,"6":1,"9":1,"10":1,"11":1,"12":1,"13":1,"14":1,"25":1,"26":10,"27":10,"28":10,"30":10,"32":10,"33":39,"34":5,"35":5,"36":39,"37":39,"39":10,"40":2,"41":2,"43":10,"44":17,"45":17,"47":10,"48":3,"49":3,"51":10,"52":12,"53":12,"55":10,"56":3,"57":3,"59":10,"60":5,"61":5,"63":10,"64
[...]
{"line":180,"column":0},"end":{"line":180,"column":36}},"180":{"start":{"line":181,"column":0},"end":{"line":181,"column":135}},"181":{"start":{"line":182,"column":0},"end":{"line":182,"column":21}},"182":{"start":{"line":183,"column":0},"end":{"line":183,"column":35}},"183":{"start":{"line":184,"column":0},"end":{"line":184,"column":53}},"184":{"start":{"line":185,"column":0},"end":{"line":185,"column":4}},"185":{"start":{"line":186,"column":0},"end":{"line":186,"column":2}},"190":{"start":{"line":191,"column":0},"end":{"line":191,"column":58}},"191":{"start":{"line":192,"column":0},"end":{"line":192,"column":76}},"193":{"start":{"line":194,"column":0},"end":{"line":194,"column":14}},"194":{"start":{"line":195,"column":0},"end":{"line":195,"column":49}},"195":{"start":{"line":196,"column":0},"end":{"line":196,"column":3}},"197":{"start":{"line":198,"column":0},"end":{"line":198,"column":14}},"198":{"start":{"line":199,"column":0},"end":{"line":199,"column":1}},"205":{"start":{"line":206,"column":0},"end":{"line":206,"column":97}},"206":{"start":{"line":207,"column":0},"end":{"line":207,"column":32}},"207":{"start":{"line":208,"column":0},"end":{"line":208,"column":33}},"208":{"start":{"line":209,"column":0},"end":{"line":209,"column":29}},"209":{"start":{"line":210,"column":0},"end":{"line":210,"column":10}},"210":{"start":{"line":211,"column":0},"end":{"line":211,"column":30}},"211":{"start":{"line":212,"column":0},"end":{"line":212,"column":3}},"212":{"start":{"line":213,"column":0},"end":{"line":213,"column":1}},"217":{"start":{"line":218,"column":0},"end":{"line":218,"column":98}},"218":{"start":{"line":219,"column":0},"end":{"line":219,"column":32}},"219":{"start":{"line":220,"column":0},"end":{"line":220,"column":33}},"220":{"start":{"line":221,"column":0},"end":{"line":221,"column":30}},"221":{"start":{"line":222,"column":0},"end":{"line":222,"column":10}},"222":{"start":{"line":223,"column":0},"end":{"line":223,"column":29}},"223":{"start":{"line":224,"column":0},"end":{"line":224,"column":3}},"224":{"start":{"line":225,"column":0},"end":{"line":225,"column":1}},"229":{"start":{"line":230,"column":0},"end":{"line":230,"column":84}},"230":{"start":{"line":231,"column":0},"end":{"line":231,"column":40}},"231":{"start":{"line":232,"column":0},"end":{"line":232,"column":10}},"232":{"start":{"line":233,"column":0},"end":{"line":233,"column":43}},"233":{"start":{"line":234,"column":0},"end":{"line":234,"column":43}},"234":{"start":{"line":235,"column":0},"end":{"line":235,"column":44}},"235":{"start":{"line":236,"column":0},"end":{"line":236,"column":53}},"237":{"start":{"line":238,"column":0},"end":{"line":238,"column":1}}},"s":{"0":1,"6":1,"7":1,"8":1,"9":1,"10":1,"11":1,"12":1,"35":1,"37":1,"38":1,"39":1,"40":1,"41":1,"42":1,"43":1,"44":1,"45":1,"46":1,"47":1,"48":1,"49":1,"50":1,"51":1,"52":1,"53":1,"54":1,"55":1,"56":1,"57":1,"58":1,"59":1,"60":1,"61":1,"62":1,"63":1,"64":1,"67":1,"68":1,"69":1,"70":1,"71":1,"72":1,"73":1,"74":1,"75":1,"76":1,"77":1,"78":1,"79":1,"80":1,"81":1,"82":1,"83":1,"84":1,"85":1,"86":1,"87":1,"88":1,"89":1,"90":1,"91":1,"92":1,"93":1,"94":1,"97":1,"98":1,"99":1,"100":1,"101":1,"102":1,"103":1,"104":1,"105":1,"106":1,"107":1,"108":1,"109":1,"110":1,"111":1,"112":1,"113":1,"114":1,"115":1,"116":1,"117":1,"118":1,"119":1,"120":1,"121":1,"122":1,"123":1,"124":1,"127":1,"128":1,"129":1,"130":1,"131":1,"132":1,"133":1,"134":1,"135":1,"136":1,"137":1,"138":1,"139":1,"140":1,"141":1,"142":1,"143":1,"144":1,"145":1,"146":1,"147":1,"148":1,"149":1,"150":1,"151":1,"152":1,"153":1,"154":1,"157":1,"158":1,"159":1,"160":1,"161":1,"162":1,"163":1,"164":1,"165":1,"166":1,"167":1,"168":1,"169":1,"170":1,"171":1,"172":1,"173":1,"174":1,"175":1,"176":1,"177":1,"178":1,"179":1,"180":1,"181":1,"182":1,"183":1,"184":1,"185":1,"190":1,"191":3659,"193":3659,"194":0,"195":0,"197":3659,"198":3659,"205":1,"206":933,"207":933,"208":422,"209":933,"210":511,"211":511,"212":933,"217":1,"218":272,"219":272,"220":106,"221":272,"222":166,"223":166,"224":272,"229":1,"230":2,"231":2,"232":2,"233":1,"234":1,"235":1,"237":2},"branchMap":{"0":{"type":"branch","line":191,"loc":{"start":{"line":191,"column":7},"end":{"line":199,"column":1}},"locations":[{"start":{"line":191,"column":7},"end":{"line":199,"column":1}}]},"1":{"type":"branch","line":194,"loc":{"start":{"line":194,"column":13},"end":{"line":196,"column":3}},"locations":[{"start":{"line":194,"column":13},"end":{"line":196,"column":3}}]},"2":{"type":"branch","line":206,"loc":{"start":{"line":206,"column":7},"end":{"line":213,"column":1}},"locations":[{"start":{"line":206,"column":7},"end":{"line":213,"column":1}}]},"3":{"type":"branch","line":208,"loc":{"start":{"line":208,"column":32},"end":{"line":210,"column":9}},"locations":[{"start":{"line":208,"column":32},"end":{"line":210,"column":9}}]},"4":{"type":"branch","line":210,"loc":{"start":{"line":210,"column":2},"end":{"line":212,"column":3}},"locations":[{"start":{"line":210,"column":2},"end":{"line":212,"column":3}}]},"5":{"type":"branch","line":218,"loc":{"start":{"line":218,"column":7},"end":{"line":225,"column":1}},"locations":[{"start":{"line":218,"column":7},"end":{"line":225,"column":1}}]},"6":{"type":"branch","line":220,"loc":{"start":{"line":220,"column":32},"end":{"line":222,"column":9}},"locations":[{"start":{"line":220,"column":32},"end":{"line":222,"column":9}}]},"7":{"type":"branch","line":222,"loc":{"start":{"line":222,"column":2},"end":{"line":224,"column":3}},"locations":[{"start":{"line":222,"column":2},"end":{"line":224,"column":3}}]},"8":{"type":"branch","line":230,"loc":{"start":{"line":230,"column":7},"end":{"line":238,"column":1}},"locations":[{"start":{"line":230,"column":7},"end":{"line":238,"column":1}}]},"9":{"type":"branch","line":233,"loc":{"start":{"line":233,"column":39},"end":{"line":234,"column":43}},"locations":[{"start":{"line":233,"column":39},"end":{"line":234,"column":43}}]},"10":{"type":"branch","line":234,"loc":{"start":{"line":234,"column":39},"end":{"line":235,"column":44}},"locations":[{"start":{"line":234,"column":39},"end":{"line":235,"column":44}}]},"11":{"type":"branch","line":235,"loc":{"start":{"line":235,"column":40},"end":{"line":236,"column":53}},"locations":[{"start":{"line":235,"column":40},"end":{"line":236,"column":53}}]}},"b":{"0":[3659],"1":[0],"2":[933],"3":[422],"4":[511],"5":[272],"6":[106],"7":[166],"8":[2],"9":[1],"10":[1],"11":[1]},"fnMap":{"0":{"name":"getMatchZone","decl":{"start":{"line":191,"column":7},"end":{"line":199,"column":1}},"loc":{"start":{"line":191,"column":7},"end":{"line":199,"column":1}},"line":191},"1":{"name":"getForwardZones","decl":{"start":{"line":206,"column":7},"end":{"line":213,"column":1}},"loc":{"start":{"line":206,"column":7},"end":{"line":213,"column":1}},"line":206},"2":{"name":"getBackwardZones","decl":{"start":{"line":218,"column":7},"end":{"line":225,"column":1}},"loc":{"start":{"line":218,"column":7},"end":{"line":225,"column":1}},"line":218},"3":{"name":"isValidTransition","decl":{"start":{"line":230,"column":7},"end":{"line":238,"column":1}},"loc":{"start":{"line":230,"column":7},"end":{"line":238,"column":1}},"line":230}},"f":{"0":3659,"1":933,"2":272,"3":2}}
,"D:\\Dev\\FootballFever\\src\\domains\\match\\worker\\MatchWorker.ts": {"path":"D:\\Dev\\FootballFever\\src\\domains\\match\\worker\\MatchWorker.ts","all":false,"statementMap":{"0":{"start":{"line":1,"column":0},"end":{"line":1,"column":92}},"18":{"start":{"line":19,"column":0},"end":{"line":19,"column":26}},"19":{"start":{"line":20,"column":0},"end":{"line":20,"column":68}},"20":{"start":{"line":21,"column":0},"end":{"line":21,"column":69}},"22":{"start":{"line":23,"column":0},"end":{"line":23,"column":48}},"23":{"start":{"line":24,"column":0},"end":{"line":24,"column":30}},"28":{"start":{"line":29,"column":0},"end":{"line":29,"column":31}},"29":{"start":{"line":30,"column":0},"end":{"line":30,"column":56}},"32":{"start":{"line":33,"column":0},"end":{"line":33,"column":43}},"33":{"start":{"line":34,"column":0},"end":{"line":34,"column":31}},"35":{"start":{"line":36,"column":0},"end":{"line":36,"column":21}},"36":{"start":{"line":37,"column":0},"end":{"line":37,"column":30}},"37":{"start":{"line":38,"column":0},"end":{"line":38,"column":34}},"38":{"start":{"line":39,"column":0},"end":{"line":39,"column":39}},"39":{"start":{"line":40,"column":0},"end":{"line":40,"column":49}},"40":{"start":{"line":41,"column":0},"end":{"line":41,"column":14}},"44":{"start":{"line":45,"column":0},"end":{"line":45,"column":49}},"45":{"start":{"line":46,"column":0},"end":{"line":46,"column":28}},"46":{"start":{"line":47,"column":0},"end":{"line":47,"column":29}},"47":{"start":{"line":48,"column":0},"end":{"line":48,"column":7}},"50":{"start":{"line":51,"column":0},"end":{"line":51,"column":44}},"51":{"start":{"line":52,"column":0},"end":{"line":52,"column":71}},"53":{"start":{"line":54,"column":0},"end":{"line":54,"column":65}},"55":{"start":{"line":56,"column":0},"end":{"line":56,"column":21}},"56":{"start":{"line":57,"column":0},"end":{"line":57,"column":33}},"57":{"start":{"line":58,"column":0},"end":{"line":58,"column":60}},"58":{"start":{"line":59,"column":0},"end":{"line":59,"column":51}},"59":{"start":{"line":60,"column":0},"end":{"line":60,"column":12}},"60":{"start":{"line":61,"column":0},"end":{"line":61,"column":1}},"62":{"start":{"line":63,"column":0},"end":{"line":63,"column":30}},"63":{"start":{"line":64,"column":0},"end":{"line":64,"column":28}},"64":{"start":{"line":65,"column":0},"end":{"line":65,"column":41}},"65":{"start":{"line":66,"column":0},"end":{"line":66,"column":33}},"66":{"start":{"line":67,"column":0},"end":{"line":67,"column":5}},"68":{"start":{"line":69,"column":0},"end":{"line":69,"column":29}},"69":{"start":{"line":70,"column":0},"end":{"line":70,"column":42}},"70":{"start":{"line":71,"column":0},"end":{"line":71,"column":34}},"71":{"start":{"line":72,"column":0},"end":{"line":72,"column":5}},"73":{"start":{"line":74,"column":0},"end":{"line":74,"column":26}},"74":{"start":{"line":75,"column":0},"end":{"line":75,"column":29}},"75":{"start":{"line":76,"column":0},"end":{"line":76,"column":1}},"79":{"start":{"line":80,"column":0},"end":{"line":80,"column":8}}},"s":{"0":1,"18":1,"19":1,"20":1,"22":1,"23":1,"28":1,"29":3,"32":3,"33":2,"35":2,"36":2,"37":2,"38":2,"39":2,"40":3,"44":3,"45":3,"46":3,"47":3,"50":3,"51":10,"53":10,"55":10,"56":10,"57":10,"58":10,"59":3,"60":3,"62":1,"63":1,"64":1,"65":1,"66":1,"68":1,"69":1,"70":1,"71":1,"73":1,"74":1,"75":1,"79":1},"branchMap":{"0":{"type":"branch","line":29,"loc":{"start":{"line":29,"column":7},"end":{"line":61,"column":1}},"locations":[{"start":{"line":29,"column":7},"end":{"line":61,"column":1}}]},"1":{"type":"branch","line":30,"loc":{"start":{"line":30,"column":49},"end":{"line":30,"column":56}},"locations":[{"start":{"line":30,"column":49},"end":{"line":30,"column":56}}]},"2":{"type":"branch","line":33,"loc":{"start":{"line":33,"column":36},"end":{"line":41,"column":7}},"locations":[{"start":{"line":33,"column":36},"end":{"line":41,"column":7}}]},"3":{"type":"branch","line":51,"loc":{"start":{"line":51,"column":37},"end":{"line":60,"column":7}},"locations":[{"start":{"line":51,"column":37},"end":{"line":60,"column":7}}]},"4":{"type":"branch","line":52,"loc":{"start":{"line":52,"column":64},"end":{"line":52,"column":71}},"locations":[{"start":{"line":52,"column":64},"end":{"line":52,"column":71}}]},"5":{"type":"branch","line":63,"loc":{"start":{"line":63,"column":7},"end":{"line":76,"column":1}},"locations":[{"start":{"line":63,"column":7},"end":{"line":76,"column":1}}]}},"b":{"0":[3],"1":[0],"2":[2],"3":[10],"4":[0],"5":[1]},"fnMap":{"0":{"name":"start","decl":{"start":{"line":29,"column":7},"end":{"line":61,"column":1}},"loc":{"start":{"line":29,"column":7},"end":{"line":61,"column":1}},"line":29},"1":{"name":"stop","decl":{"start":{"line":63,"column":7},"end":{"line":76,"column":1}},"loc":{"start":{"line":63,"column":7},"end":{"line":76,"column":1}},"line":63}},"f":{"0":3,"1":1}}
,"D:\\Dev\\FootballFever\\src\\domains\\shared\\factories\\EntityFactory.ts": {"path":"D:\\Dev\\FootballFever\\src\\domains\\shared\\factories\\EntityFactory.ts","all":false,"statementMap":{"0":{"start":{"line":1,"column":0},"end":{"line":1,"column":69}},"10":{"start":{"line":11,"column":0},"end":{"line":11,"column":28}},"11":{"start":{"line":12,"column":0},"end":{"line":12,"column":19}},"12":{"start":{"line":13,"column":0},"end":{"line":13,"column":28}},"13":{"start":{"line":14,"column":0},"end":{"line":14,"column":21}},"14":{"start":{"line":15,"column":0},"end":{"line":15,"column":19}},"15":{"start":{"line":16,"column":0},"end":{"line":16,"column":12}},"16":{"start":{"line":17,"column":0},"end":{"line":17,"column":17}},"17":{"start":{"line":18,"column":0},"end":{"line":18,"column":21}},"18":{"start":{"line":19,"column":0},"end":{"line":19,"column":20}},"19":{"start":{"line":20,"column":0},"end":{"line":20,"column":22}},"20":{"start":{"line":21,"column":0},"end":{"line":21,"column":20}},"21":{"start":{"line":22,"column":0},"end":{"line":22,"column":20}},"22":{"start":{"line":23,"column":0},"end":{"line":23,"column":6}},"23":{"start":{"line":24,"column":0},"end":{"line":24,"column":13}},"24":{"start":{"line":25,"column":0},"end":{"line":25,"column":10}},"25":{"start":{"line":26,"column":0},"end":{"line":26,"column":11}},"26":{"start":{"line":27,"column":0},"end":{"line":27,"column":2}},"28":{"start":{"line":29,"column":0},"end":{"line":29,"column":28}},"29":{"start":{"line":30,"column":0},"end":{"line":30,"column":37}},"31":{"start":{"line":32,"column":0},"end":{"line":32,"column":77}},"32":{"start":{"line":33,"column":0},"end":{"line":33,"column":81}},"33":{"start":{"line":34,"column":0},"end":{"line":34,"column":38}},"34":{"start":{"line":35,"column":0},"end":{"line":35,"column":26}},"35":{"start":{"line":36,"column":0},"end":{"line":36,"column":25}},"36":{"start":{"line":37,"column":0},"end":{"line":37,"column":25}},"37":{"start":{"line":38,"column":0},"end":{"line":38,"column":20}},"38":{"start":{"line":39,"column":0},"end":{"line":39,"column":36}},"39":{"start":{"line":40,"column":0},"end":{"line":40,"column":34}},"40":{"start":{"line":41,"column":0},"end":{"line":41,"column":13}},"41":{"start":{"line":42,"column":0},"end":{"line":42,"column":10}},"43":{"start":{"line":44,"column":0},"end":{"line":44,"column":41}},"45":{"start":{"line":46,"column":0},"end":{"line":46,"column":48}},"46":{"start":{"line":47,"column":0},"end":{"line":47,"column":5}},"48":{"start":{"line":49,"column":0},"end":{"line":49,"column":41}},"49":{"start":{"line":50,"column":0},"end":{"line":50,"column":40}},"50":{"start":{"line":51,"column":0},"end":{"line":51,"column":5}},"51":{"start":{"line":52,"column":0},"end":{"line":52,"column":1}}},"s":{"0":1,"10":1,"11":1,"12":1,"13":1,"14":1,"15":1,"16":1,"17":1,"18":1,"19":1,"20":1,"21":1,"22":1,"23":1,"24":1,"25":1,"26":1,"28":1,"29":3,"31":3,"32":10,"33":10,"34":10,"35":10,"36":10,"37":10,"38":10,"39":10,"40":10,"41":10,"43":10,"45":10,"46":10,"48":3,"49":12,"50":12,"51":3},"branchMap":{"0":{"type":"branch","line":29,"loc":{"start":{"line":29,"column":27},"end":{"line":52,"column":1}},"locations":[{"start":{"line":29,"column":27},"end":{"line":52,"column":1}}]},"1":{"type":"branch","line":32,"loc":{"start":{"line":32,"column":18},"end":{"line":47,"column":5}},"locations":[{"start":{"line":32,"column":18},"end":{"line":47,"column":5}}]},"2":{"type":"branch","line":33,"loc":{"start":{"line":33,"column":35},"end":{"line":33,"column":81}},"locations":[{"start":{"line":33,"column":35},"end":{"line":33,"column":81}}]},"3":{"type":"branch","line":49,"loc":{"start":{"line":49,"column":18},"end":{"line":51,"column":5}},"locations":[{"start":{"line":49,"column":18},"end":{"line":51,"column":5}}]}},"b":{"0":[3],"1":[10],"2":[5],"3":[12]},"fnMap":{"0":{"name":"<static_initializer>","decl":{"start":{"line":29,"column":27},"end":{"line":52,"column":1}},"loc":{"start":{"line":29,"column":27},"end":{"line":52,"column":1}},"line":29},"1":{"name":"createPlayer","decl":{"start":{"line":32,"column":18},"end":{"line":47,"column":5}},"loc":{"start":{"line":32,"column":18},"end":{"line":47,"column":5}},"line":32},"2":{"name":"resetCounters","decl":{"start":{"line":49,"column":18},"end":{"line":51,"column":5}},"loc":{"start":{"line":49,"column":18},"end":{"line":51,"column":5}},"line":49}},"f":{"0":3,"1":10,"2":12}}
,"D:\\Dev\\FootballFever\\src\\domains\\shared\\schemas\\EntitySchemas.ts": {"path":"D:\\Dev\\FootballFever\\src\\domains\\shared\\schemas\\EntitySchemas.ts","all":false,"statementMap":{"0":{"start":{"line":1,"column":0},"end":{"line":1,"column":24}},"2":{"start":{"line":3,"column":0},"end":{"line":3,"column":76}},"3":{"start":{"line":4,"column":0},"end":{"line":4,"column":38}},"4":{"start":{"line":5,"column":0},"end":{"line":5,"column":9}},"5":{"start":{"line":6,"column":0},"end":{"line":6,"column":9}},"6":{"start":{"line":7,"column":0},"end":{"line":7,"column":9}},"7":{"start":{"line":8,"column":0},"end":{"line":8,"column":9}},"8":{"start":{"line":9,"column":0},"end":{"line":9,"column":10}},"9":{"start":{"line":10,"column":0},"end":{"line":10,"column":9}},"10":{"start":{"line":11,"column":0},"end":{"line":11,"column":10}},"11":{"start":{"line":12,"column":0},"end":{"line":12,"column":9}},"12":{"start":{"line":13,"column":0},"end":{"line":13,"column":9}},"13":{"start":{"line":14,"column":0},"end":{"line":14,"column":8}},"14":{"start":{"line":15,"column":0},"end":{"line":15,"column":3}},"16":{"start":{"line":17,"column":0},"end":{"line":17,"column":43}},"17":{"start":{"line":18,"column":0},"end":{"line":18,"column":37}},"18":{"start":{"line":19,"column":0},"end":{"line":19,"column":41}},"19":{"start":{"line":20,"column":0},"end":{"line":20,"column":40}},"20":{"start":{"line":21,"column":0},"end":{"line":21,"column":42}},"21":{"start":{"line":22,"column":0},"end":{"line":22,"column":40}},"22":{"start":{"line":23,"column":0},"end":{"line":23,"column":40}},"23":{"start":{"line":24,"column":0},"end":{"line":24,"column":17}},"25":{"start":{"line":26,"column":0},"end":{"line":26,"column":38}},"26":{"start":{"line":27,"column":0},"end":{"line":27,"column":26}},"27":{"start":{"line":28,"column":0},"end":{"line":28,"column":28}},"28":{"start":{"line":29,"column":0},"end":{"line":29,"column":25}},"29":{"start":{"line":30,"column":0},"end":{"line":30,"column":29}},"30":{"start":{"line":31,"column":0},"end":{"line":31,"column":29}},"31":{"start":{"line":32,"column":0},"end":{"line":32,"column":35}},"32":{"start":{"line":33,"column":0},"end":{"line":33,"column":32}},"33":{"start":{"line":34,"column":0},"end":{"line":34,"column":41}},"34":{"start":{"line":35,"column":0},"end":{"line":35,"column":17}},"36":{"start":{"line":37,"column":0},"end":{"line":37,"column":36}},"37":{"start":{"line":38,"column":0},"end":{"line":38,"column":26}},"38":{"start":{"line":39,"column":0},"end":{"line":39,"column":28}},"39":{"start":{"line":40,"column":0},"end":{"line":40,"column":71}},"40":{"start":{"line":41,"column":0},"end":{"line":41,"column":32}},"41":{"start":{"line":42,"column":0},"end":{"line":42,"column":17}},"43":{"start":{"line":44,"column":0},"end":{"line":44,"column":41}},"44":{"start":{"line":45,"column":0},"end":{"line":45,"column":26}},"45":{"start":{"line":46,"column":0},"end":{"line":46,"column":36}},"46":{"start":{"line":47,"column":0},"end":{"line":47,"column":56}},"47":{"start":{"line":48,"column":0},"end":{"line":48,"column":38}},"48":{"start":{"line":49,"column":0},"end":{"line":49,"column":36}},"49":{"start":{"line":50,"column":0},"end":{"line":50,"column":17}}},"s":{"0":1,"2":1,"3":1,"4":1,"5":1,"6":1,"7":1,"8":1,"9":1,"10":1,"11":1,"12":1,"13":1,"14":1,"16":1,"17":1,"18":1,"19":1,"20":1,"21":1,"22":1,"23":1,"25":1,"26":1,"27":1,"28":1,"29":1,"30":1,"31":1,"32":1,"33":1,"34":1,"36":1,"37":1,"38":1,"39":1,"40":1,"41":1,"43":1,"44":1,"45":1,"46":1,"47":1,"48":1,"49":1},"branchMap":{},"b":{},"fnMap":{},"f":{}}
}
