{"D:\\Dev\\FootballFever\\src\\core\\fsm\\FlowController.ts": {"path":"D:\\Dev\\FootballFever\\src\\core\\fsm\\FlowController.ts","all":false,"statementMap":{"0":{"start":{"line":1,"column":0},"end":{"line":1,"column":40}},"7":{"start":{"line":8,"column":0},"end":{"line":8,"column":29}},"8":{"start":{"line":9,"column":0},"end":{"line":9,"column":53}},"9":{"start":{"line":10,"column":0},"end":{"line":10,"column":66}},"10":{"start":{"line":11,"column":0},"end":{"line":11,"column":70}},"12":{"start":{"line":13,"column":0},"end":{"line":13,"column":59}},"13":{"start":{"line":14,"column":0},"end":{"line":14,"column":41}},"14":{"start":{"line":15,"column":0},"end":{"line":15,"column":5}},"16":{"start":{"line":17,"column":0},"end":{"line":17,"column":41}},"17":{"start":{"line":18,"column":0},"end":{"line":18,"column":33}},"18":{"start":{"line":19,"column":0},"end":{"line":19,"column":5}},"20":{"start":{"line":21,"column":0},"end":{"line":21,"column":80}},"21":{"start":{"line":22,"column":0},"end":{"line":22,"column":63}},"22":{"start":{"line":23,"column":0},"end":{"line":23,"column":32}},"23":{"start":{"line":24,"column":0},"end":{"line":24,"column":50}},"24":{"start":{"line":25,"column":0},"end":{"line":25,"column":5}},"26":{"start":{"line":27,"column":0},"end":{"line":27,"column":73}},"27":{"start":{"line":28,"column":0},"end":{"line":28,"column":38}},"28":{"start":{"line":29,"column":0},"end":{"line":29,"column":5}},"30":{"start":{"line":31,"column":0},"end":{"line":31,"column":102}},"31":{"start":{"line":32,"column":0},"end":{"line":32,"column":48}},"32":{"start":{"line":33,"column":0},"end":{"line":33,"column":37}},"33":{"start":{"line":34,"column":0},"end":{"line":34,"column":9}},"35":{"start":{"line":36,"column":0},"end":{"line":36,"column":63}},"36":{"start":{"line":37,"column":0},"end":{"line":37,"column":42}},"37":{"start":{"line":38,"column":0},"end":{"line":38,"column":73}},"38":{"start":{"line":39,"column":0},"end":{"line":39,"column":33}},"39":{"start":{"line":40,"column":0},"end":{"line":40,"column":25}},"40":{"start":{"line":41,"column":0},"end":{"line":41,"column":36}},"41":{"start":{"line":42,"column":0},"end":{"line":42,"column":98}},"42":{"start":{"line":43,"column":0},"end":{"line":43,"column":18}},"43":{"start":{"line":44,"column":0},"end":{"line":44,"column":13}},"44":{"start":{"line":45,"column":0},"end":{"line":45,"column":9}},"46":{"start":{"line":47,"column":0},"end":{"line":47,"column":40}},"48":{"start":{"line":49,"column":0},"end":{"line":49,"column":33}},"49":{"start":{"line":50,"column":0},"end":{"line":50,"column":50}},"50":{"start":{"line":51,"column":0},"end":{"line":51,"column":9}},"52":{"start":{"line":53,"column":0},"end":{"line":53,"column":33}},"53":{"start":{"line":54,"column":0},"end":{"line":54,"column":5}},"54":{"start":{"line":55,"column":0},"end":{"line":55,"column":1}}},"s":{"0":1,"7":1,"8":9,"9":9,"10":9,"12":9,"13":9,"14":9,"16":9,"17":4,"18":4,"20":9,"21":4,"22":4,"23":4,"24":4,"26":9,"27":5,"28":5,"30":9,"31":8,"32":0,"33":0,"35":8,"36":8,"37":4,"38":4,"39":3,"40":3,"41":3,"42":3,"43":3,"44":4,"46":5,"48":6,"49":3,"50":3,"52":5,"53":8,"54":9},"branchMap":{"0":{"type":"branch","line":8,"loc":{"start":{"line":8,"column":28},"end":{"line":55,"column":1}},"locations":[{"start":{"line":8,"column":28},"end":{"line":55,"column":1}}]},"1":{"type":"branch","line":13,"loc":{"start":{"line":13,"column":4},"end":{"line":15,"column":5}},"locations":[{"start":{"line":13,"column":4},"end":{"line":15,"column":5}}]},"2":{"type":"branch","line":17,"loc":{"start":{"line":17,"column":11},"end":{"line":19,"column":5}},"locations":[{"start":{"line":17,"column":11},"end":{"line":19,"column":5}}]},"3":{"type":"branch","line":21,"loc":{"start":{"line":21,"column":11},"end":{"line":25,"column":5}},"locations":[{"start":{"line":21,"column":11},"end":{"line":25,"column":5}}]},"4":{"type":"branch","line":27,"loc":{"start":{"line":27,"column":11},"end":{"line":29,"column":5}},"locations":[{"start":{"line":27,"column":11},"end":{"line":29,"column":5}}]},"5":{"type":"branch","line":31,"loc":{"start":{"line":31,"column":4},"end":{"line":54,"column":5}},"locations":[{"start":{"line":31,"column":4},"end":{"line":54,"column":5}}]},"6":{"type":"branch","line":32,"loc":{"start":{"line":32,"column":47},"end":{"line":34,"column":9}},"locations":[{"start":{"line":32,"column":47},"end":{"line":34,"column":9}}]},"7":{"type":"branch","line":36,"loc":{"start":{"line":36,"column":55},"end":{"line":36,"column":63}},"locations":[{"start":{"line":36,"column":55},"end":{"line":36,"column":63}}]},"8":{"type":"branch","line":37,"loc":{"start":{"line":37,"column":41},"end":{"line":53,"column":33}},"locations":[{"start":{"line":37,"column":41},"end":{"line":53,"column":33}}]},"9":{"type":"branch","line":37,"loc":{"start":{"line":37,"column":41},"end":{"line":45,"column":9}},"locations":[{"start":{"line":37,"column":41},"end":{"line":45,"column":9}}]},"10":{"type":"branch","line":39,"loc":{"start":{"line":39,"column":32},"end":{"line":44,"column":13}},"locations":[{"start":{"line":39,"column":32},"end":{"line":44,"column":13}}]},"11":{"type":"branch","line":42,"loc":{"start":{"line":42,"column":33},"end":{"line":42,"column":98}},"locations":[{"start":{"line":42,"column":33},"end":{"line":42,"column":98}}]},"12":{"type":"branch","line":45,"loc":{"start":{"line":45,"column":8},"end":{"line":53,"column":33}},"locations":[{"start":{"line":45,"column":8},"end":{"line":53,"column":33}}]},"13":{"type":"branch","line":45,"loc":{"start":{"line":45,"column":8},"end":{"line":49,"column":32}},"locations":[{"start":{"line":45,"column":8},"end":{"line":49,"column":32}}]},"14":{"type":"branch","line":49,"loc":{"start":{"line":49,"column":32},"end":{"line":51,"column":9}},"locations":[{"start":{"line":49,"column":32},"end":{"line":51,"column":9}}]},"15":{"type":"branch","line":51,"loc":{"start":{"line":51,"column":8},"end":{"line":53,"column":33}},"locations":[{"start":{"line":51,"column":8},"end":{"line":53,"column":33}}]}},"b":{"0":[9],"1":[9],"2":[4],"3":[4],"4":[5],"5":[8],"6":[0],"7":[4],"8":[7],"9":[4],"10":[3],"11":[1],"12":[6],"13":[5],"14":[3],"15":[5]},"fnMap":{"0":{"name":"<instance_members_initializer>","decl":{"start":{"line":8,"column":28},"end":{"line":55,"column":1}},"loc":{"start":{"line":8,"column":28},"end":{"line":55,"column":1}},"line":8},"1":{"name":"FlowController","decl":{"start":{"line":13,"column":4},"end":{"line":15,"column":5}},"loc":{"start":{"line":13,"column":4},"end":{"line":15,"column":5}},"line":13},"2":{"name":"getCurrentState","decl":{"start":{"line":17,"column":11},"end":{"line":19,"column":5}},"loc":{"start":{"line":17,"column":11},"end":{"line":19,"column":5}},"line":17},"3":{"name":"registerGuard","decl":{"start":{"line":21,"column":11},"end":{"line":25,"column":5}},"loc":{"start":{"line":21,"column":11},"end":{"line":25,"column":5}},"line":21},"4":{"name":"setOnStateChange","decl":{"start":{"line":27,"column":11},"end":{"line":29,"column":5}},"loc":{"start":{"line":27,"column":11},"end":{"line":29,"column":5}},"line":27},"5":{"name":"transitionTo","decl":{"start":{"line":31,"column":4},"end":{"line":54,"column":5}},"loc":{"start":{"line":31,"column":4},"end":{"line":54,"column":5}},"line":31}},"f":{"0":9,"1":9,"2":4,"3":4,"4":5,"5":8}}
,"D:\\Dev\\FootballFever\\src\\core\\fsm\\FlowService.ts": {"path":"D:\\Dev\\FootballFever\\src\\core\\fsm\\FlowService.ts","all":false,"statementMap":{"0":{"start":{"line":1,"column":0},"end":{"line":1,"column":50}},"5":{"start":{"line":6,"column":0},"end":{"line":6,"column":26}},"6":{"start":{"line":7,"column":0},"end":{"line":7,"column":41}},"7":{"start":{"line":8,"column":0},"end":{"line":8,"column":39}},"8":{"start":{"line":9,"column":0},"end":{"line":9,"column":49}},"10":{"start":{"line":11,"column":0},"end":{"line":11,"column":27}},"11":{"start":{"line":12,"column":0},"end":{"line":12,"column":67}},"12":{"start":{"line":13,"column":0},"end":{"line":13,"column":60}},"14":{"start":{"line":15,"column":0},"end":{"line":15,"column":53}},"15":{"start":{"line":16,"column":0},"end":{"line":16,"column":56}},"16":{"start":{"line":17,"column":0},"end":{"line":17,"column":85}},"17":{"start":{"line":18,"column":0},"end":{"line":18,"column":11}},"18":{"start":{"line":19,"column":0},"end":{"line":19,"column":5}},"20":{"start":{"line":21,"column":0},"end":{"line":21,"column":46}},"21":{"start":{"line":22,"column":0},"end":{"line":22,"column":36}},"22":{"start":{"line":23,"column":0},"end":{"line":23,"column":53}},"23":{"start":{"line":24,"column":0},"end":{"line":24,"column":9}},"24":{"start":{"line":25,"column":0},"end":{"line":25,"column":36}},"25":{"start":{"line":26,"column":0},"end":{"line":26,"column":5}},"30":{"start":{"line":31,"column":0},"end":{"line":31,"column":41}},"31":{"start":{"line":32,"column":0},"end":{"line":32,"column":69}},"32":{"start":{"line":33,"column":0},"end":{"line":33,"column":5}},"34":{"start":{"line":35,"column":0},"end":{"line":35,"column":44}},"35":{"start":{"line":36,"column":0},"end":{"line":36,"column":31}},"36":{"start":{"line":37,"column":0},"end":{"line":37,"column":5}},"38":{"start":{"line":39,"column":0},"end":{"line":39,"column":62}},"39":{"start":{"line":40,"column":0},"end":{"line":40,"column":65}},"40":{"start":{"line":41,"column":0},"end":{"line":41,"column":30}},"41":{"start":{"line":42,"column":0},"end":{"line":42,"column":82}},"42":{"start":{"line":43,"column":0},"end":{"line":43,"column":108}},"43":{"start":{"line":44,"column":0},"end":{"line":44,"column":9}},"44":{"start":{"line":45,"column":0},"end":{"line":45,"column":5}},"45":{"start":{"line":46,"column":0},"end":{"line":46,"column":1}}},"s":{"0":1,"5":1,"6":1,"7":1,"8":1,"10":1,"11":2,"12":2,"14":2,"15":1,"16":1,"17":2,"18":2,"20":1,"21":2,"22":2,"23":2,"24":2,"25":2,"30":1,"31":2,"32":2,"34":1,"35":1,"36":1,"38":1,"39":2,"40":2,"41":1,"42":1,"43":1,"44":2,"45":1},"branchMap":{"0":{"type":"branch","line":6,"loc":{"start":{"line":6,"column":25},"end":{"line":46,"column":1}},"locations":[{"start":{"line":6,"column":25},"end":{"line":46,"column":1}}]},"1":{"type":"branch","line":6,"loc":{"start":{"line":6,"column":25},"end":{"line":46,"column":1}},"locations":[{"start":{"line":6,"column":25},"end":{"line":46,"column":1}}]},"2":{"type":"branch","line":11,"loc":{"start":{"line":11,"column":12},"end":{"line":19,"column":5}},"locations":[{"start":{"line":11,"column":12},"end":{"line":19,"column":5}}]},"3":{"type":"branch","line":15,"loc":{"start":{"line":15,"column":41},"end":{"line":18,"column":9}},"locations":[{"start":{"line":15,"column":41},"end":{"line":18,"column":9}}]},"4":{"type":"branch","line":21,"loc":{"start":{"line":21,"column":18},"end":{"line":26,"column":5}},"locations":[{"start":{"line":21,"column":18},"end":{"line":26,"column":5}}]},"5":{"type":"branch","line":31,"loc":{"start":{"line":31,"column":18},"end":{"line":33,"column":5}},"locations":[{"start":{"line":31,"column":18},"end":{"line":33,"column":5}}]},"6":{"type":"branch","line":35,"loc":{"start":{"line":35,"column":11},"end":{"line":37,"column":5}},"locations":[{"start":{"line":35,"column":11},"end":{"line":37,"column":5}}]},"7":{"type":"branch","line":39,"loc":{"start":{"line":39,"column":4},"end":{"line":45,"column":5}},"locations":[{"start":{"line":39,"column":4},"end":{"line":45,"column":5}}]},"8":{"type":"branch","line":41,"loc":{"start":{"line":41,"column":29},"end":{"line":44,"column":9}},"locations":[{"start":{"line":41,"column":29},"end":{"line":44,"column":9}}]},"9":{"type":"branch","line":42,"loc":{"start":{"line":42,"column":52},"end":{"line":42,"column":80}},"locations":[{"start":{"line":42,"column":52},"end":{"line":42,"column":80}}]}},"b":{"0":[2],"1":[1],"2":[2],"3":[1],"4":[2],"5":[2],"6":[1],"7":[2],"8":[1],"9":[0]},"fnMap":{"0":{"name":"<instance_members_initializer>","decl":{"start":{"line":6,"column":25},"end":{"line":46,"column":1}},"loc":{"start":{"line":6,"column":25},"end":{"line":46,"column":1}},"line":6},"1":{"name":"<static_initializer>","decl":{"start":{"line":6,"column":25},"end":{"line":46,"column":1}},"loc":{"start":{"line":6,"column":25},"end":{"line":46,"column":1}},"line":6},"2":{"name":"FlowService","decl":{"start":{"line":11,"column":12},"end":{"line":19,"column":5}},"loc":{"start":{"line":11,"column":12},"end":{"line":19,"column":5}},"line":11},"3":{"name":"getInstance","decl":{"start":{"line":21,"column":18},"end":{"line":26,"column":5}},"loc":{"start":{"line":21,"column":18},"end":{"line":26,"column":5}},"line":21},"4":{"name":"resetInstance","decl":{"start":{"line":31,"column":18},"end":{"line":33,"column":5}},"loc":{"start":{"line":31,"column":18},"end":{"line":33,"column":5}},"line":31},"5":{"name":"getController","decl":{"start":{"line":35,"column":11},"end":{"line":37,"column":5}},"loc":{"start":{"line":35,"column":11},"end":{"line":37,"column":5}},"line":35},"6":{"name":"navigateTo","decl":{"start":{"line":39,"column":4},"end":{"line":45,"column":5}},"loc":{"start":{"line":39,"column":4},"end":{"line":45,"column":5}},"line":39}},"f":{"0":2,"1":1,"2":2,"3":2,"4":2,"5":1,"6":2}}
,"D:\\Dev\\FootballFever\\src\\core\\fsm\\GameState.ts": {"path":"D:\\Dev\\FootballFever\\src\\core\\fsm\\GameState.ts","all":false,"statementMap":{"0":{"start":{"line":1,"column":0},"end":{"line":1,"column":23}},"1":{"start":{"line":2,"column":0},"end":{"line":2,"column":18}},"2":{"start":{"line":3,"column":0},"end":{"line":3,"column":16}},"3":{"start":{"line":4,"column":0},"end":{"line":4,"column":20}},"4":{"start":{"line":5,"column":0},"end":{"line":5,"column":30}},"5":{"start":{"line":6,"column":0},"end":{"line":6,"column":28}},"6":{"start":{"line":7,"column":0},"end":{"line":7,"column":34}},"7":{"start":{"line":8,"column":0},"end":{"line":8,"column":21}}},"s":{"0":1,"1":1,"2":1,"3":1,"4":1,"5":1,"6":1,"7":1},"branchMap":{"0":{"type":"branch","line":1,"loc":{"start":{"line":1,"column":7},"end":{"line":1,"column":23}},"locations":[{"start":{"line":1,"column":7},"end":{"line":1,"column":23}}]}},"b":{"0":[4]},"fnMap":{},"f":{}}
,"D:\\Dev\\FootballFever\\src\\core\\services\\database\\DatabaseService.ts": {"path":"D:\\Dev\\FootballFever\\src\\core\\services\\database\\DatabaseService.ts","all":false,"statementMap":{"0":{"start":{"line":1,"column":0},"end":{"line":1,"column":42}},"10":{"start":{"line":11,"column":0},"end":{"line":11,"column":44}},"11":{"start":{"line":12,"column":0},"end":{"line":12,"column":28}},"12":{"start":{"line":13,"column":0},"end":{"line":13,"column":24}},"13":{"start":{"line":14,"column":0},"end":{"line":14,"column":37}},"15":{"start":{"line":16,"column":0},"end":{"line":16,"column":67}},"16":{"start":{"line":17,"column":0},"end":{"line":17,"column":42}},"17":{"start":{"line":18,"column":0},"end":{"line":18,"column":32}},"18":{"start":{"line":19,"column":0},"end":{"line":19,"column":40}},"19":{"start":{"line":20,"column":0},"end":{"line":20,"column":30}},"20":{"start":{"line":21,"column":0},"end":{"line":21,"column":27}},"21":{"start":{"line":22,"column":0},"end":{"line":22,"column":11}},"22":{"start":{"line":23,"column":0},"end":{"line":23,"column":5}},"23":{"start":{"line":24,"column":0},"end":{"line":24,"column":1}},"25":{"start":{"line":26,"column":0},"end":{"line":26,"column":30}},"26":{"start":{"line":27,"column":0},"end":{"line":27,"column":59}},"27":{"start":{"line":28,"column":0},"end":{"line":28,"column":32}},"29":{"start":{"line":30,"column":0},"end":{"line":30,"column":75}},"30":{"start":{"line":31,"column":0},"end":{"line":31,"column":47}},"31":{"start":{"line":32,"column":0},"end":{"line":32,"column":5}},"33":{"start":{"line":34,"column":0},"end":{"line":34,"column":98}},"34":{"start":{"line":35,"column":0},"end":{"line":35,"column":40}},"35":{"start":{"line":36,"column":0},"end":{"line":36,"column":68}},"36":{"start":{"line":37,"column":0},"end":{"line":37,"column":9}},"37":{"start":{"line":38,"column":0},"end":{"line":38,"column":40}},"38":{"start":{"line":39,"column":0},"end":{"line":39,"column":5}},"42":{"start":{"line":43,"column":0},"end":{"line":43,"column":60}},"43":{"start":{"line":44,"column":0},"end":{"line":44,"column":53}},"44":{"start":{"line":45,"column":0},"end":{"line":45,"column":45}},"45":{"start":{"line":46,"column":0},"end":{"line":46,"column":5}},"47":{"start":{"line":48,"column":0},"end":{"line":48,"column":70}},"48":{"start":{"line":49,"column":0},"end":{"line":49,"column":51}},"49":{"start":{"line":50,"column":0},"end":{"line":50,"column":59}},"50":{"start":{"line":51,"column":0},"end":{"line":51,"column":5}},"52":{"start":{"line":53,"column":0},"end":{"line":53,"column":54}},"53":{"start":{"line":54,"column":0},"end":{"line":54,"column":53}},"54":{"start":{"line":55,"column":0},"end":{"line":55,"column":52}},"55":{"start":{"line":56,"column":0},"end":{"line":56,"column":5}},"57":{"start":{"line":58,"column":0},"end":{"line":58,"column":58}},"58":{"start":{"line":59,"column":0},"end":{"line":59,"column":41}},"59":{"start":{"line":60,"column":0},"end":{"line":60,"column":5}},"62":{"start":{"line":63,"column":0},"end":{"line":63,"column":54}},"63":{"start":{"line":64,"column":0},"end":{"line":64,"column":49}},"64":{"start":{"line":65,"column":0},"end":{"line":65,"column":43}},"65":{"start":{"line":66,"column":0},"end":{"line":66,"column":5}},"67":{"start":{"line":68,"column":0},"end":{"line":68,"column":66}},"68":{"start":{"line":69,"column":0},"end":{"line":69,"column":49}},"69":{"start":{"line":70,"column":0},"end":{"line":70,"column":57}},"70":{"start":{"line":71,"column":0},"end":{"line":71,"column":5}},"72":{"start":{"line":73,"column":0},"end":{"line":73,"column":50}},"73":{"start":{"line":74,"column":0},"end":{"line":74,"column":51}},"74":{"start":{"line":75,"column":0},"end":{"line":75,"column":50}},"75":{"start":{"line":76,"column":0},"end":{"line":76,"column":5}},"78":{"start":{"line":79,"column":0},"end":{"line":79,"column":71}},"79":{"start":{"line":80,"column":0},"end":{"line":80,"column":55}},"80":{"start":{"line":81,"column":0},"end":{"line":81,"column":47}},"81":{"start":{"line":82,"column":0},"end":{"line":82,"column":5}},"83":{"start":{"line":84,"column":0},"end":{"line":84,"column":102}},"84":{"start":{"line":85,"column":0},"end":{"line":85,"column":53}},"85":{"start":{"line":86,"column":0},"end":{"line":86,"column":62}},"86":{"start":{"line":87,"column":0},"end":{"line":87,"column":5}},"89":{"start":{"line":90,"column":0},"end":{"line":90,"column":44}},"90":{"start":{"line":91,"column":0},"end":{"line":91,"column":27}},"91":{"start":{"line":92,"column":0},"end":{"line":92,"column":36}},"92":{"start":{"line":93,"column":0},"end":{"line":93,"column":34}},"93":{"start":{"line":94,"column":0},"end":{"line":94,"column":37}},"94":{"start":{"line":95,"column":0},"end":{"line":95,"column":11}},"95":{"start":{"line":96,"column":0},"end":{"line":96,"column":5}},"97":{"start":{"line":98,"column":0},"end":{"line":98,"column":41}},"98":{"start":{"line":99,"column":0},"end":{"line":99,"column":30}},"99":{"start":{"line":100,"column":0},"end":{"line":100,"column":5}},"100":{"start":{"line":101,"column":0},"end":{"line":101,"column":1}}},"s":{"0":1,"10":1,"11":2,"12":2,"13":2,"15":2,"16":2,"17":2,"18":2,"19":2,"20":2,"21":2,"22":2,"23":2,"25":1,"26":4,"27":4,"29":4,"30":2,"31":2,"33":4,"34":21,"35":2,"36":2,"37":21,"38":21,"42":4,"43":5,"44":5,"45":5,"47":4,"48":3,"49":3,"50":3,"52":4,"53":1,"54":1,"55":1,"57":4,"58":1,"59":1,"62":4,"63":3,"64":3,"65":3,"67":4,"68":2,"69":2,"70":2,"72":4,"73":1,"74":1,"75":1,"78":4,"79":26,"80":26,"81":26,"83":4,"84":4,"85":4,"86":4,"89":4,"90":16,"91":16,"92":16,"93":16,"94":16,"95":16,"97":4,"98":1,"99":1,"100":4},"branchMap":{"0":{"type":"branch","line":11,"loc":{"start":{"line":11,"column":43},"end":{"line":24,"column":1}},"locations":[{"start":{"line":11,"column":43},"end":{"line":24,"column":1}}]},"1":{"type":"branch","line":16,"loc":{"start":{"line":16,"column":4},"end":{"line":23,"column":5}},"locations":[{"start":{"line":16,"column":4},"end":{"line":23,"column":5}}]},"2":{"type":"branch","line":26,"loc":{"start":{"line":26,"column":29},"end":{"line":101,"column":1}},"locations":[{"start":{"line":26,"column":29},"end":{"line":101,"column":1}}]},"3":{"type":"branch","line":30,"loc":{"start":{"line":30,"column":12},"end":{"line":32,"column":5}},"locations":[{"start":{"line":30,"column":12},"end":{"line":32,"column":5}}]},"4":{"type":"branch","line":34,"loc":{"start":{"line":34,"column":18},"end":{"line":39,"column":5}},"locations":[{"start":{"line":34,"column":18},"end":{"line":39,"column":5}}]},"5":{"type":"branch","line":35,"loc":{"start":{"line":35,"column":39},"end":{"line":37,"column":9}},"locations":[{"start":{"line":35,"column":39},"end":{"line":37,"column":9}}]},"6":{"type":"branch","line":43,"loc":{"start":{"line":43,"column":4},"end":{"line":46,"column":5}},"locations":[{"start":{"line":43,"column":4},"end":{"line":46,"column":5}}]},"7":{"type":"branch","line":45,"loc":{"start":{"line":45,"column":43},"end":{"line":45,"column":45}},"locations":[{"start":{"line":45,"column":43},"end":{"line":45,"column":45}}]},"8":{"type":"branch","line":48,"loc":{"start":{"line":48,"column":4},"end":{"line":51,"column":5}},"locations":[{"start":{"line":48,"column":4},"end":{"line":51,"column":5}}]},"9":{"type":"branch","line":50,"loc":{"start":{"line":50,"column":15},"end":{"line":50,"column":49}},"locations":[{"start":{"line":50,"column":15},"end":{"line":50,"column":49}}]},"10":{"type":"branch","line":50,"loc":{"start":{"line":50,"column":45},"end":{"line":50,"column":59}},"locations":[{"start":{"line":50,"column":45},"end":{"line":50,"column":59}}]},"11":{"type":"branch","line":53,"loc":{"start":{"line":53,"column":4},"end":{"line":56,"column":5}},"locations":[{"start":{"line":53,"column":4},"end":{"line":56,"column":5}}]},"12":{"type":"branch","line":55,"loc":{"start":{"line":55,"column":24},"end":{"line":55,"column":50}},"locations":[{"start":{"line":55,"column":24},"end":{"line":55,"column":50}}]},"13":{"type":"branch","line":58,"loc":{"start":{"line":58,"column":4},"end":{"line":60,"column":5}},"locations":[{"start":{"line":58,"column":4},"end":{"line":60,"column":5}}]},"14":{"type":"branch","line":63,"loc":{"start":{"line":63,"column":4},"end":{"line":66,"column":5}},"locations":[{"start":{"line":63,"column":4},"end":{"line":66,"column":5}}]},"15":{"type":"branch","line":68,"loc":{"start":{"line":68,"column":4},"end":{"line":71,"column":5}},"locations":[{"start":{"line":68,"column":4},"end":{"line":71,"column":5}}]},"16":{"type":"branch","line":70,"loc":{"start":{"line":70,"column":15},"end":{"line":70,"column":47}},"locations":[{"start":{"line":70,"column":15},"end":{"line":70,"column":47}}]},"17":{"type":"branch","line":70,"loc":{"start":{"line":70,"column":43},"end":{"line":70,"column":57}},"locations":[{"start":{"line":70,"column":43},"end":{"line":70,"column":57}}]},"18":{"type":"branch","line":73,"loc":{"start":{"line":73,"column":4},"end":{"line":76,"column":5}},"locations":[{"start":{"line":73,"column":4},"end":{"line":76,"column":5}}]},"19":{"type":"branch","line":75,"loc":{"start":{"line":75,"column":24},"end":{"line":75,"column":48}},"locations":[{"start":{"line":75,"column":24},"end":{"line":75,"column":48}}]},"20":{"type":"branch","line":79,"loc":{"start":{"line":79,"column":4},"end":{"line":82,"column":5}},"locations":[{"start":{"line":79,"column":4},"end":{"line":82,"column":5}}]},"21":{"type":"branch","line":84,"loc":{"start":{"line":84,"column":4},"end":{"line":87,"column":5}},"locations":[{"start":{"line":84,"column":4},"end":{"line":87,"column":5}}]},"22":{"type":"branch","line":86,"loc":{"start":{"line":86,"column":15},"end":{"line":86,"column":52}},"locations":[{"start":{"line":86,"column":15},"end":{"line":86,"column":52}}]},"23":{"type":"branch","line":86,"loc":{"start":{"line":86,"column":48},"end":{"line":86,"column":62}},"locations":[{"start":{"line":86,"column":48},"end":{"line":86,"column":62}}]},"24":{"type":"branch","line":90,"loc":{"start":{"line":90,"column":4},"end":{"line":96,"column":5}},"locations":[{"start":{"line":90,"column":4},"end":{"line":96,"column":5}}]},"25":{"type":"branch","line":98,"loc":{"start":{"line":98,"column":4},"end":{"line":100,"column":5}},"locations":[{"start":{"line":98,"column":4},"end":{"line":100,"column":5}}]}},"b":{"0":[2],"1":[2],"2":[4],"3":[2],"4":[21],"5":[2],"6":[5],"7":[4],"8":[3],"9":[1],"10":[2],"11":[1],"12":[2],"13":[1],"14":[3],"15":[2],"16":[1],"17":[1],"18":[1],"19":[2],"20":[26],"21":[4],"22":[3],"23":[1],"24":[16],"25":[1]},"fnMap":{"0":{"name":"<instance_members_initializer>","decl":{"start":{"line":11,"column":43},"end":{"line":24,"column":1}},"loc":{"start":{"line":11,"column":43},"end":{"line":24,"column":1}},"line":11},"1":{"name":"FootballFeverDB","decl":{"start":{"line":16,"column":4},"end":{"line":23,"column":5}},"loc":{"start":{"line":16,"column":4},"end":{"line":23,"column":5}},"line":16},"2":{"name":"<static_initializer>","decl":{"start":{"line":26,"column":29},"end":{"line":101,"column":1}},"loc":{"start":{"line":26,"column":29},"end":{"line":101,"column":1}},"line":26},"3":{"name":"DatabaseService","decl":{"start":{"line":30,"column":12},"end":{"line":32,"column":5}},"loc":{"start":{"line":30,"column":12},"end":{"line":32,"column":5}},"line":30},"4":{"name":"getInstance","decl":{"start":{"line":34,"column":18},"end":{"line":39,"column":5}},"loc":{"start":{"line":34,"column":18},"end":{"line":39,"column":5}},"line":34},"5":{"name":"savePlayer","decl":{"start":{"line":43,"column":4},"end":{"line":46,"column":5}},"loc":{"start":{"line":43,"column":4},"end":{"line":46,"column":5}},"line":43},"6":{"name":"loadPlayer","decl":{"start":{"line":48,"column":4},"end":{"line":51,"column":5}},"loc":{"start":{"line":48,"column":4},"end":{"line":51,"column":5}},"line":48},"7":{"name":"loadAllPlayers","decl":{"start":{"line":53,"column":4},"end":{"line":56,"column":5}},"loc":{"start":{"line":53,"column":4},"end":{"line":56,"column":5}},"line":53},"8":{"name":"deletePlayer","decl":{"start":{"line":58,"column":4},"end":{"line":60,"column":5}},"loc":{"start":{"line":58,"column":4},"end":{"line":60,"column":5}},"line":58},"9":{"name":"saveTeam","decl":{"start":{"line":63,"column":4},"end":{"line":66,"column":5}},"loc":{"start":{"line":63,"column":4},"end":{"line":66,"column":5}},"line":63},"10":{"name":"loadTeam","decl":{"start":{"line":68,"column":4},"end":{"line":71,"column":5}},"loc":{"start":{"line":68,"column":4},"end":{"line":71,"column":5}},"line":68},"11":{"name":"loadAllTeams","decl":{"start":{"line":73,"column":4},"end":{"line":76,"column":5}},"loc":{"start":{"line":73,"column":4},"end":{"line":76,"column":5}},"line":73},"12":{"name":"saveGlobalState","decl":{"start":{"line":79,"column":4},"end":{"line":82,"column":5}},"loc":{"start":{"line":79,"column":4},"end":{"line":82,"column":5}},"line":79},"13":{"name":"loadGlobalState","decl":{"start":{"line":84,"column":4},"end":{"line":87,"column":5}},"loc":{"start":{"line":84,"column":4},"end":{"line":87,"column":5}},"line":84},"14":{"name":"clearAll","decl":{"start":{"line":90,"column":4},"end":{"line":96,"column":5}},"loc":{"start":{"line":90,"column":4},"end":{"line":96,"column":5}},"line":90},"15":{"name":"close","decl":{"start":{"line":98,"column":4},"end":{"line":100,"column":5}},"loc":{"start":{"line":98,"column":4},"end":{"line":100,"column":5}},"line":98}},"f":{"0":2,"1":2,"2":4,"3":2,"4":21,"5":5,"6":3,"7":1,"8":1,"9":3,"10":2,"11":1,"12":26,"13":4,"14":16,"15":1}}
,"D:\\Dev\\FootballFever\\src\\core\\services\\debug\\DebugCommandService.ts": {"path":"D:\\Dev\\FootballFever\\src\\core\\services\\debug\\DebugCommandService.ts","all":false,"statementMap":{"0":{"start":{"line":1,"column":0},"end":{"line":1,"column":62}},"4":{"start":{"line":5,"column":0},"end":{"line":5,"column":34}},"5":{"start":{"line":6,"column":0},"end":{"line":6,"column":49}},"6":{"start":{"line":7,"column":0},"end":{"line":7,"column":49}},"8":{"start":{"line":9,"column":0},"end":{"line":9,"column":28}},"10":{"start":{"line":11,"column":0},"end":{"line":11,"column":54}},"11":{"start":{"line":12,"column":0},"end":{"line":12,"column":44}},"12":{"start":{"line":13,"column":0},"end":{"line":13,"column":69}},"13":{"start":{"line":14,"column":0},"end":{"line":14,"column":9}},"14":{"start":{"line":15,"column":0},"end":{"line":15,"column":44}},"15":{"start":{"line":16,"column":0},"end":{"line":16,"column":5}},"17":{"start":{"line":18,"column":0},"end":{"line":18,"column":47}},"18":{"start":{"line":19,"column":0},"end":{"line":19,"column":43}},"19":{"start":{"line":20,"column":0},"end":{"line":20,"column":39}},"20":{"start":{"line":21,"column":0},"end":{"line":21,"column":94}},"21":{"start":{"line":22,"column":0},"end":{"line":22,"column":19}},"22":{"start":{"line":23,"column":0},"end":{"line":23,"column":9}},"24":{"start":{"line":25,"column":0},"end":{"line":25,"column":67}},"26":{"start":{"line":27,"column":0},"end":{"line":27,"column":90}},"28":{"start":{"line":29,"column":0},"end":{"line":29,"column":40}},"29":{"start":{"line":30,"column":0},"end":{"line":30,"column":32}},"30":{"start":{"line":31,"column":0},"end":{"line":31,"column":45}},"31":{"start":{"line":32,"column":0},"end":{"line":32,"column":22}},"32":{"start":{"line":33,"column":0},"end":{"line":33,"column":30}},"33":{"start":{"line":34,"column":0},"end":{"line":34,"column":39}},"34":{"start":{"line":35,"column":0},"end":{"line":35,"column":22}},"35":{"start":{"line":36,"column":0},"end":{"line":36,"column":20}},"36":{"start":{"line":37,"column":0},"end":{"line":37,"column":92}},"37":{"start":{"line":38,"column":0},"end":{"line":38,"column":9}},"38":{"start":{"line":39,"column":0},"end":{"line":39,"column":5}},"40":{"start":{"line":41,"column":0},"end":{"line":41,"column":53}},"41":{"start":{"line":42,"column":0},"end":{"line":42,"column":44}},"42":{"start":{"line":43,"column":0},"end":{"line":43,"column":27}},"43":{"start":{"line":44,"column":0},"end":{"line":44,"column":102}},"44":{"start":{"line":45,"column":0},"end":{"line":45,"column":19}},"45":{"start":{"line":46,"column":0},"end":{"line":46,"column":9}},"47":{"start":{"line":48,"column":0},"end":{"line":48,"column":54}},"48":{"start":{"line":49,"column":0},"end":{"line":49,"column":137}},"49":{"start":{"line":50,"column":0},"end":{"line":50,"column":5}},"51":{"start":{"line":52,"column":0},"end":{"line":52,"column":37}},"52":{"start":{"line":53,"column":0},"end":{"line":53,"column":45}},"53":{"start":{"line":54,"column":0},"end":{"line":54,"column":76}},"54":{"start":{"line":55,"column":0},"end":{"line":55,"column":5}},"55":{"start":{"line":56,"column":0},"end":{"line":56,"column":1}}},"s":{"0":1,"4":1,"5":1,"6":1,"8":1,"10":1,"11":4,"12":1,"13":1,"14":4,"15":4,"17":1,"18":4,"19":4,"20":1,"21":1,"22":1,"24":3,"26":3,"28":3,"29":4,"30":1,"31":1,"32":4,"33":1,"34":1,"35":4,"36":1,"37":4,"38":4,"40":1,"41":1,"42":1,"43":0,"44":0,"45":0,"47":1,"48":1,"49":1,"51":1,"52":1,"53":1,"54":1,"55":1},"branchMap":{"0":{"type":"branch","line":5,"loc":{"start":{"line":5,"column":33},"end":{"line":56,"column":1}},"locations":[{"start":{"line":5,"column":33},"end":{"line":56,"column":1}}]},"1":{"type":"branch","line":5,"loc":{"start":{"line":5,"column":33},"end":{"line":56,"column":1}},"locations":[{"start":{"line":5,"column":33},"end":{"line":56,"column":1}}]},"2":{"type":"branch","line":9,"loc":{"start":{"line":9,"column":12},"end":{"line":9,"column":28}},"locations":[{"start":{"line":9,"column":12},"end":{"line":9,"column":28}}]},"3":{"type":"branch","line":11,"loc":{"start":{"line":11,"column":18},"end":{"line":16,"column":5}},"locations":[{"start":{"line":11,"column":18},"end":{"line":16,"column":5}}]},"4":{"type":"branch","line":12,"loc":{"start":{"line":12,"column":43},"end":{"line":14,"column":9}},"locations":[{"start":{"line":12,"column":43},"end":{"line":14,"column":9}}]},"5":{"type":"branch","line":18,"loc":{"start":{"line":18,"column":11},"end":{"line":39,"column":5}},"locations":[{"start":{"line":18,"column":11},"end":{"line":39,"column":5}}]},"6":{"type":"branch","line":20,"loc":{"start":{"line":20,"column":38},"end":{"line":23,"column":9}},"locations":[{"start":{"line":20,"column":38},"end":{"line":23,"column":9}}]},"7":{"type":"branch","line":23,"loc":{"start":{"line":23,"column":8},"end":{"line":29,"column":40}},"locations":[{"start":{"line":23,"column":8},"end":{"line":29,"column":40}}]},"8":{"type":"branch","line":30,"loc":{"start":{"line":30,"column":12},"end":{"line":32,"column":22}},"locations":[{"start":{"line":30,"column":12},"end":{"line":32,"column":22}}]},"9":{"type":"branch","line":33,"loc":{"start":{"line":33,"column":12},"end":{"line":35,"column":22}},"locations":[{"start":{"line":33,"column":12},"end":{"line":35,"column":22}}]},"10":{"type":"branch","line":36,"loc":{"start":{"line":36,"column":12},"end":{"line":37,"column":92}},"locations":[{"start":{"line":36,"column":12},"end":{"line":37,"column":92}}]},"11":{"type":"branch","line":41,"loc":{"start":{"line":41,"column":12},"end":{"line":50,"column":5}},"locations":[{"start":{"line":41,"column":12},"end":{"line":50,"column":5}}]},"12":{"type":"branch","line":43,"loc":{"start":{"line":43,"column":26},"end":{"line":46,"column":9}},"locations":[{"start":{"line":43,"column":26},"end":{"line":46,"column":9}}]},"13":{"type":"branch","line":52,"loc":{"start":{"line":52,"column":12},"end":{"line":55,"column":5}},"locations":[{"start":{"line":52,"column":12},"end":{"line":55,"column":5}}]}},"b":{"0":[1],"1":[1],"2":[1],"3":[4],"4":[1],"5":[4],"6":[1],"7":[3],"8":[1],"9":[1],"10":[1],"11":[1],"12":[0],"13":[1]},"fnMap":{"0":{"name":"<static_initializer>","decl":{"start":{"line":5,"column":33},"end":{"line":56,"column":1}},"loc":{"start":{"line":5,"column":33},"end":{"line":56,"column":1}},"line":5},"1":{"name":"<instance_members_initializer>","decl":{"start":{"line":5,"column":33},"end":{"line":56,"column":1}},"loc":{"start":{"line":5,"column":33},"end":{"line":56,"column":1}},"line":5},"2":{"name":"DebugCommandService","decl":{"start":{"line":9,"column":12},"end":{"line":9,"column":28}},"loc":{"start":{"line":9,"column":12},"end":{"line":9,"column":28}},"line":9},"3":{"name":"getInstance","decl":{"start":{"line":11,"column":18},"end":{"line":16,"column":5}},"loc":{"start":{"line":11,"column":18},"end":{"line":16,"column":5}},"line":11},"4":{"name":"execute","decl":{"start":{"line":18,"column":11},"end":{"line":39,"column":5}},"loc":{"start":{"line":18,"column":11},"end":{"line":39,"column":5}},"line":18},"5":{"name":"handleAddPrestige","decl":{"start":{"line":41,"column":12},"end":{"line":50,"column":5}},"loc":{"start":{"line":41,"column":12},"end":{"line":50,"column":5}},"line":41},"6":{"name":"handleClearLogs","decl":{"start":{"line":52,"column":12},"end":{"line":55,"column":5}},"loc":{"start":{"line":52,"column":12},"end":{"line":55,"column":5}},"line":52}},"f":{"0":1,"1":1,"2":1,"3":4,"4":4,"5":1,"6":1}}
,"D:\\Dev\\FootballFever\\src\\core\\services\\i18n\\LocalizationService.ts": {"path":"D:\\Dev\\FootballFever\\src\\core\\services\\i18n\\LocalizationService.ts","all":false,"statementMap":{"0":{"start":{"line":1,"column":0},"end":{"line":1,"column":53}},"7":{"start":{"line":8,"column":0},"end":{"line":8,"column":42}},"9":{"start":{"line":10,"column":0},"end":{"line":10,"column":49}},"10":{"start":{"line":11,"column":0},"end":{"line":11,"column":7}},"11":{"start":{"line":12,"column":0},"end":{"line":12,"column":7}},"12":{"start":{"line":13,"column":0},"end":{"line":13,"column":7}},"13":{"start":{"line":14,"column":0},"end":{"line":14,"column":6}},"14":{"start":{"line":15,"column":0},"end":{"line":15,"column":2}},"16":{"start":{"line":17,"column":0},"end":{"line":17,"column":34}},"17":{"start":{"line":18,"column":0},"end":{"line":18,"column":63}},"18":{"start":{"line":19,"column":0},"end":{"line":19,"column":45}},"19":{"start":{"line":20,"column":0},"end":{"line":20,"column":60}},"21":{"start":{"line":22,"column":0},"end":{"line":22,"column":27}},"22":{"start":{"line":23,"column":0},"end":{"line":23,"column":53}},"23":{"start":{"line":24,"column":0},"end":{"line":24,"column":5}},"25":{"start":{"line":26,"column":0},"end":{"line":26,"column":54}},"26":{"start":{"line":27,"column":0},"end":{"line":27,"column":44}},"27":{"start":{"line":28,"column":0},"end":{"line":28,"column":69}},"28":{"start":{"line":29,"column":0},"end":{"line":29,"column":9}},"30":{"start":{"line":31,"column":0},"end":{"line":31,"column":44}},"31":{"start":{"line":32,"column":0},"end":{"line":32,"column":5}},"33":{"start":{"line":34,"column":0},"end":{"line":34,"column":36}},"34":{"start":{"line":35,"column":0},"end":{"line":35,"column":36}},"35":{"start":{"line":36,"column":0},"end":{"line":36,"column":5}},"37":{"start":{"line":38,"column":0},"end":{"line":38,"column":46}},"38":{"start":{"line":39,"column":0},"end":{"line":39,"column":50}},"40":{"start":{"line":41,"column":0},"end":{"line":41,"column":36}},"41":{"start":{"line":42,"column":0},"end":{"line":42,"column":48}},"42":{"start":{"line":43,"column":0},"end":{"line":43,"column":31}},"43":{"start":{"line":44,"column":0},"end":{"line":44,"column":5}},"45":{"start":{"line":46,"column":0},"end":{"line":46,"column":39}},"46":{"start":{"line":47,"column":0},"end":{"line":47,"column":49}},"48":{"start":{"line":49,"column":0},"end":{"line":49,"column":30}},"49":{"start":{"line":50,"column":0},"end":{"line":50,"column":27}},"50":{"start":{"line":51,"column":0},"end":{"line":51,"column":9}},"52":{"start":{"line":53,"column":0},"end":{"line":53,"column":64}},"53":{"start":{"line":54,"column":0},"end":{"line":54,"column":48}},"55":{"start":{"line":56,"column":0},"end":{"line":56,"column":34}},"57":{"start":{"line":58,"column":0},"end":{"line":58,"column":54}},"58":{"start":{"line":59,"column":0},"end":{"line":59,"column":58}},"59":{"start":{"line":60,"column":0},"end":{"line":60,"column":9}},"61":{"start":{"line":62,"column":0},"end":{"line":62,"column":21}},"62":{"start":{"line":63,"column":0},"end":{"line":63,"column":5}},"64":{"start":{"line":65,"column":0},"end":{"line":65,"column":70}},"65":{"start":{"line":66,"column":0},"end":{"line":66,"column":38}},"66":{"start":{"line":67,"column":0},"end":{"line":67,"column":22}},"67":{"start":{"line":68,"column":0},"end":{"line":68,"column":72}},"68":{"start":{"line":69,"column":0},"end":{"line":69,"column":10}},"69":{"start":{"line":70,"column":0},"end":{"line":70,"column":5}},"71":{"start":{"line":72,"column":0},"end":{"line":72,"column":40}},"72":{"start":{"line":73,"column":0},"end":{"line":73,"column":68}},"73":{"start":{"line":74,"column":0},"end":{"line":74,"column":38}},"74":{"start":{"line":75,"column":0},"end":{"line":75,"column":25}},"75":{"start":{"line":76,"column":0},"end":{"line":76,"column":9}},"77":{"start":{"line":78,"column":0},"end":{"line":78,"column":73}},"78":{"start":{"line":79,"column":0},"end":{"line":79,"column":50}},"79":{"start":{"line":80,"column":0},"end":{"line":80,"column":31}},"80":{"start":{"line":81,"column":0},"end":{"line":81,"column":9}},"82":{"start":{"line":83,"column":0},"end":{"line":83,"column":20}},"83":{"start":{"line":84,"column":0},"end":{"line":84,"column":5}},"85":{"start":{"line":86,"column":0},"end":{"line":86,"column":37}},"86":{"start":{"line":87,"column":0},"end":{"line":87,"column":75}},"87":{"start":{"line":88,"column":0},"end":{"line":88,"column":5}},"88":{"start":{"line":89,"column":0},"end":{"line":89,"column":1}}},"s":{"0":1,"7":1,"9":1,"10":1,"11":1,"12":1,"13":1,"14":1,"16":1,"17":1,"18":1,"19":1,"21":1,"22":16,"23":16,"25":1,"26":16,"27":16,"28":16,"30":16,"31":16,"33":1,"34":4,"35":4,"37":1,"38":5,"40":5,"41":5,"42":5,"43":5,"45":1,"46":9,"48":9,"49":3,"50":3,"52":6,"53":9,"55":9,"57":3,"58":3,"59":3,"61":3,"62":9,"64":1,"65":2,"66":2,"67":1,"68":1,"69":2,"71":1,"72":16,"73":16,"74":1,"75":1,"77":15,"78":16,"79":15,"80":15,"82":0,"83":16,"85":1,"86":5,"87":5,"88":1},"branchMap":{"0":{"type":"branch","line":17,"loc":{"start":{"line":17,"column":33},"end":{"line":89,"column":1}},"locations":[{"start":{"line":17,"column":33},"end":{"line":89,"column":1}}]},"1":{"type":"branch","line":17,"loc":{"start":{"line":17,"column":33},"end":{"line":89,"column":1}},"locations":[{"start":{"line":17,"column":33},"end":{"line":89,"column":1}}]},"2":{"type":"branch","line":22,"loc":{"start":{"line":22,"column":12},"end":{"line":24,"column":5}},"locations":[{"start":{"line":22,"column":12},"end":{"line":24,"column":5}}]},"3":{"type":"branch","line":26,"loc":{"start":{"line":26,"column":18},"end":{"line":32,"column":5}},"locations":[{"start":{"line":26,"column":18},"end":{"line":32,"column":5}}]},"4":{"type":"branch","line":34,"loc":{"start":{"line":34,"column":11},"end":{"line":36,"column":5}},"locations":[{"start":{"line":34,"column":11},"end":{"line":36,"column":5}}]},"5":{"type":"branch","line":38,"loc":{"start":{"line":38,"column":11},"end":{"line":44,"column":5}},"locations":[{"start":{"line":38,"column":11},"end":{"line":44,"column":5}}]},"6":{"type":"branch","line":39,"loc":{"start":{"line":39,"column":43},"end":{"line":39,"column":50}},"locations":[{"start":{"line":39,"column":43},"end":{"line":39,"column":50}}]},"7":{"type":"branch","line":46,"loc":{"start":{"line":46,"column":11},"end":{"line":63,"column":5}},"locations":[{"start":{"line":46,"column":11},"end":{"line":63,"column":5}}]},"8":{"type":"branch","line":49,"loc":{"start":{"line":49,"column":13},"end":{"line":49,"column":29}},"locations":[{"start":{"line":49,"column":13},"end":{"line":49,"column":29}}]},"9":{"type":"branch","line":49,"loc":{"start":{"line":49,"column":29},"end":{"line":51,"column":9}},"locations":[{"start":{"line":49,"column":29},"end":{"line":51,"column":9}}]},"10":{"type":"branch","line":51,"loc":{"start":{"line":51,"column":8},"end":{"line":54,"column":43}},"locations":[{"start":{"line":51,"column":8},"end":{"line":54,"column":43}}]},"11":{"type":"branch","line":54,"loc":{"start":{"line":54,"column":39},"end":{"line":54,"column":48}},"locations":[{"start":{"line":54,"column":39},"end":{"line":54,"column":48}}]},"12":{"type":"branch","line":56,"loc":{"start":{"line":56,"column":33},"end":{"line":62,"column":21}},"locations":[{"start":{"line":56,"column":33},"end":{"line":62,"column":21}}]},"13":{"type":"branch","line":59,"loc":{"start":{"line":59,"column":38},"end":{"line":59,"column":50}},"locations":[{"start":{"line":59,"column":38},"end":{"line":59,"column":50}}]},"14":{"type":"branch","line":65,"loc":{"start":{"line":65,"column":11},"end":{"line":70,"column":5}},"locations":[{"start":{"line":65,"column":11},"end":{"line":70,"column":5}}]},"15":{"type":"branch","line":67,"loc":{"start":{"line":67,"column":15},"end":{"line":69,"column":10}},"locations":[{"start":{"line":67,"column":15},"end":{"line":69,"column":10}}]},"16":{"type":"branch","line":68,"loc":{"start":{"line":68,"column":51},"end":{"line":68,"column":70}},"locations":[{"start":{"line":68,"column":51},"end":{"line":68,"column":70}}]},"17":{"type":"branch","line":72,"loc":{"start":{"line":72,"column":12},"end":{"line":84,"column":5}},"locations":[{"start":{"line":72,"column":12},"end":{"line":84,"column":5}}]},"18":{"type":"branch","line":74,"loc":{"start":{"line":74,"column":12},"end":{"line":74,"column":37}},"locations":[{"start":{"line":74,"column":12},"end":{"line":74,"column":37}}]},"19":{"type":"branch","line":74,"loc":{"start":{"line":74,"column":37},"end":{"line":76,"column":9}},"locations":[{"start":{"line":74,"column":37},"end":{"line":76,"column":9}}]},"20":{"type":"branch","line":76,"loc":{"start":{"line":76,"column":8},"end":{"line":79,"column":49}},"locations":[{"start":{"line":76,"column":8},"end":{"line":79,"column":49}}]},"21":{"type":"branch","line":79,"loc":{"start":{"line":79,"column":49},"end":{"line":81,"column":9}},"locations":[{"start":{"line":79,"column":49},"end":{"line":81,"column":9}}]},"22":{"type":"branch","line":81,"loc":{"start":{"line":81,"column":8},"end":{"line":83,"column":20}},"locations":[{"start":{"line":81,"column":8},"end":{"line":83,"column":20}}]},"23":{"type":"branch","line":86,"loc":{"start":{"line":86,"column":12},"end":{"line":88,"column":5}},"locations":[{"start":{"line":86,"column":12},"end":{"line":88,"column":5}}]},"24":{"type":"branch","line":87,"loc":{"start":{"line":87,"column":31},"end":{"line":87,"column":73}},"locations":[{"start":{"line":87,"column":31},"end":{"line":87,"column":73}}]}},"b":{"0":[16],"1":[1],"2":[16],"3":[16],"4":[4],"5":[5],"6":[0],"7":[9],"8":[8],"9":[3],"10":[6],"11":[4],"12":[3],"13":[1],"14":[2],"15":[1],"16":[1],"17":[16],"18":[1],"19":[1],"20":[15],"21":[15],"22":[0],"23":[5],"24":[1]},"fnMap":{"0":{"name":"<instance_members_initializer>","decl":{"start":{"line":17,"column":33},"end":{"line":89,"column":1}},"loc":{"start":{"line":17,"column":33},"end":{"line":89,"column":1}},"line":17},"1":{"name":"<static_initializer>","decl":{"start":{"line":17,"column":33},"end":{"line":89,"column":1}},"loc":{"start":{"line":17,"column":33},"end":{"line":89,"column":1}},"line":17},"2":{"name":"LocalizationService","decl":{"start":{"line":22,"column":12},"end":{"line":24,"column":5}},"loc":{"start":{"line":22,"column":12},"end":{"line":24,"column":5}},"line":22},"3":{"name":"getInstance","decl":{"start":{"line":26,"column":18},"end":{"line":32,"column":5}},"loc":{"start":{"line":26,"column":18},"end":{"line":32,"column":5}},"line":26},"4":{"name":"getLanguage","decl":{"start":{"line":34,"column":11},"end":{"line":36,"column":5}},"loc":{"start":{"line":34,"column":11},"end":{"line":36,"column":5}},"line":34},"5":{"name":"setLanguage","decl":{"start":{"line":38,"column":11},"end":{"line":44,"column":5}},"loc":{"start":{"line":38,"column":11},"end":{"line":44,"column":5}},"line":38},"6":{"name":"t","decl":{"start":{"line":46,"column":11},"end":{"line":63,"column":5}},"loc":{"start":{"line":46,"column":11},"end":{"line":63,"column":5}},"line":46},"7":{"name":"subscribe","decl":{"start":{"line":65,"column":11},"end":{"line":70,"column":5}},"loc":{"start":{"line":65,"column":11},"end":{"line":70,"column":5}},"line":65},"8":{"name":"detectLanguage","decl":{"start":{"line":72,"column":12},"end":{"line":84,"column":5}},"loc":{"start":{"line":72,"column":12},"end":{"line":84,"column":5}},"line":72},"9":{"name":"notifyListeners","decl":{"start":{"line":86,"column":12},"end":{"line":88,"column":5}},"loc":{"start":{"line":86,"column":12},"end":{"line":88,"column":5}},"line":86}},"f":{"0":16,"1":1,"2":16,"3":16,"4":4,"5":5,"6":9,"7":2,"8":16,"9":5}}
,"D:\\Dev\\FootballFever\\src\\core\\services\\i18n\\locales\\de.ts": {"path":"D:\\Dev\\FootballFever\\src\\core\\services\\i18n\\locales\\de.ts","all":false,"statementMap":{"2":{"start":{"line":3,"column":0},"end":{"line":3,"column":33}},"3":{"start":{"line":4,"column":0},"end":{"line":4,"column":13}},"4":{"start":{"line":5,"column":0},"end":{"line":5,"column":37}},"5":{"start":{"line":6,"column":0},"end":{"line":6,"column":42}},"6":{"start":{"line":7,"column":0},"end":{"line":7,"column":29}},"7":{"start":{"line":8,"column":0},"end":{"line":8,"column":28}},"8":{"start":{"line":9,"column":0},"end":{"line":9,"column":24}},"9":{"start":{"line":10,"column":0},"end":{"line":10,"column":37}},"10":{"start":{"line":11,"column":0},"end":{"line":11,"column":31}},"11":{"start":{"line":12,"column":0},"end":{"line":12,"column":52}},"12":{"start":{"line":13,"column":0},"end":{"line":13,"column":59}},"13":{"start":{"line":14,"column":0},"end":{"line":14,"column":36}},"14":{"start":{"line":15,"column":0},"end":{"line":15,"column":52}},"15":{"start":{"line":16,"column":0},"end":{"line":16,"column":42}},"16":{"start":{"line":17,"column":0},"end":{"line":17,"column":6}},"17":{"start":{"line":18,"column":0},"end":{"line":18,"column":10}},"18":{"start":{"line":19,"column":0},"end":{"line":19,"column":49}},"19":{"start":{"line":20,"column":0},"end":{"line":20,"column":55}},"20":{"start":{"line":21,"column":0},"end":{"line":21,"column":47}},"21":{"start":{"line":22,"column":0},"end":{"line":22,"column":45}},"22":{"start":{"line":23,"column":0},"end":{"line":23,"column":5}},"23":{"start":{"line":24,"column":0},"end":{"line":24,"column":2}}},"s":{"2":1,"3":1,"4":1,"5":1,"6":1,"7":1,"8":1,"9":1,"10":1,"11":1,"12":1,"13":1,"14":1,"15":1,"16":1,"17":1,"18":1,"19":1,"20":1,"21":1,"22":1,"23":1},"branchMap":{},"b":{},"fnMap":{},"f":{}}
,"D:\\Dev\\FootballFever\\src\\core\\services\\i18n\\locales\\en.ts": {"path":"D:\\Dev\\FootballFever\\src\\core\\services\\i18n\\locales\\en.ts","all":false,"statementMap":{"0":{"start":{"line":1,"column":0},"end":{"line":1,"column":19}},"1":{"start":{"line":2,"column":0},"end":{"line":2,"column":13}},"2":{"start":{"line":3,"column":0},"end":{"line":3,"column":35}},"3":{"start":{"line":4,"column":0},"end":{"line":4,"column":39}},"4":{"start":{"line":5,"column":0},"end":{"line":5,"column":29}},"5":{"start":{"line":6,"column":0},"end":{"line":6,"column":30}},"6":{"start":{"line":7,"column":0},"end":{"line":7,"column":23}},"7":{"start":{"line":8,"column":0},"end":{"line":8,"column":36}},"8":{"start":{"line":9,"column":0},"end":{"line":9,"column":28}},"9":{"start":{"line":10,"column":0},"end":{"line":10,"column":50}},"10":{"start":{"line":11,"column":0},"end":{"line":11,"column":53}},"11":{"start":{"line":12,"column":0},"end":{"line":12,"column":33}},"12":{"start":{"line":13,"column":0},"end":{"line":13,"column":48}},"13":{"start":{"line":14,"column":0},"end":{"line":14,"column":42}},"14":{"start":{"line":15,"column":0},"end":{"line":15,"column":6}},"15":{"start":{"line":16,"column":0},"end":{"line":16,"column":10}},"16":{"start":{"line":17,"column":0},"end":{"line":17,"column":49}},"17":{"start":{"line":18,"column":0},"end":{"line":18,"column":51}},"18":{"start":{"line":19,"column":0},"end":{"line":19,"column":43}},"19":{"start":{"line":20,"column":0},"end":{"line":20,"column":38}},"20":{"start":{"line":21,"column":0},"end":{"line":21,"column":5}},"21":{"start":{"line":22,"column":0},"end":{"line":22,"column":2}}},"s":{"0":1,"1":1,"2":1,"3":1,"4":1,"5":1,"6":1,"7":1,"8":1,"9":1,"10":1,"11":1,"12":1,"13":1,"14":1,"15":1,"16":1,"17":1,"18":1,"19":1,"20":1,"21":1},"branchMap":{},"b":{},"fnMap":{},"f":{}}
,"D:\\Dev\\FootballFever\\src\\core\\services\\i18n\\locales\\es.ts": {"path":"D:\\Dev\\FootballFever\\src\\core\\services\\i18n\\locales\\es.ts","all":false,"statementMap":{"2":{"start":{"line":3,"column":0},"end":{"line":3,"column":33}},"3":{"start":{"line":4,"column":0},"end":{"line":4,"column":13}},"4":{"start":{"line":5,"column":0},"end":{"line":5,"column":39}},"5":{"start":{"line":6,"column":0},"end":{"line":6,"column":39}},"6":{"start":{"line":7,"column":0},"end":{"line":7,"column":30}},"7":{"start":{"line":8,"column":0},"end":{"line":8,"column":31}},"8":{"start":{"line":9,"column":0},"end":{"line":9,"column":23}},"9":{"start":{"line":10,"column":0},"end":{"line":10,"column":39}},"10":{"start":{"line":11,"column":0},"end":{"line":11,"column":28}},"11":{"start":{"line":12,"column":0},"end":{"line":12,"column":55}},"12":{"start":{"line":13,"column":0},"end":{"line":13,"column":58}},"13":{"start":{"line":14,"column":0},"end":{"line":14,"column":36}},"14":{"start":{"line":15,"column":0},"end":{"line":15,"column":49}},"15":{"start":{"line":16,"column":0},"end":{"line":16,"column":46}},"16":{"start":{"line":17,"column":0},"end":{"line":17,"column":6}},"17":{"start":{"line":18,"column":0},"end":{"line":18,"column":10}},"18":{"start":{"line":19,"column":0},"end":{"line":19,"column":51}},"19":{"start":{"line":20,"column":0},"end":{"line":20,"column":54}},"20":{"start":{"line":21,"column":0},"end":{"line":21,"column":47}},"21":{"start":{"line":22,"column":0},"end":{"line":22,"column":41}},"22":{"start":{"line":23,"column":0},"end":{"line":23,"column":5}},"23":{"start":{"line":24,"column":0},"end":{"line":24,"column":2}}},"s":{"2":1,"3":1,"4":1,"5":1,"6":1,"7":1,"8":1,"9":1,"10":1,"11":1,"12":1,"13":1,"14":1,"15":1,"16":1,"17":1,"18":1,"19":1,"20":1,"21":1,"22":1,"23":1},"branchMap":{},"b":{},"fnMap":{},"f":{}}
,"D:\\Dev\\FootballFever\\src\\core\\services\\i18n\\locales\\fr.ts": {"path":"D:\\Dev\\FootballFever\\src\\core\\services\\i18n\\locales\\fr.ts","all":false,"statementMap":{"2":{"start":{"line":3,"column":0},"end":{"line":3,"column":33}},"3":{"start":{"line":4,"column":0},"end":{"line":4,"column":13}},"4":{"start":{"line":5,"column":0},"end":{"line":5,"column":41}},"5":{"start":{"line":6,"column":0},"end":{"line":6,"column":37}},"6":{"start":{"line":7,"column":0},"end":{"line":7,"column":29}},"7":{"start":{"line":8,"column":0},"end":{"line":8,"column":33}},"8":{"start":{"line":9,"column":0},"end":{"line":9,"column":24}},"9":{"start":{"line":10,"column":0},"end":{"line":10,"column":46}},"10":{"start":{"line":11,"column":0},"end":{"line":11,"column":31}},"11":{"start":{"line":12,"column":0},"end":{"line":12,"column":49}},"12":{"start":{"line":13,"column":0},"end":{"line":13,"column":61}},"13":{"start":{"line":14,"column":0},"end":{"line":14,"column":37}},"14":{"start":{"line":15,"column":0},"end":{"line":15,"column":51}},"15":{"start":{"line":16,"column":0},"end":{"line":16,"column":45}},"16":{"start":{"line":17,"column":0},"end":{"line":17,"column":6}},"17":{"start":{"line":18,"column":0},"end":{"line":18,"column":10}},"18":{"start":{"line":19,"column":0},"end":{"line":19,"column":54}},"19":{"start":{"line":20,"column":0},"end":{"line":20,"column":53}},"20":{"start":{"line":21,"column":0},"end":{"line":21,"column":46}},"21":{"start":{"line":22,"column":0},"end":{"line":22,"column":42}},"22":{"start":{"line":23,"column":0},"end":{"line":23,"column":5}},"23":{"start":{"line":24,"column":0},"end":{"line":24,"column":2}}},"s":{"2":1,"3":1,"4":1,"5":1,"6":1,"7":1,"8":1,"9":1,"10":1,"11":1,"12":1,"13":1,"14":1,"15":1,"16":1,"17":1,"18":1,"19":1,"20":1,"21":1,"22":1,"23":1},"branchMap":{},"b":{},"fnMap":{},"f":{}}
,"D:\\Dev\\FootballFever\\src\\core\\services\\logger\\LoggerService.ts": {"path":"D:\\Dev\\FootballFever\\src\\core\\services\\logger\\LoggerService.ts","all":false,"statementMap":{"0":{"start":{"line":1,"column":0},"end":{"line":1,"column":58}},"2":{"start":{"line":3,"column":0},"end":{"line":3,"column":22}},"3":{"start":{"line":4,"column":0},"end":{"line":4,"column":20}},"4":{"start":{"line":5,"column":0},"end":{"line":5,"column":18}},"5":{"start":{"line":6,"column":0},"end":{"line":6,"column":18}},"6":{"start":{"line":7,"column":0},"end":{"line":7,"column":19}},"9":{"start":{"line":10,"column":0},"end":{"line":10,"column":23}},"10":{"start":{"line":11,"column":0},"end":{"line":11,"column":18}},"11":{"start":{"line":12,"column":0},"end":{"line":12,"column":20}},"12":{"start":{"line":13,"column":0},"end":{"line":13,"column":14}},"13":{"start":{"line":14,"column":0},"end":{"line":14,"column":32}},"14":{"start":{"line":15,"column":0},"end":{"line":15,"column":17}},"25":{"start":{"line":26,"column":0},"end":{"line":26,"column":28}},"26":{"start":{"line":27,"column":0},"end":{"line":27,"column":43}},"27":{"start":{"line":28,"column":0},"end":{"line":28,"column":54}},"28":{"start":{"line":29,"column":0},"end":{"line":29,"column":76}},"30":{"start":{"line":31,"column":0},"end":{"line":31,"column":28}},"32":{"start":{"line":33,"column":0},"end":{"line":33,"column":48}},"33":{"start":{"line":34,"column":0},"end":{"line":34,"column":38}},"34":{"start":{"line":35,"column":0},"end":{"line":35,"column":57}},"35":{"start":{"line":36,"column":0},"end":{"line":36,"column":9}},"36":{"start":{"line":37,"column":0},"end":{"line":37,"column":38}},"37":{"start":{"line":38,"column":0},"end":{"line":38,"column":5}},"39":{"start":{"line":40,"column":0},"end":{"line":40,"column":54}},"40":{"start":{"line":41,"column":0},"end":{"line":41,"column":36}},"41":{"start":{"line":42,"column":0},"end":{"line":42,"column":5}},"43":{"start":{"line":44,"column":0},"end":{"line":44,"column":53}},"44":{"start":{"line":45,"column":0},"end":{"line":45,"column":35}},"45":{"start":{"line":46,"column":0},"end":{"line":46,"column":5}},"47":{"start":{"line":48,"column":0},"end":{"line":48,"column":93}},"48":{"start":{"line":49,"column":0},"end":{"line":49,"column":56}},"49":{"start":{"line":50,"column":0},"end":{"line":50,"column":5}},"51":{"start":{"line":52,"column":0},"end":{"line":52,"column":92}},"52":{"start":{"line":53,"column":0},"end":{"line":53,"column":55}},"53":{"start":{"line":54,"column":0},"end":{"line":54,"column":5}},"55":{"start":{"line":56,"column":0},"end":{"line":56,"column":92}},"56":{"start":{"line":57,"column":0},"end":{"line":57,"column":55}},"57":{"start":{"line":58,"column":0},"end":{"line":58,"column":5}},"59":{"start":{"line":60,"column":0},"end":{"line":60,"column":93}},"60":{"start":{"line":61,"column":0},"end":{"line":61,"column":56}},"61":{"start":{"line":62,"column":0},"end":{"line":62,"column":5}},"63":{"start":{"line":64,"column":0},"end":{"line":64,"column":109}},"64":{"start":{"line":65,"column":0},"end":{"line":65,"column":58}},"65":{"start":{"line":66,"column":0},"end":{"line":66,"column":51}},"67":{"start":{"line":68,"column":0},"end":{"line":68,"column":33}},"68":{"start":{"line":69,"column":0},"end":{"line":69,"column":22}},"69":{"start":{"line":70,"column":0},"end":{"line":70,"column":18}},"70":{"start":{"line":71,"column":0},"end":{"line":71,"column":40}},"71":{"start":{"line":72,"column":0},"end":{"line":72,"column":20}},"72":{"start":{"line":73,"column":0},"end":{"line":73,"column":16}},"73":{"start":{"line":74,"column":0},"end":{"line":74,"column":10}},"76":{"start":{"line":77,"column":0},"end":{"line":77,"column":47}},"78":{"start":{"line":79,"column":0},"end":{"line":79,"column":33}},"79":{"start":{"line":80,"column":0},"end":{"line":80,"column":52}},"80":{"start":{"line":81,"column":0},"end":{"line":81,"column":75}},"81":{"start":{"line":82,"column":0},"end":{"line":82,"column":23}},"82":{"start":{"line":83,"column":0},"end":{"line":83,"column":58}},"83":{"start":{"line":84,"column":0},"end":{"line":84,"column":20}},"84":{"start":{"line":85,"column":0},"end":{"line":85,"column":52}},"85":{"start":{"line":86,"column":0},"end":{"line":86,"column":13}},"86":{"start":{"line":87,"column":0},"end":{"line":87,"column":19}},"87":{"start":{"line":88,"column":0},"end":{"line":88,"column":9}},"89":{"start":{"line":90,"column":0},"end":{"line":90,"column":49}},"91":{"start":{"line":92,"column":0},"end":{"line":92,"column":24}},"92":{"start":{"line":93,"column":0},"end":{"line":93,"column":32}},"93":{"start":{"line":94,"column":0},"end":{"line":94,"column":42}},"94":{"start":{"line":95,"column":0},"end":{"line":95,"column":22}},"95":{"start":{"line":96,"column":0},"end":{"line":96,"column":31}},"96":{"start":{"line":97,"column":0},"end":{"line":97,"column":41}},"97":{"start":{"line":98,"column":0},"end":{"line":98,"column":22}},"98":{"start":{"line":99,"column":0},"end":{"line":99,"column":31}},"99":{"start":{"line":100,"column":0},"end":{"line":100,"column":41}},"100":{"start":{"line":101,"column":0},"end":{"line":101,"column":22}},"101":{"start":{"line":102,"column":0},"end":{"line":102,"column":32}},"102":{"start":{"line":103,"column":0},"end":{"line":103,"column":42}},"103":{"start":{"line":104,"column":0},"end":{"line":104,"column":22}},"104":{"start":{"line":105,"column":0},"end":{"line":105,"column":9}},"105":{"start":{"line":106,"column":0},"end":{"line":106,"column":5}},"107":{"start":{"line":108,"column":0},"end":{"line":108,"column":52}},"108":{"start":{"line":109,"column":0},"end":{"line":109,"column":24}},"109":{"start":{"line":110,"column":0},"end":{"line":110,"column":54}},"110":{"start":{"line":111,"column":0},"end":{"line":111,"column":56}},"111":{"start":{"line":112,"column":0},"end":{"line":112,"column":56}},"112":{"start":{"line":113,"column":0},"end":{"line":113,"column":76}},"113":{"start":{"line":114,"column":0},"end":{"line":114,"column":42}},"114":{"start":{"line":115,"column":0},"end":{"line":115,"column":9}},"115":{"start":{"line":116,"column":0},"end":{"line":116,"column":5}},"116":{"start":{"line":117,"column":0},"end":{"line":117,"column":1}}},"s":{"0":1,"2":1,"3":1,"4":1,"5":1,"6":1,"9":1,"10":1,"11":1,"12":1,"13":1,"14":1,"25":1,"26":6,"27":6,"28":6,"30":6,"32":6,"33":15,"34":3,"35":3,"36":15,"37":15,"39":6,"40":2,"41":2,"43":6,"44":17,"45":17,"47":6,"48":3,"49":3,"51":6,"52":12,"53":12,"55":6,"56":3,"57":3,"59":6,"60":5,"61":5,"63":6,"64":24,"65":24,"67":24,"68":24,"69":24,"70":24,"71":24,"72":24,"73":24,"76":24,"78":24,"79":8,"80":8,"81":8,"82":1,"83":8,"84":7,"85":7,"86":8,"87":8,"89":16,"91":16,"92":24,"93":2,"94":2,"95":24,"96":8,"97":8,"98":24,"99":2,"100":2,"101":24,"102":4,"103":4,"104":24,"105":24,"107":6,"108":8,"109":8,"110":8,"111":8,"112":8,"113":8,"114":8,"115":8,"116":6},"branchMap":{"0":{"type":"branch","line":3,"loc":{"start":{"line":3,"column":7},"end":{"line":3,"column":22}},"locations":[{"start":{"line":3,"column":7},"end":{"line":3,"column":22}}]},"1":{"type":"branch","line":10,"loc":{"start":{"line":10,"column":7},"end":{"line":10,"column":23}},"locations":[{"start":{"line":10,"column":7},"end":{"line":10,"column":23}}]},"2":{"type":"branch","line":26,"loc":{"start":{"line":26,"column":27},"end":{"line":117,"column":1}},"locations":[{"start":{"line":26,"column":27},"end":{"line":117,"column":1}}]},"3":{"type":"branch","line":31,"loc":{"start":{"line":31,"column":12},"end":{"line":31,"column":28}},"locations":[{"start":{"line":31,"column":12},"end":{"line":31,"column":28}}]},"4":{"type":"branch","line":33,"loc":{"start":{"line":33,"column":18},"end":{"line":38,"column":5}},"locations":[{"start":{"line":33,"column":18},"end":{"line":38,"column":5}}]},"5":{"type":"branch","line":34,"loc":{"start":{"line":34,"column":37},"end":{"line":36,"column":9}},"locations":[{"start":{"line":34,"column":37},"end":{"line":36,"column":9}}]},"6":{"type":"branch","line":40,"loc":{"start":{"line":40,"column":11},"end":{"line":42,"column":5}},"locations":[{"start":{"line":40,"column":11},"end":{"line":42,"column":5}}]},"7":{"type":"branch","line":44,"loc":{"start":{"line":44,"column":11},"end":{"line":46,"column":5}},"locations":[{"start":{"line":44,"column":11},"end":{"line":46,"column":5}}]},"8":{"type":"branch","line":48,"loc":{"start":{"line":48,"column":11},"end":{"line":50,"column":5}},"locations":[{"start":{"line":48,"column":11},"end":{"line":50,"column":5}}]},"9":{"type":"branch","line":52,"loc":{"start":{"line":52,"column":11},"end":{"line":54,"column":5}},"locations":[{"start":{"line":52,"column":11},"end":{"line":54,"column":5}}]},"10":{"type":"branch","line":56,"loc":{"start":{"line":56,"column":11},"end":{"line":58,"column":5}},"locations":[{"start":{"line":56,"column":11},"end":{"line":58,"column":5}}]},"11":{"type":"branch","line":60,"loc":{"start":{"line":60,"column":11},"end":{"line":62,"column":5}},"locations":[{"start":{"line":60,"column":11},"end":{"line":62,"column":5}}]},"12":{"type":"branch","line":64,"loc":{"start":{"line":64,"column":12},"end":{"line":106,"column":5}},"locations":[{"start":{"line":64,"column":12},"end":{"line":106,"column":5}}]},"13":{"type":"branch","line":65,"loc":{"start":{"line":65,"column":29},"end":{"line":65,"column":58}},"locations":[{"start":{"line":65,"column":29},"end":{"line":65,"column":58}}]},"14":{"type":"branch","line":79,"loc":{"start":{"line":79,"column":32},"end":{"line":88,"column":9}},"locations":[{"start":{"line":79,"column":32},"end":{"line":88,"column":9}}]},"15":{"type":"branch","line":82,"loc":{"start":{"line":82,"column":22},"end":{"line":84,"column":19}},"locations":[{"start":{"line":82,"column":22},"end":{"line":84,"column":19}}]},"16":{"type":"branch","line":84,"loc":{"start":{"line":84,"column":12},"end":{"line":86,"column":13}},"locations":[{"start":{"line":84,"column":12},"end":{"line":86,"column":13}}]},"17":{"type":"branch","line":88,"loc":{"start":{"line":88,"column":8},"end":{"line":92,"column":24}},"locations":[{"start":{"line":88,"column":8},"end":{"line":92,"column":24}}]},"18":{"type":"branch","line":93,"loc":{"start":{"line":93,"column":12},"end":{"line":95,"column":22}},"locations":[{"start":{"line":93,"column":12},"end":{"line":95,"column":22}}]},"19":{"type":"branch","line":96,"loc":{"start":{"line":96,"column":12},"end":{"line":98,"column":22}},"locations":[{"start":{"line":96,"column":12},"end":{"line":98,"column":22}}]},"20":{"type":"branch","line":99,"loc":{"start":{"line":99,"column":12},"end":{"line":101,"column":22}},"locations":[{"start":{"line":99,"column":12},"end":{"line":101,"column":22}}]},"21":{"type":"branch","line":102,"loc":{"start":{"line":102,"column":12},"end":{"line":104,"column":22}},"locations":[{"start":{"line":102,"column":12},"end":{"line":104,"column":22}}]},"22":{"type":"branch","line":108,"loc":{"start":{"line":108,"column":12},"end":{"line":116,"column":5}},"locations":[{"start":{"line":108,"column":12},"end":{"line":116,"column":5}}]},"23":{"type":"branch","line":110,"loc":{"start":{"line":110,"column":12},"end":{"line":110,"column":54}},"locations":[{"start":{"line":110,"column":12},"end":{"line":110,"column":54}}]},"24":{"type":"branch","line":111,"loc":{"start":{"line":111,"column":12},"end":{"line":111,"column":56}},"locations":[{"start":{"line":111,"column":12},"end":{"line":111,"column":56}}]},"25":{"type":"branch","line":112,"loc":{"start":{"line":112,"column":12},"end":{"line":112,"column":56}},"locations":[{"start":{"line":112,"column":12},"end":{"line":112,"column":56}}]},"26":{"type":"branch","line":113,"loc":{"start":{"line":113,"column":12},"end":{"line":113,"column":76}},"locations":[{"start":{"line":113,"column":12},"end":{"line":113,"column":76}}]},"27":{"type":"branch","line":114,"loc":{"start":{"line":114,"column":12},"end":{"line":114,"column":42}},"locations":[{"start":{"line":114,"column":12},"end":{"line":114,"column":42}}]}},"b":{"0":[3],"1":[3],"2":[6],"3":[3],"4":[15],"5":[3],"6":[2],"7":[17],"8":[3],"9":[12],"10":[3],"11":[5],"12":[24],"13":[13],"14":[8],"15":[1],"16":[7],"17":[16],"18":[2],"19":[8],"20":[2],"21":[4],"22":[8],"23":[1],"24":[4],"25":[1],"26":[1],"27":[1]},"fnMap":{"0":{"name":"<static_initializer>","decl":{"start":{"line":26,"column":27},"end":{"line":117,"column":1}},"loc":{"start":{"line":26,"column":27},"end":{"line":117,"column":1}},"line":26},"1":{"name":"LoggerService","decl":{"start":{"line":31,"column":12},"end":{"line":31,"column":28}},"loc":{"start":{"line":31,"column":12},"end":{"line":31,"column":28}},"line":31},"2":{"name":"getInstance","decl":{"start":{"line":33,"column":18},"end":{"line":38,"column":5}},"loc":{"start":{"line":33,"column":18},"end":{"line":38,"column":5}},"line":33},"3":{"name":"setDefaultDomain","decl":{"start":{"line":40,"column":11},"end":{"line":42,"column":5}},"loc":{"start":{"line":40,"column":11},"end":{"line":42,"column":5}},"line":40},"4":{"name":"setDevelopmentMode","decl":{"start":{"line":44,"column":11},"end":{"line":46,"column":5}},"loc":{"start":{"line":44,"column":11},"end":{"line":46,"column":5}},"line":44},"5":{"name":"debug","decl":{"start":{"line":48,"column":11},"end":{"line":50,"column":5}},"loc":{"start":{"line":48,"column":11},"end":{"line":50,"column":5}},"line":48},"6":{"name":"info","decl":{"start":{"line":52,"column":11},"end":{"line":54,"column":5}},"loc":{"start":{"line":52,"column":11},"end":{"line":54,"column":5}},"line":52},"7":{"name":"warn","decl":{"start":{"line":56,"column":11},"end":{"line":58,"column":5}},"loc":{"start":{"line":56,"column":11},"end":{"line":58,"column":5}},"line":56},"8":{"name":"error","decl":{"start":{"line":60,"column":11},"end":{"line":62,"column":5}},"loc":{"start":{"line":60,"column":11},"end":{"line":62,"column":5}},"line":60},"9":{"name":"log","decl":{"start":{"line":64,"column":12},"end":{"line":106,"column":5}},"loc":{"start":{"line":64,"column":12},"end":{"line":106,"column":5}},"line":64},"10":{"name":"getLevelColor","decl":{"start":{"line":108,"column":12},"end":{"line":116,"column":5}},"loc":{"start":{"line":108,"column":12},"end":{"line":116,"column":5}},"line":108}},"f":{"0":6,"1":3,"2":15,"3":2,"4":17,"5":3,"6":12,"7":3,"8":5,"9":24,"10":8}}
,"D:\\Dev\\FootballFever\\src\\core\\services\\persistence\\PersistenceService.ts": {"path":"D:\\Dev\\FootballFever\\src\\core\\services\\persistence\\PersistenceService.ts","all":false,"statementMap":{"0":{"start":{"line":1,"column":0},"end":{"line":1,"column":56}},"5":{"start":{"line":6,"column":0},"end":{"line":6,"column":33}},"6":{"start":{"line":7,"column":0},"end":{"line":7,"column":62}},"7":{"start":{"line":8,"column":0},"end":{"line":8,"column":39}},"8":{"start":{"line":9,"column":0},"end":{"line":9,"column":43}},"10":{"start":{"line":11,"column":0},"end":{"line":11,"column":27}},"11":{"start":{"line":12,"column":0},"end":{"line":12,"column":55}},"12":{"start":{"line":13,"column":0},"end":{"line":13,"column":5}},"14":{"start":{"line":15,"column":0},"end":{"line":15,"column":53}},"15":{"start":{"line":16,"column":0},"end":{"line":16,"column":43}},"16":{"start":{"line":17,"column":0},"end":{"line":17,"column":67}},"17":{"start":{"line":18,"column":0},"end":{"line":18,"column":9}},"18":{"start":{"line":19,"column":0},"end":{"line":19,"column":43}},"19":{"start":{"line":20,"column":0},"end":{"line":20,"column":5}},"21":{"start":{"line":22,"column":0},"end":{"line":22,"column":25}},"22":{"start":{"line":23,"column":0},"end":{"line":23,"column":39}},"25":{"start":{"line":26,"column":0},"end":{"line":26,"column":43}},"26":{"start":{"line":27,"column":0},"end":{"line":27,"column":31}},"27":{"start":{"line":28,"column":0},"end":{"line":28,"column":11}},"29":{"start":{"line":30,"column":0},"end":{"line":30,"column":46}},"30":{"start":{"line":31,"column":0},"end":{"line":31,"column":31}},"31":{"start":{"line":32,"column":0},"end":{"line":32,"column":11}},"33":{"start":{"line":34,"column":0},"end":{"line":34,"column":34}},"34":{"start":{"line":35,"column":0},"end":{"line":35,"column":5}},"36":{"start":{"line":37,"column":0},"end":{"line":37,"column":47}},"37":{"start":{"line":38,"column":0},"end":{"line":38,"column":50}},"38":{"start":{"line":39,"column":0},"end":{"line":39,"column":56}},"40":{"start":{"line":41,"column":0},"end":{"line":41,"column":42}},"41":{"start":{"line":42,"column":0},"end":{"line":42,"column":34}},"42":{"start":{"line":43,"column":0},"end":{"line":43,"column":49}},"43":{"start":{"line":44,"column":0},"end":{"line":44,"column":44}},"44":{"start":{"line":45,"column":0},"end":{"line":45,"column":47}},"45":{"start":{"line":46,"column":0},"end":{"line":46,"column":10}},"47":{"start":{"line":48,"column":0},"end":{"line":48,"column":13}},"48":{"start":{"line":49,"column":0},"end":{"line":49,"column":60}},"49":{"start":{"line":50,"column":0},"end":{"line":50,"column":25}},"50":{"start":{"line":51,"column":0},"end":{"line":51,"column":68}},"51":{"start":{"line":52,"column":0},"end":{"line":52,"column":9}},"52":{"start":{"line":53,"column":0},"end":{"line":53,"column":5}},"54":{"start":{"line":55,"column":0},"end":{"line":55,"column":54}},"55":{"start":{"line":56,"column":0},"end":{"line":56,"column":13}},"56":{"start":{"line":57,"column":0},"end":{"line":57,"column":70}},"57":{"start":{"line":58,"column":0},"end":{"line":58,"column":29}},"58":{"start":{"line":59,"column":0},"end":{"line":59,"column":85}},"59":{"start":{"line":60,"column":0},"end":{"line":60,"column":76}},"60":{"start":{"line":61,"column":0},"end":{"line":61,"column":13}},"61":{"start":{"line":62,"column":0},"end":{"line":62,"column":25}},"62":{"start":{"line":63,"column":0},"end":{"line":63,"column":73}},"63":{"start":{"line":64,"column":0},"end":{"line":64,"column":9}},"64":{"start":{"line":65,"column":0},"end":{"line":65,"column":5}},"65":{"start":{"line":66,"column":0},"end":{"line":66,"column":1}}},"s":{"0":1,"5":1,"6":1,"7":1,"8":1,"10":1,"11":5,"12":5,"14":1,"15":5,"16":5,"17":5,"18":5,"19":5,"21":1,"22":2,"25":2,"26":11,"27":2,"29":2,"30":12,"31":2,"33":2,"34":2,"36":1,"37":25,"38":25,"40":25,"41":25,"42":25,"43":25,"44":25,"45":25,"47":25,"48":25,"49":25,"50":1,"51":1,"52":25,"54":1,"55":2,"56":2,"57":1,"58":1,"59":1,"60":1,"61":2,"62":1,"63":1,"64":2,"65":1},"branchMap":{"0":{"type":"branch","line":6,"loc":{"start":{"line":6,"column":32},"end":{"line":66,"column":1}},"locations":[{"start":{"line":6,"column":32},"end":{"line":66,"column":1}}]},"1":{"type":"branch","line":6,"loc":{"start":{"line":6,"column":32},"end":{"line":66,"column":1}},"locations":[{"start":{"line":6,"column":32},"end":{"line":66,"column":1}}]},"2":{"type":"branch","line":11,"loc":{"start":{"line":11,"column":12},"end":{"line":13,"column":5}},"locations":[{"start":{"line":11,"column":12},"end":{"line":13,"column":5}}]},"3":{"type":"branch","line":15,"loc":{"start":{"line":15,"column":18},"end":{"line":20,"column":5}},"locations":[{"start":{"line":15,"column":18},"end":{"line":20,"column":5}}]},"4":{"type":"branch","line":22,"loc":{"start":{"line":22,"column":11},"end":{"line":35,"column":5}},"locations":[{"start":{"line":22,"column":11},"end":{"line":35,"column":5}}]},"5":{"type":"branch","line":23,"loc":{"start":{"line":23,"column":32},"end":{"line":23,"column":39}},"locations":[{"start":{"line":23,"column":32},"end":{"line":23,"column":39}}]},"6":{"type":"branch","line":26,"loc":{"start":{"line":26,"column":31},"end":{"line":28,"column":9}},"locations":[{"start":{"line":26,"column":31},"end":{"line":28,"column":9}}]},"7":{"type":"branch","line":30,"loc":{"start":{"line":30,"column":34},"end":{"line":32,"column":9}},"locations":[{"start":{"line":30,"column":34},"end":{"line":32,"column":9}}]},"8":{"type":"branch","line":37,"loc":{"start":{"line":37,"column":4},"end":{"line":53,"column":5}},"locations":[{"start":{"line":37,"column":4},"end":{"line":53,"column":5}}]},"9":{"type":"branch","line":49,"loc":{"start":{"line":49,"column":58},"end":{"line":50,"column":17}},"locations":[{"start":{"line":49,"column":58},"end":{"line":50,"column":17}}]},"10":{"type":"branch","line":50,"loc":{"start":{"line":50,"column":8},"end":{"line":52,"column":9}},"locations":[{"start":{"line":50,"column":8},"end":{"line":52,"column":9}}]},"11":{"type":"branch","line":55,"loc":{"start":{"line":55,"column":4},"end":{"line":65,"column":5}},"locations":[{"start":{"line":55,"column":4},"end":{"line":65,"column":5}}]},"12":{"type":"branch","line":57,"loc":{"start":{"line":57,"column":68},"end":{"line":61,"column":13}},"locations":[{"start":{"line":57,"column":68},"end":{"line":61,"column":13}}]},"13":{"type":"branch","line":62,"loc":{"start":{"line":62,"column":8},"end":{"line":64,"column":9}},"locations":[{"start":{"line":62,"column":8},"end":{"line":64,"column":9}}]}},"b":{"0":[5],"1":[1],"2":[5],"3":[5],"4":[2],"5":[0],"6":[11],"7":[12],"8":[25],"9":[24],"10":[1],"11":[2],"12":[1],"13":[1]},"fnMap":{"0":{"name":"<instance_members_initializer>","decl":{"start":{"line":6,"column":32},"end":{"line":66,"column":1}},"loc":{"start":{"line":6,"column":32},"end":{"line":66,"column":1}},"line":6},"1":{"name":"<static_initializer>","decl":{"start":{"line":6,"column":32},"end":{"line":66,"column":1}},"loc":{"start":{"line":6,"column":32},"end":{"line":66,"column":1}},"line":6},"2":{"name":"PersistenceService","decl":{"start":{"line":11,"column":12},"end":{"line":13,"column":5}},"loc":{"start":{"line":11,"column":12},"end":{"line":13,"column":5}},"line":11},"3":{"name":"getInstance","decl":{"start":{"line":15,"column":18},"end":{"line":20,"column":5}},"loc":{"start":{"line":15,"column":18},"end":{"line":20,"column":5}},"line":15},"4":{"name":"init","decl":{"start":{"line":22,"column":11},"end":{"line":35,"column":5}},"loc":{"start":{"line":22,"column":11},"end":{"line":35,"column":5}},"line":22},"5":{"name":"triggerSave","decl":{"start":{"line":37,"column":4},"end":{"line":53,"column":5}},"loc":{"start":{"line":37,"column":4},"end":{"line":53,"column":5}},"line":37},"6":{"name":"loadPersistedState","decl":{"start":{"line":55,"column":4},"end":{"line":65,"column":5}},"loc":{"start":{"line":55,"column":4},"end":{"line":65,"column":5}},"line":55}},"f":{"0":5,"1":1,"2":5,"3":5,"4":2,"5":25,"6":2}}
,"D:\\Dev\\FootballFever\\src\\core\\services\\registry\\DomainRegistry.ts": {"path":"D:\\Dev\\FootballFever\\src\\core\\services\\registry\\DomainRegistry.ts","all":false,"statementMap":{"13":{"start":{"line":14,"column":0},"end":{"line":14,"column":29}},"14":{"start":{"line":15,"column":0},"end":{"line":15,"column":58}},"16":{"start":{"line":17,"column":0},"end":{"line":17,"column":79}},"17":{"start":{"line":18,"column":0},"end":{"line":18,"column":80}},"19":{"start":{"line":20,"column":0},"end":{"line":20,"column":28}},"21":{"start":{"line":22,"column":0},"end":{"line":22,"column":49}},"22":{"start":{"line":23,"column":0},"end":{"line":23,"column":39}},"23":{"start":{"line":24,"column":0},"end":{"line":24,"column":59}},"24":{"start":{"line":25,"column":0},"end":{"line":25,"column":9}},"26":{"start":{"line":27,"column":0},"end":{"line":27,"column":39}},"27":{"start":{"line":28,"column":0},"end":{"line":28,"column":5}},"29":{"start":{"line":30,"column":0},"end":{"line":30,"column":41}},"30":{"start":{"line":31,"column":0},"end":{"line":31,"column":39}},"31":{"start":{"line":32,"column":0},"end":{"line":32,"column":5}},"33":{"start":{"line":34,"column":0},"end":{"line":34,"column":59}},"34":{"start":{"line":35,"column":0},"end":{"line":35,"column":59}},"35":{"start":{"line":36,"column":0},"end":{"line":36,"column":55}},"36":{"start":{"line":37,"column":0},"end":{"line":37,"column":5}},"38":{"start":{"line":39,"column":0},"end":{"line":39,"column":98}},"39":{"start":{"line":40,"column":0},"end":{"line":40,"column":71}},"41":{"start":{"line":42,"column":0},"end":{"line":42,"column":42}},"42":{"start":{"line":43,"column":0},"end":{"line":43,"column":72}},"43":{"start":{"line":44,"column":0},"end":{"line":44,"column":9}},"44":{"start":{"line":45,"column":0},"end":{"line":45,"column":5}},"46":{"start":{"line":47,"column":0},"end":{"line":47,"column":83}},"47":{"start":{"line":48,"column":0},"end":{"line":48,"column":49}},"48":{"start":{"line":49,"column":0},"end":{"line":49,"column":5}},"50":{"start":{"line":51,"column":0},"end":{"line":51,"column":91}},"51":{"start":{"line":52,"column":0},"end":{"line":52,"column":43}},"52":{"start":{"line":53,"column":0},"end":{"line":53,"column":5}},"54":{"start":{"line":55,"column":0},"end":{"line":55,"column":75}},"55":{"start":{"line":56,"column":0},"end":{"line":56,"column":47}},"56":{"start":{"line":57,"column":0},"end":{"line":57,"column":5}},"58":{"start":{"line":59,"column":0},"end":{"line":59,"column":83}},"59":{"start":{"line":60,"column":0},"end":{"line":60,"column":41}},"60":{"start":{"line":61,"column":0},"end":{"line":61,"column":5}},"62":{"start":{"line":63,"column":0},"end":{"line":63,"column":71}},"63":{"start":{"line":64,"column":0},"end":{"line":64,"column":43}},"64":{"start":{"line":65,"column":0},"end":{"line":65,"column":5}},"66":{"start":{"line":67,"column":0},"end":{"line":67,"column":81}},"67":{"start":{"line":68,"column":0},"end":{"line":68,"column":39}},"68":{"start":{"line":69,"column":0},"end":{"line":69,"column":5}},"70":{"start":{"line":71,"column":0},"end":{"line":71,"column":26}},"71":{"start":{"line":72,"column":0},"end":{"line":72,"column":61}},"72":{"start":{"line":73,"column":0},"end":{"line":73,"column":31}},"73":{"start":{"line":74,"column":0},"end":{"line":74,"column":9}},"74":{"start":{"line":75,"column":0},"end":{"line":75,"column":5}},"76":{"start":{"line":77,"column":0},"end":{"line":77,"column":90}},"77":{"start":{"line":78,"column":0},"end":{"line":78,"column":54}},"78":{"start":{"line":79,"column":0},"end":{"line":79,"column":56}},"79":{"start":{"line":80,"column":0},"end":{"line":80,"column":61}},"80":{"start":{"line":81,"column":0},"end":{"line":81,"column":60}},"82":{"start":{"line":83,"column":0},"end":{"line":83,"column":54}},"84":{"start":{"line":85,"column":0},"end":{"line":85,"column":46}},"85":{"start":{"line":86,"column":0},"end":{"line":86,"column":5}},"87":{"start":{"line":88,"column":0},"end":{"line":88,"column":98}},"88":{"start":{"line":89,"column":0},
[...]
"end":{"line":152,"column":9}}]},"32":{"type":"branch","line":149,"loc":{"start":{"line":149,"column":16},"end":{"line":149,"column":64}},"locations":[{"start":{"line":149,"column":16},"end":{"line":149,"column":64}}]},"33":{"type":"branch","line":149,"loc":{"start":{"line":149,"column":52},"end":{"line":149,"column":94}},"locations":[{"start":{"line":149,"column":52},"end":{"line":149,"column":94}}]},"34":{"type":"branch","line":149,"loc":{"start":{"line":149,"column":94},"end":{"line":151,"column":13}},"locations":[{"start":{"line":149,"column":94},"end":{"line":151,"column":13}}]}},"b":{"0":[13],"1":[1],"2":[13],"3":[13],"4":[13],"5":[11],"6":[25],"7":[9],"8":[10],"9":[4],"10":[4],"11":[1],"12":[1],"13":[1],"14":[2],"15":[9],"16":[10],"17":[2],"18":[6],"19":[9],"20":[1],"21":[8],"22":[18],"23":[2],"24":[16],"25":[20],"26":[20],"27":[0],"28":[0],"29":[34],"30":[0],"31":[121],"32":[113],"33":[14],"34":[14]},"fnMap":{"0":{"name":"<instance_members_initializer>","decl":{"start":{"line":14,"column":28},"end":{"line":156,"column":1}},"loc":{"start":{"line":14,"column":28},"end":{"line":156,"column":1}},"line":14},"1":{"name":"<static_initializer>","decl":{"start":{"line":14,"column":28},"end":{"line":156,"column":1}},"loc":{"start":{"line":14,"column":28},"end":{"line":156,"column":1}},"line":14},"2":{"name":"DomainRegistry","decl":{"start":{"line":20,"column":12},"end":{"line":20,"column":28}},"loc":{"start":{"line":20,"column":12},"end":{"line":20,"column":28}},"line":20},"3":{"name":"getInstance","decl":{"start":{"line":22,"column":18},"end":{"line":28,"column":5}},"loc":{"start":{"line":22,"column":18},"end":{"line":28,"column":5}},"line":22},"4":{"name":"resetInstance","decl":{"start":{"line":30,"column":18},"end":{"line":32,"column":5}},"loc":{"start":{"line":30,"column":18},"end":{"line":32,"column":5}},"line":30},"5":{"name":"configureSchemas","decl":{"start":{"line":34,"column":11},"end":{"line":37,"column":5}},"loc":{"start":{"line":34,"column":11},"end":{"line":37,"column":5}},"line":34},"6":{"name":"registerSchema","decl":{"start":{"line":39,"column":11},"end":{"line":45,"column":5}},"loc":{"start":{"line":39,"column":11},"end":{"line":45,"column":5}},"line":39},"7":{"name":"register","decl":{"start":{"line":47,"column":11},"end":{"line":49,"column":5}},"loc":{"start":{"line":47,"column":11},"end":{"line":49,"column":5}},"line":47},"8":{"name":"get","decl":{"start":{"line":51,"column":11},"end":{"line":53,"column":5}},"loc":{"start":{"line":51,"column":11},"end":{"line":53,"column":5}},"line":51},"9":{"name":"registerPlayer","decl":{"start":{"line":55,"column":11},"end":{"line":57,"column":5}},"loc":{"start":{"line":55,"column":11},"end":{"line":57,"column":5}},"line":55},"10":{"name":"getPlayer","decl":{"start":{"line":59,"column":11},"end":{"line":61,"column":5}},"loc":{"start":{"line":59,"column":11},"end":{"line":61,"column":5}},"line":59},"11":{"name":"registerTeam","decl":{"start":{"line":63,"column":11},"end":{"line":65,"column":5}},"loc":{"start":{"line":63,"column":11},"end":{"line":65,"column":5}},"line":63},"12":{"name":"getTeam","decl":{"start":{"line":67,"column":11},"end":{"line":69,"column":5}},"loc":{"start":{"line":67,"column":11},"end":{"line":69,"column":5}},"line":67},"13":{"name":"clear","decl":{"start":{"line":71,"column":11},"end":{"line":75,"column":5}},"loc":{"start":{"line":71,"column":11},"end":{"line":75,"column":5}},"line":71},"14":{"name":"registerEntity","decl":{"start":{"line":77,"column":12},"end":{"line":86,"column":5}},"loc":{"start":{"line":77,"column":12},"end":{"line":86,"column":5}},"line":77},"15":{"name":"getEntity","decl":{"start":{"line":88,"column":12},"end":{"line":97,"column":5}},"loc":{"start":{"line":88,"column":12},"end":{"line":97,"column":5}},"line":88},"16":{"name":"requireSchema","decl":{"start":{"line":99,"column":12},"end":{"line":107,"column":5}},"loc":{"start":{"line":99,"column":12},"end":{"line":107,"column":5}},"line":99},"17":{"name":"requireCollection","decl":{"start":{"line":109,"column":12},"end":{"line":117,"column":5}},"loc":{"start":{"line":109,"column":12},"end":{"line":117,"column":5}},"line":109},"18":{"name":"freezeClone","decl":{"start":{"line":119,"column":12},"end":{"line":121,"column":5}},"loc":{"start":{"line":119,"column":12},"end":{"line":121,"column":5}},"line":119},"19":{"name":"cloneValue","decl":{"start":{"line":123,"column":12},"end":{"line":139,"column":5}},"loc":{"start":{"line":123,"column":12},"end":{"line":139,"column":5}},"line":123},"20":{"name":"deepFreeze","decl":{"start":{"line":141,"column":12},"end":{"line":155,"column":5}},"loc":{"start":{"line":141,"column":12},"end":{"line":155,"column":5}},"line":141}},"f":{"0":13,"1":1,"2":13,"3":13,"4":13,"5":11,"6":25,"7":9,"8":10,"9":4,"10":4,"11":1,"12":1,"13":1,"14":9,"15":10,"16":9,"17":18,"18":20,"19":20,"20":34}}
,"D:\\Dev\\FootballFever\\src\\core\\store\\useDebugStore.ts": {"path":"D:\\Dev\\FootballFever\\src\\core\\store\\useDebugStore.ts","all":false,"statementMap":{"0":{"start":{"line":1,"column":0},"end":{"line":1,"column":33}},"11":{"start":{"line":12,"column":0},"end":{"line":12,"column":20}},"13":{"start":{"line":14,"column":0},"end":{"line":14,"column":59}},"14":{"start":{"line":15,"column":0},"end":{"line":15,"column":21}},"15":{"start":{"line":16,"column":0},"end":{"line":16,"column":13}},"16":{"start":{"line":17,"column":0},"end":{"line":17,"column":78}},"17":{"start":{"line":18,"column":0},"end":{"line":18,"column":38}},"18":{"start":{"line":19,"column":0},"end":{"line":19,"column":53}},"19":{"start":{"line":20,"column":0},"end":{"line":20,"column":8}},"20":{"start":{"line":21,"column":0},"end":{"line":21,"column":39}},"21":{"start":{"line":22,"column":0},"end":{"line":22,"column":4}}},"s":{"0":1,"11":1,"13":1,"14":3,"15":3,"16":3,"17":3,"18":25,"19":25,"20":3,"21":1},"branchMap":{"0":{"type":"branch","line":14,"loc":{"start":{"line":14,"column":48},"end":{"line":22,"column":2}},"locations":[{"start":{"line":14,"column":48},"end":{"line":22,"column":2}}]},"1":{"type":"branch","line":18,"loc":{"start":{"line":18,"column":12},"end":{"line":20,"column":8}},"locations":[{"start":{"line":18,"column":12},"end":{"line":20,"column":8}}]},"2":{"type":"branch","line":18,"loc":{"start":{"line":18,"column":25},"end":{"line":20,"column":6}},"locations":[{"start":{"line":18,"column":25},"end":{"line":20,"column":6}}]},"3":{"type":"branch","line":21,"loc":{"start":{"line":21,"column":15},"end":{"line":21,"column":39}},"locations":[{"start":{"line":21,"column":15},"end":{"line":21,"column":39}}]}},"b":{"0":[3],"1":[25],"2":[25],"3":[5]},"fnMap":{"0":{"name":"toggleVisibility","decl":{"start":{"line":17,"column":22},"end":{"line":17,"column":78}},"loc":{"start":{"line":17,"column":22},"end":{"line":17,"column":78}},"line":17},"1":{"name":"addLog","decl":{"start":{"line":18,"column":12},"end":{"line":20,"column":8}},"loc":{"start":{"line":18,"column":12},"end":{"line":20,"column":8}},"line":18},"2":{"name":"clearLogs","decl":{"start":{"line":21,"column":15},"end":{"line":21,"column":39}},"loc":{"start":{"line":21,"column":15},"end":{"line":21,"column":39}},"line":21}},"f":{"0":0,"1":25,"2":5}}
,"D:\\Dev\\FootballFever\\src\\core\\store\\useEconomyStore.ts": {"path":"D:\\Dev\\FootballFever\\src\\core\\store\\useEconomyStore.ts","all":false,"statementMap":{"0":{"start":{"line":1,"column":0},"end":{"line":1,"column":33}},"9":{"start":{"line":10,"column":0},"end":{"line":10,"column":54}},"10":{"start":{"line":11,"column":0},"end":{"line":11,"column":12}},"11":{"start":{"line":12,"column":0},"end":{"line":12,"column":19}},"12":{"start":{"line":13,"column":0},"end":{"line":13,"column":24}},"13":{"start":{"line":14,"column":0},"end":{"line":14,"column":93}},"14":{"start":{"line":15,"column":0},"end":{"line":15,"column":63}},"15":{"start":{"line":16,"column":0},"end":{"line":16,"column":11}},"16":{"start":{"line":17,"column":0},"end":{"line":17,"column":9}},"17":{"start":{"line":18,"column":0},"end":{"line":18,"column":51}},"18":{"start":{"line":19,"column":0},"end":{"line":19,"column":9}},"19":{"start":{"line":20,"column":0},"end":{"line":20,"column":5}},"20":{"start":{"line":21,"column":0},"end":{"line":21,"column":2}}},"s":{"0":1,"9":1,"10":1,"11":1,"12":2,"13":2,"14":2,"15":2,"16":1,"17":1,"18":1,"19":1,"20":1},"branchMap":{"0":{"type":"branch","line":12,"loc":{"start":{"line":12,"column":8},"end":{"line":16,"column":11}},"locations":[{"start":{"line":12,"column":8},"end":{"line":16,"column":11}}]},"1":{"type":"branch","line":14,"loc":{"start":{"line":14,"column":25},"end":{"line":14,"column":93}},"locations":[{"start":{"line":14,"column":25},"end":{"line":14,"column":93}}]},"2":{"type":"branch","line":14,"loc":{"start":{"line":14,"column":41},"end":{"line":14,"column":91}},"locations":[{"start":{"line":14,"column":41},"end":{"line":14,"column":91}}]},"3":{"type":"branch","line":15,"loc":{"start":{"line":15,"column":25},"end":{"line":15,"column":63}},"locations":[{"start":{"line":15,"column":25},"end":{"line":15,"column":63}}]}},"b":{"0":[2],"1":[1],"2":[1],"3":[12]},"fnMap":{"0":{"name":"__vite_ssr_import_0__.create.__vite_ssr_import_1__.persist.name","decl":{"start":{"line":12,"column":8},"end":{"line":16,"column":11}},"loc":{"start":{"line":12,"column":8},"end":{"line":16,"column":11}},"line":12},"1":{"name":"addPrestige","decl":{"start":{"line":14,"column":25},"end":{"line":14,"column":93}},"loc":{"start":{"line":14,"column":25},"end":{"line":14,"column":93}},"line":14},"2":{"name":"setPrestige","decl":{"start":{"line":15,"column":25},"end":{"line":15,"column":63}},"loc":{"start":{"line":15,"column":25},"end":{"line":15,"column":63}},"line":15}},"f":{"0":2,"1":1,"2":12}}
,"D:\\Dev\\FootballFever\\src\\core\\store\\useFlowStore.ts": {"path":"D:\\Dev\\FootballFever\\src\\core\\store\\useFlowStore.ts","all":false,"statementMap":{"0":{"start":{"line":1,"column":0},"end":{"line":1,"column":33}},"11":{"start":{"line":12,"column":0},"end":{"line":12,"column":48}},"12":{"start":{"line":13,"column":0},"end":{"line":13,"column":12}},"13":{"start":{"line":14,"column":0},"end":{"line":14,"column":19}},"14":{"start":{"line":15,"column":0},"end":{"line":15,"column":41}},"15":{"start":{"line":16,"column":0},"end":{"line":16,"column":24}},"16":{"start":{"line":17,"column":0},"end":{"line":17,"column":79}},"17":{"start":{"line":18,"column":0},"end":{"line":18,"column":48}},"18":{"start":{"line":19,"column":0},"end":{"line":19,"column":11}},"19":{"start":{"line":20,"column":0},"end":{"line":20,"column":9}},"20":{"start":{"line":21,"column":0},"end":{"line":21,"column":48}},"21":{"start":{"line":22,"column":0},"end":{"line":22,"column":9}},"22":{"start":{"line":23,"column":0},"end":{"line":23,"column":5}},"23":{"start":{"line":24,"column":0},"end":{"line":24,"column":2}}},"s":{"0":1,"11":1,"12":1,"13":1,"14":3,"15":3,"16":3,"17":3,"18":3,"19":1,"20":1,"21":1,"22":1,"23":1},"branchMap":{"0":{"type":"branch","line":14,"loc":{"start":{"line":14,"column":8},"end":{"line":19,"column":11}},"locations":[{"start":{"line":14,"column":8},"end":{"line":19,"column":11}}]},"1":{"type":"branch","line":17,"loc":{"start":{"line":17,"column":26},"end":{"line":17,"column":79}},"locations":[{"start":{"line":17,"column":26},"end":{"line":17,"column":79}}]},"2":{"type":"branch","line":18,"loc":{"start":{"line":18,"column":22},"end":{"line":18,"column":48}},"locations":[{"start":{"line":18,"column":22},"end":{"line":18,"column":48}}]}},"b":{"0":[3],"1":[13],"2":[3]},"fnMap":{"0":{"name":"__vite_ssr_import_0__.create.__vite_ssr_import_1__.persist.name","decl":{"start":{"line":14,"column":8},"end":{"line":19,"column":11}},"loc":{"start":{"line":14,"column":8},"end":{"line":19,"column":11}},"line":14},"1":{"name":"setGameState","decl":{"start":{"line":17,"column":26},"end":{"line":17,"column":79}},"loc":{"start":{"line":17,"column":26},"end":{"line":17,"column":79}},"line":17},"2":{"name":"setError","decl":{"start":{"line":18,"column":22},"end":{"line":18,"column":48}},"loc":{"start":{"line":18,"column":22},"end":{"line":18,"column":48}},"line":18}},"f":{"0":3,"1":13,"2":3}}
,"D:\\Dev\\FootballFever\\src\\domains\\shared\\factories\\EntityFactory.ts": {"path":"D:\\Dev\\FootballFever\\src\\domains\\shared\\factories\\EntityFactory.ts","all":false,"statementMap":{"0":{"start":{"line":1,"column":0},"end":{"line":1,"column":69}},"10":{"start":{"line":11,"column":0},"end":{"line":11,"column":28}},"11":{"start":{"line":12,"column":0},"end":{"line":12,"column":19}},"12":{"start":{"line":13,"column":0},"end":{"line":13,"column":28}},"13":{"start":{"line":14,"column":0},"end":{"line":14,"column":21}},"14":{"start":{"line":15,"column":0},"end":{"line":15,"column":19}},"15":{"start":{"line":16,"column":0},"end":{"line":16,"column":12}},"16":{"start":{"line":17,"column":0},"end":{"line":17,"column":17}},"17":{"start":{"line":18,"column":0},"end":{"line":18,"column":21}},"18":{"start":{"line":19,"column":0},"end":{"line":19,"column":20}},"19":{"start":{"line":20,"column":0},"end":{"line":20,"column":22}},"20":{"start":{"line":21,"column":0},"end":{"line":21,"column":20}},"21":{"start":{"line":22,"column":0},"end":{"line":22,"column":20}},"22":{"start":{"line":23,"column":0},"end":{"line":23,"column":6}},"23":{"start":{"line":24,"column":0},"end":{"line":24,"column":13}},"24":{"start":{"line":25,"column":0},"end":{"line":25,"column":10}},"25":{"start":{"line":26,"column":0},"end":{"line":26,"column":11}},"26":{"start":{"line":27,"column":0},"end":{"line":27,"column":2}},"28":{"start":{"line":29,"column":0},"end":{"line":29,"column":28}},"29":{"start":{"line":30,"column":0},"end":{"line":30,"column":37}},"31":{"start":{"line":32,"column":0},"end":{"line":32,"column":77}},"32":{"start":{"line":33,"column":0},"end":{"line":33,"column":81}},"33":{"start":{"line":34,"column":0},"end":{"line":34,"column":38}},"34":{"start":{"line":35,"column":0},"end":{"line":35,"column":26}},"35":{"start":{"line":36,"column":0},"end":{"line":36,"column":25}},"36":{"start":{"line":37,"column":0},"end":{"line":37,"column":25}},"37":{"start":{"line":38,"column":0},"end":{"line":38,"column":20}},"38":{"start":{"line":39,"column":0},"end":{"line":39,"column":36}},"39":{"start":{"line":40,"column":0},"end":{"line":40,"column":34}},"40":{"start":{"line":41,"column":0},"end":{"line":41,"column":13}},"41":{"start":{"line":42,"column":0},"end":{"line":42,"column":10}},"43":{"start":{"line":44,"column":0},"end":{"line":44,"column":41}},"45":{"start":{"line":46,"column":0},"end":{"line":46,"column":48}},"46":{"start":{"line":47,"column":0},"end":{"line":47,"column":5}},"48":{"start":{"line":49,"column":0},"end":{"line":49,"column":41}},"49":{"start":{"line":50,"column":0},"end":{"line":50,"column":40}},"50":{"start":{"line":51,"column":0},"end":{"line":51,"column":5}},"51":{"start":{"line":52,"column":0},"end":{"line":52,"column":1}}},"s":{"0":1,"10":1,"11":1,"12":1,"13":1,"14":1,"15":1,"16":1,"17":1,"18":1,"19":1,"20":1,"21":1,"22":1,"23":1,"24":1,"25":1,"26":1,"28":1,"29":3,"31":3,"32":10,"33":10,"34":10,"35":10,"36":10,"37":10,"38":10,"39":10,"40":10,"41":10,"43":10,"45":10,"46":10,"48":3,"49":12,"50":12,"51":3},"branchMap":{"0":{"type":"branch","line":29,"loc":{"start":{"line":29,"column":27},"end":{"line":52,"column":1}},"locations":[{"start":{"line":29,"column":27},"end":{"line":52,"column":1}}]},"1":{"type":"branch","line":32,"loc":{"start":{"line":32,"column":18},"end":{"line":47,"column":5}},"locations":[{"start":{"line":32,"column":18},"end":{"line":47,"column":5}}]},"2":{"type":"branch","line":33,"loc":{"start":{"line":33,"column":35},"end":{"line":33,"column":81}},"locations":[{"start":{"line":33,"column":35},"end":{"line":33,"column":81}}]},"3":{"type":"branch","line":49,"loc":{"start":{"line":49,"column":18},"end":{"line":51,"column":5}},"locations":[{"start":{"line":49,"column":18},"end":{"line":51,"column":5}}]}},"b":{"0":[3],"1":[10],"2":[5],"3":[12]},"fnMap":{"0":{"name":"<static_initializer>","decl":{"start":{"line":29,"column":27},"end":{"line":52,"column":1}},"loc":{"start":{"line":29,"column":27},"end":{"line":52,"column":1}},"line":29},"1":{"name":"createPlayer","decl":{"start":{"line":32,"column":18},"end":{"line":47,"column":5}},"loc":{"start":{"line":32,"column":18},"end":{"line":47,"column":5}},"line":32},"2":{"name":"resetCounters","decl":{"start":{"line":49,"column":18},"end":{"line":51,"column":5}},"loc":{"start":{"line":49,"column":18},"end":{"line":51,"column":5}},"line":49}},"f":{"0":3,"1":10,"2":12}}
,"D:\\Dev\\FootballFever\\src\\domains\\shared\\schemas\\EntitySchemas.ts": {"path":"D:\\Dev\\FootballFever\\src\\domains\\shared\\schemas\\EntitySchemas.ts","all":false,"statementMap":{"0":{"start":{"line":1,"column":0},"end":{"line":1,"column":24}},"2":{"start":{"line":3,"column":0},"end":{"line":3,"column":76}},"3":{"start":{"line":4,"column":0},"end":{"line":4,"column":38}},"4":{"start":{"line":5,"column":0},"end":{"line":5,"column":9}},"5":{"start":{"line":6,"column":0},"end":{"line":6,"column":9}},"6":{"start":{"line":7,"column":0},"end":{"line":7,"column":9}},"7":{"start":{"line":8,"column":0},"end":{"line":8,"column":9}},"8":{"start":{"line":9,"column":0},"end":{"line":9,"column":10}},"9":{"start":{"line":10,"column":0},"end":{"line":10,"column":9}},"10":{"start":{"line":11,"column":0},"end":{"line":11,"column":10}},"11":{"start":{"line":12,"column":0},"end":{"line":12,"column":9}},"12":{"start":{"line":13,"column":0},"end":{"line":13,"column":9}},"13":{"start":{"line":14,"column":0},"end":{"line":14,"column":8}},"14":{"start":{"line":15,"column":0},"end":{"line":15,"column":3}},"16":{"start":{"line":17,"column":0},"end":{"line":17,"column":43}},"17":{"start":{"line":18,"column":0},"end":{"line":18,"column":37}},"18":{"start":{"line":19,"column":0},"end":{"line":19,"column":41}},"19":{"start":{"line":20,"column":0},"end":{"line":20,"column":40}},"20":{"start":{"line":21,"column":0},"end":{"line":21,"column":42}},"21":{"start":{"line":22,"column":0},"end":{"line":22,"column":40}},"22":{"start":{"line":23,"column":0},"end":{"line":23,"column":40}},"23":{"start":{"line":24,"column":0},"end":{"line":24,"column":12}},"25":{"start":{"line":26,"column":0},"end":{"line":26,"column":38}},"26":{"start":{"line":27,"column":0},"end":{"line":27,"column":26}},"27":{"start":{"line":28,"column":0},"end":{"line":28,"column":28}},"28":{"start":{"line":29,"column":0},"end":{"line":29,"column":25}},"29":{"start":{"line":30,"column":0},"end":{"line":30,"column":29}},"30":{"start":{"line":31,"column":0},"end":{"line":31,"column":29}},"31":{"start":{"line":32,"column":0},"end":{"line":32,"column":35}},"32":{"start":{"line":33,"column":0},"end":{"line":33,"column":32}},"33":{"start":{"line":34,"column":0},"end":{"line":34,"column":41}},"34":{"start":{"line":35,"column":0},"end":{"line":35,"column":12}},"36":{"start":{"line":37,"column":0},"end":{"line":37,"column":36}},"37":{"start":{"line":38,"column":0},"end":{"line":38,"column":26}},"38":{"start":{"line":39,"column":0},"end":{"line":39,"column":28}},"39":{"start":{"line":40,"column":0},"end":{"line":40,"column":71}},"40":{"start":{"line":41,"column":0},"end":{"line":41,"column":32}},"41":{"start":{"line":42,"column":0},"end":{"line":42,"column":12}},"43":{"start":{"line":44,"column":0},"end":{"line":44,"column":41}},"44":{"start":{"line":45,"column":0},"end":{"line":45,"column":26}},"45":{"start":{"line":46,"column":0},"end":{"line":46,"column":36}},"46":{"start":{"line":47,"column":0},"end":{"line":47,"column":38}},"47":{"start":{"line":48,"column":0},"end":{"line":48,"column":36}},"48":{"start":{"line":49,"column":0},"end":{"line":49,"column":12}}},"s":{"0":1,"2":1,"3":1,"4":1,"5":1,"6":1,"7":1,"8":1,"9":1,"10":1,"11":1,"12":1,"13":1,"14":1,"16":1,"17":1,"18":1,"19":1,"20":1,"21":1,"22":1,"23":1,"25":1,"26":1,"27":1,"28":1,"29":1,"30":1,"31":1,"32":1,"33":1,"34":1,"36":1,"37":1,"38":1,"39":1,"40":1,"41":1,"43":1,"44":1,"45":1,"46":1,"47":1,"48":1},"branchMap":{},"b":{},"fnMap":{},"f":{}}
}
